This file contains any messages produced by compilers while
running configure, to aid debugging if configure makes a mistake.

It was created by configure, which was
generated by GNU Autoconf 2.59.  Invocation command line was

  $ ./configure --host=mips-linux --prefix=/home/socsw_local/shnwind/rt63368_release/tclinux_phoenix/apps/public/siproxd-0.5.12/installDir --with-libosip-prefix=/home/socsw_local/shnwind/rt63368_release/tclinux_phoenix/apps/public/libosip2-2.0.4/installDir CC=mips-linux-uclibc-gcc -mips32r2 -msoft-float host_alias=mips-linux --no-create --no-recursion

## --------- ##
## Platform. ##
## --------- ##

hostname = sswlinux4
uname -m = x86_64
uname -r = 2.6.9-89.ELsmp
uname -s = Linux
uname -v = #1 SMP Mon Jun 22 12:31:33 EDT 2009

/usr/bin/uname -p = unknown
/bin/uname -X     = unknown

/bin/arch              = x86_64
/usr/bin/arch -k       = unknown
/usr/convex/getsysinfo = unknown
hostinfo               = unknown
/bin/machine           = unknown
/usr/bin/oslevel       = unknown
/bin/universe          = unknown

PATH: /opt/trendchip/mips-linux-uclibc/usr/bin
PATH: /usr/lib64/qt-3.3/bin
PATH: /usr/kerberos/bin
PATH: /usr/local/bin
PATH: /usr/java/jre1.6.0_27/bin
PATH: /opt/trendchip/mips-linux26/bin
PATH: /opt/CodeSourcery/mips-4.2/bin
PATH: /home/user/socsw/svn/toolchain/tools
PATH: /home/user/socsw/svn/toolchain/tools/trx
PATH: /usr/local/bin
PATH: /bin
PATH: /usr/bin
PATH: /usr/X11R6/bin


## ----------- ##
## Core tests. ##
## ----------- ##

configure:1357: checking build system type
configure:1375: result: x86_64-redhat-linux-gnu
configure:1383: checking host system type
configure:1397: result: mips-unknown-linux-gnu
configure:1405: checking target system type
configure:1419: result: mips-unknown-linux-gnu
configure:1449: checking for a BSD-compatible install
configure:1504: result: /usr/bin/install -c
configure:1515: checking whether build environment is sane
configure:1558: result: yes
configure:1591: checking for gawk
configure:1607: found /bin/gawk
configure:1617: result: gawk
configure:1627: checking whether make sets $(MAKE)
configure:1647: result: yes
configure:1726: checking for mips-linux-strip
configure:1752: result: mips-linux-uclibc-strip
configure:1817: checking for gawk
configure:1843: result: gawk
configure:1861: checking for mips-linux-gcc
configure:1887: result: mips-linux-uclibc-gcc -mips32r2 -msoft-float
configure:2169: checking for C compiler version
configure:2172: mips-linux-uclibc-gcc -mips32r2 -msoft-float --version </dev/null >&5
mips-linux-uclibc-gcc (GCC) 4.3.4
Copyright (C) 2008 Free Software Foundation, Inc.
This is free software; see the source for copying conditions.  There is NO
warranty; not even for MERCHANTABILITY or FITNESS FOR A PARTICULAR PURPOSE.

configure:2175: $? = 0
configure:2177: mips-linux-uclibc-gcc -mips32r2 -msoft-float -v </dev/null >&5
Using built-in specs.
Target: mips-linux-uclibc
Configured with: /home/socsw_local/lino/toolchain/tc3262/buildroot-2009.11/output/toolchain/gcc-4.3.4/configure --prefix=/usr --build=i386-pc-linux-gnu --host=i386-pc-linux-gnu --target=mips-linux-uclibc --enable-languages=c,c++ --with-sysroot=/opt/trendchip/mips-linux-uclibc --with-build-time-tools=/opt/trendchip/mips-linux-uclibc/usr/mips-linux-uclibc/bin --disable-__cxa_atexit --enable-target-optspace --with-gnu-ld --disable-libssp --enable-tls --enable-shared --with-gmp=/home/socsw_local/lino/toolchain/tc3262/buildroot-2009.11/output/toolchain/gmp --with-mpfr=/home/socsw_local/lino/toolchain/tc3262/buildroot-2009.11/output/toolchain/mpfr --disable-nls --enable-threads --disable-multilib --disable-decimal-float --with-float=soft --with-abi=32 --with-tune=mips32r2
Thread model: posix
gcc version 4.3.4 (GCC) 
configure:2180: $? = 0
configure:2182: mips-linux-uclibc-gcc -mips32r2 -msoft-float -V </dev/null >&5
mips-linux-uclibc-gcc: '-V' must come at the start of the command line
configure:2185: $? = 1
configure:2208: checking for C compiler default output file name
configure:2211: mips-linux-uclibc-gcc -mips32r2 -msoft-float    conftest.c  >&5
configure:2214: $? = 0
configure:2260: result: a.out
configure:2265: checking whether the C compiler works
configure:2271: ./a.out
./configure: line 2272: ./a.out: cannot execute binary file
configure:2274: $? = 126
configure:2291: result: yes
configure:2298: checking whether we are cross compiling
configure:2300: result: yes
configure:2303: checking for suffix of executables
configure:2305: mips-linux-uclibc-gcc -mips32r2 -msoft-float -o conftest    conftest.c  >&5
configure:2308: $? = 0
configure:2333: result: 
configure:2339: checking for suffix of object files
configure:2360: mips-linux-uclibc-gcc -mips32r2 -msoft-float -c   conftest.c >&5
configure:2363: $? = 0
configure:2385: result: o
configure:2389: checking whether we are using the GNU C compiler
configure:2413: mips-linux-uclibc-gcc -mips32r2 -msoft-float -c   conftest.c >&5
configure:2419: $? = 0
configure:2423: test -z 
			 || test ! -s conftest.err
configure:2426: $? = 0
configure:2429: test -s conftest.o
configure:2432: $? = 0
configure:2445: result: yes
configure:2451: checking whether mips-linux-uclibc-gcc -mips32r2 -msoft-float accepts -g
configure:2472: mips-linux-uclibc-gcc -mips32r2 -msoft-float -c -g  conftest.c >&5
configure:2478: $? = 0
configure:2482: test -z 
			 || test ! -s conftest.err
configure:2485: $? = 0
configure:2488: test -s conftest.o
configure:2491: $? = 0
configure:2502: result: yes
configure:2519: checking for mips-linux-uclibc-gcc -mips32r2 -msoft-float option to accept ANSI C
configure:2589: mips-linux-uclibc-gcc -mips32r2 -msoft-float  -c -g -O2  conftest.c >&5
configure:2595: $? = 0
configure:2599: test -z 
			 || test ! -s conftest.err
configure:2602: $? = 0
configure:2605: test -s conftest.o
configure:2608: $? = 0
configure:2626: result: none needed
configure:2644: mips-linux-uclibc-gcc -mips32r2 -msoft-float -c -g -O2  conftest.c >&5
conftest.c:2: error: expected '=', ',', ';', 'asm' or '__attribute__' before 'me'
configure:2650: $? = 1
configure: failed program was:
| #ifndef __cplusplus
|   choke me
| #endif
configure:2794: checking for style of include used by make
configure:2822: result: GNU
configure:2850: checking dependency style of mips-linux-uclibc-gcc -mips32r2 -msoft-float
configure:2933: result: gcc3
configure:2955: checking how to run the C preprocessor
configure:2990: mips-linux-uclibc-gcc -mips32r2 -msoft-float -E  conftest.c
configure:2996: $? = 0
configure:3028: mips-linux-uclibc-gcc -mips32r2 -msoft-float -E  conftest.c
conftest.c:11:28: error: ac_nonexistent.h: No such file or directory
configure:3034: $? = 1
configure: failed program was:
| /* confdefs.h.  */
| 
| #define PACKAGE_NAME ""
| #define PACKAGE_TARNAME ""
| #define PACKAGE_VERSION ""
| #define PACKAGE_STRING ""
| #define PACKAGE_BUGREPORT ""
| #define PACKAGE "siproxd"
| #define VERSION "0.5.12"
| /* end confdefs.h.  */
| #include <ac_nonexistent.h>
configure:3073: result: mips-linux-uclibc-gcc -mips32r2 -msoft-float -E
configure:3097: mips-linux-uclibc-gcc -mips32r2 -msoft-float -E  conftest.c
configure:3103: $? = 0
configure:3135: mips-linux-uclibc-gcc -mips32r2 -msoft-float -E  conftest.c
conftest.c:11:28: error: ac_nonexistent.h: No such file or directory
configure:3141: $? = 1
configure: failed program was:
| /* confdefs.h.  */
| 
| #define PACKAGE_NAME ""
| #define PACKAGE_TARNAME ""
| #define PACKAGE_VERSION ""
| #define PACKAGE_STRING ""
| #define PACKAGE_BUGREPORT ""
| #define PACKAGE "siproxd"
| #define VERSION "0.5.12"
| /* end confdefs.h.  */
| #include <ac_nonexistent.h>
configure:3187: checking for mips-linux-ranlib
configure:3203: found /opt/trendchip/mips-linux-uclibc/usr/bin/mips-linux-ranlib
configure:3213: result: mips-linux-ranlib
configure:3277: checking for a BSD-compatible install
configure:3332: result: /usr/bin/install -c
configure:3343: checking whether ln -s works
configure:3347: result: yes
configure:3356: checking for docbook2pdf
configure:3372: found /usr/bin/docbook2pdf
configure:3382: result: yes
configure:3401: checking for docbook2html
configure:3417: found /usr/bin/docbook2html
configure:3427: result: yes
configure:3452: checking "extra includes"
configure:3454: result: 
configure:3464: checking "extra libs"
configure:3466: result: 
configure:3478: checking build statically linked  executable
configure:3487: result: no
configure:3492: checking building with DMALLOC support
configure:3501: result: no
configure:3511: checking target platform
configure:3515: result: Linux
configure:3701: checking whether build for FLI4L 2.0.x libc5 
configure:3708: result: no
configure:3711: checking whether build for FLI4L 2.1.x uClibc
configure:3718: result: no
configure:3721: checking whether build for FLI4L 2.2.x uClibc
configure:3728: result: no
configure:3890: checking for the pthreads library -lpthreads
configure:3928: mips-linux-uclibc-gcc -mips32r2 -msoft-float -o conftest -g -O2    conftest.c -lpthreads  >&5
/home/user/socsw/svn/toolchain/trendchip/mips-linux-uclibc/usr/bin/../lib/gcc/mips-linux-uclibc/4.3.4/../../../../mips-linux-uclibc/bin/ld: cannot find -lpthreads
collect2: ld returned 1 exit status
configure:3934: $? = 1
configure: failed program was:
| /* confdefs.h.  */
| 
| #define PACKAGE_NAME ""
| #define PACKAGE_TARNAME ""
| #define PACKAGE_VERSION ""
| #define PACKAGE_STRING ""
| #define PACKAGE_BUGREPORT ""
| #define PACKAGE "siproxd"
| #define VERSION "0.5.12"
| #define UNAME "mips-unknown-linux-gnu"
| #define _LINUX
| /* end confdefs.h.  */
| #include <pthread.h>
| int
| main ()
| {
| pthread_t th; pthread_join(th, 0);
|                      pthread_attr_init(0); pthread_cleanup_push(0, 0);
|                      pthread_create(0,0,0,0); pthread_cleanup_pop(0);
|   ;
|   return 0;
| }
configure:3961: result: no
configure:3879: checking whether pthreads work without any flags
configure:3928: mips-linux-uclibc-gcc -mips32r2 -msoft-float -o conftest -g -O2    conftest.c   >&5
/tmp/ccW5fbCu.o: In function `main':
/home/socsw_local/shnwind/rt63368_release/tclinux_phoenix/apps/public/siproxd-0.5.12/conftest.c:17: undefined reference to `pthread_join'
/home/socsw_local/shnwind/rt63368_release/tclinux_phoenix/apps/public/siproxd-0.5.12/conftest.c:19: undefined reference to `pthread_create'
collect2: ld returned 1 exit status
configure:3934: $? = 1
configure: failed program was:
| /* confdefs.h.  */
| 
| #define PACKAGE_NAME ""
| #define PACKAGE_TARNAME ""
| #define PACKAGE_VERSION ""
| #define PACKAGE_STRING ""
| #define PACKAGE_BUGREPORT ""
| #define PACKAGE "siproxd"
| #define VERSION "0.5.12"
| #define UNAME "mips-unknown-linux-gnu"
| #define _LINUX
| /* end confdefs.h.  */
| #include <pthread.h>
| int
| main ()
| {
| pthread_t th; pthread_join(th, 0);
|                      pthread_attr_init(0); pthread_cleanup_push(0, 0);
|                      pthread_create(0,0,0,0); pthread_cleanup_pop(0);
|   ;
|   return 0;
| }
configure:3961: result: no
configure:3884: checking whether pthreads work with -Kthread
configure:3928: mips-linux-uclibc-gcc -mips32r2 -msoft-float -o conftest -g -O2 -Kthread   conftest.c   >&5
mips-linux-uclibc-gcc: unrecognized option '-Kthread'
/tmp/ccwL1dsC.o: In function `main':
/home/socsw_local/shnwind/rt63368_release/tclinux_phoenix/apps/public/siproxd-0.5.12/conftest.c:17: undefined reference to `pthread_join'
/home/socsw_local/shnwind/rt63368_release/tclinux_phoenix/apps/public/siproxd-0.5.12/conftest.c:19: undefined reference to `pthread_create'
collect2: ld returned 1 exit status
configure:3934: $? = 1
configure: failed program was:
| /* confdefs.h.  */
| 
| #define PACKAGE_NAME ""
| #define PACKAGE_TARNAME ""
| #define PACKAGE_VERSION ""
| #define PACKAGE_STRING ""
| #define PACKAGE_BUGREPORT ""
| #define PACKAGE "siproxd"
| #define VERSION "0.5.12"
| #define UNAME "mips-unknown-linux-gnu"
| #define _LINUX
| /* end confdefs.h.  */
| #include <pthread.h>
| int
| main ()
| {
| pthread_t th; pthread_join(th, 0);
|                      pthread_attr_init(0); pthread_cleanup_push(0, 0);
|                      pthread_create(0,0,0,0); pthread_cleanup_pop(0);
|   ;
|   return 0;
| }
configure:3961: result: no
configure:3884: checking whether pthreads work with -kthread
configure:3928: mips-linux-uclibc-gcc -mips32r2 -msoft-float -o conftest -g -O2 -kthread   conftest.c   >&5
mips-linux-uclibc-gcc: unrecognized option '-kthread'
/tmp/ccYUovdN.o: In function `main':
/home/socsw_local/shnwind/rt63368_release/tclinux_phoenix/apps/public/siproxd-0.5.12/conftest.c:17: undefined reference to `pthread_join'
/home/socsw_local/shnwind/rt63368_release/tclinux_phoenix/apps/public/siproxd-0.5.12/conftest.c:19: undefined reference to `pthread_create'
collect2: ld returned 1 exit status
configure:3934: $? = 1
configure: failed program was:
| /* confdefs.h.  */
| 
| #define PACKAGE_NAME ""
| #define PACKAGE_TARNAME ""
| #define PACKAGE_VERSION ""
| #define PACKAGE_STRING ""
| #define PACKAGE_BUGREPORT ""
| #define PACKAGE "siproxd"
| #define VERSION "0.5.12"
| #define UNAME "mips-unknown-linux-gnu"
| #define _LINUX
| /* end confdefs.h.  */
| #include <pthread.h>
| int
| main ()
| {
| pthread_t th; pthread_join(th, 0);
|                      pthread_attr_init(0); pthread_cleanup_push(0, 0);
|                      pthread_create(0,0,0,0); pthread_cleanup_pop(0);
|   ;
|   return 0;
| }
configure:3961: result: no
configure:3890: checking for the pthreads library -llthread
configure:3928: mips-linux-uclibc-gcc -mips32r2 -msoft-float -o conftest -g -O2    conftest.c -llthread  >&5
/home/user/socsw/svn/toolchain/trendchip/mips-linux-uclibc/usr/bin/../lib/gcc/mips-linux-uclibc/4.3.4/../../../../mips-linux-uclibc/bin/ld: cannot find -llthread
collect2: ld returned 1 exit status
configure:3934: $? = 1
configure: failed program was:
| /* confdefs.h.  */
| 
| #define PACKAGE_NAME ""
| #define PACKAGE_TARNAME ""
| #define PACKAGE_VERSION ""
| #define PACKAGE_STRING ""
| #define PACKAGE_BUGREPORT ""
| #define PACKAGE "siproxd"
| #define VERSION "0.5.12"
| #define UNAME "mips-unknown-linux-gnu"
| #define _LINUX
| /* end confdefs.h.  */
| #include <pthread.h>
| int
| main ()
| {
| pthread_t th; pthread_join(th, 0);
|                      pthread_attr_init(0); pthread_cleanup_push(0, 0);
|                      pthread_create(0,0,0,0); pthread_cleanup_pop(0);
|   ;
|   return 0;
| }
configure:3961: result: no
configure:3884: checking whether pthreads work with -pthread
configure:3928: mips-linux-uclibc-gcc -mips32r2 -msoft-float -o conftest -g -O2 -pthread   conftest.c   >&5
configure:3934: $? = 0
configure:3938: test -z 
			 || test ! -s conftest.err
configure:3941: $? = 0
configure:3944: test -s conftest
configure:3947: $? = 0
configure:3961: result: yes
configure:3981: checking for joinable pthread attribute
configure:3999: mips-linux-uclibc-gcc -mips32r2 -msoft-float -o conftest -g -O2 -pthread   conftest.c   >&5
configure:4005: $? = 0
configure:4009: test -z 
			 || test ! -s conftest.err
configure:4012: $? = 0
configure:4015: test -s conftest
configure:4018: $? = 0
configure:4084: result: PTHREAD_CREATE_JOINABLE
configure:4091: checking if more special flags are required for pthreads
configure:4098: result: no
configure:4110: checking for cc_r
configure:4137: result: mips-linux-uclibc-gcc -mips32r2 -msoft-float
configure:4198: checking "libosip prefix"
configure:4200: result: /home/socsw_local/shnwind/rt63368_release/tclinux_phoenix/apps/public/libosip2-2.0.4/installDir
configure:4211: checking for osip_init in -losip2
configure:4241: mips-linux-uclibc-gcc -mips32r2 -msoft-float -o conftest -g -O2 -pthread -D_POSIX_THREAD_SAFE_FUNCTIONS  -I/home/socsw_local/shnwind/rt63368_release/tclinux_phoenix/apps/public/libosip2-2.0.4/installDir/include  conftest.c -losip2 -losipparser2 -L/home/socsw_local/shnwind/rt63368_release/tclinux_phoenix/apps/public/libosip2-2.0.4/installDir/lib   >&5
configure:4247: $? = 0
configure:4251: test -z 
			 || test ! -s conftest.err
configure:4254: $? = 0
configure:4257: test -s conftest
configure:4260: $? = 0
configure:4273: result: yes
configure:4288: checking for parser_init in -losipparser2
configure:4318: mips-linux-uclibc-gcc -mips32r2 -msoft-float -o conftest -g -O2 -pthread -D_POSIX_THREAD_SAFE_FUNCTIONS  -I/home/socsw_local/shnwind/rt63368_release/tclinux_phoenix/apps/public/libosip2-2.0.4/installDir/include  conftest.c -losipparser2  -losip2 -L/home/socsw_local/shnwind/rt63368_release/tclinux_phoenix/apps/public/libosip2-2.0.4/installDir/lib   >&5
configure:4324: $? = 0
configure:4328: test -z 
			 || test ! -s conftest.err
configure:4331: $? = 0
configure:4334: test -s conftest
configure:4337: $? = 0
configure:4350: result: yes
configure:4390: checking for osip_message_parse
configure:4447: mips-linux-uclibc-gcc -mips32r2 -msoft-float -o conftest -g -O2 -pthread -D_POSIX_THREAD_SAFE_FUNCTIONS  -I/home/socsw_local/shnwind/rt63368_release/tclinux_phoenix/apps/public/libosip2-2.0.4/installDir/include  conftest.c -losipparser2 -losip2 -L/home/socsw_local/shnwind/rt63368_release/tclinux_phoenix/apps/public/libosip2-2.0.4/installDir/lib   >&5
configure:4453: $? = 0
configure:4457: test -z 
			 || test ! -s conftest.err
configure:4460: $? = 0
configure:4463: test -s conftest
configure:4466: $? = 0
configure:4478: result: yes
configure:4482: checking how many arguments takes osip_message_parse
configure:4502: mips-linux-uclibc-gcc -mips32r2 -msoft-float -c -g -O2 -pthread -D_POSIX_THREAD_SAFE_FUNCTIONS  -I/home/socsw_local/shnwind/rt63368_release/tclinux_phoenix/apps/public/libosip2-2.0.4/installDir/include conftest.c >&5
conftest.c: In function 'main':
conftest.c:21: error: too many arguments to function 'osip_message_parse'
configure:4508: $? = 1
configure: failed program was:
| /* confdefs.h.  */
| 
| #define PACKAGE_NAME ""
| #define PACKAGE_TARNAME ""
| #define PACKAGE_VERSION ""
| #define PACKAGE_STRING ""
| #define PACKAGE_BUGREPORT ""
| #define PACKAGE "siproxd"
| #define VERSION "0.5.12"
| #define UNAME "mips-unknown-linux-gnu"
| #define _LINUX
| #define HAVE_PTHREAD 1
| #define HAVE_LIBOSIP2 1
| #define HAVE_LIBOSIPPARSER2 1
| /* end confdefs.h.  */
| #include <osipparser2/osip_parser.h>
| int
| main ()
| {
| 
|         int sts;sts=osip_message_parse ( NULL, NULL, 0);
| 
|   ;
|   return 0;
| }
configure:4541: result: two
configure:4544: checking for osip_message_to_str
configure:4601: mips-linux-uclibc-gcc -mips32r2 -msoft-float -o conftest -g -O2 -pthread -D_POSIX_THREAD_SAFE_FUNCTIONS  -I/home/socsw_local/shnwind/rt63368_release/tclinux_phoenix/apps/public/libosip2-2.0.4/installDir/include  conftest.c -losipparser2 -losip2 -L/home/socsw_local/shnwind/rt63368_release/tclinux_phoenix/apps/public/libosip2-2.0.4/installDir/lib   >&5
configure:4607: $? = 0
configure:4611: test -z 
			 || test ! -s conftest.err
configure:4614: $? = 0
configure:4617: test -s conftest
configure:4620: $? = 0
configure:4632: result: yes
configure:4636: checking how many arguments takes osip_message_to_str
configure:4656: mips-linux-uclibc-gcc -mips32r2 -msoft-float -c -g -O2 -pthread -D_POSIX_THREAD_SAFE_FUNCTIONS  -I/home/socsw_local/shnwind/rt63368_release/tclinux_phoenix/apps/public/libosip2-2.0.4/installDir/include conftest.c >&5
conftest.c: In function 'main':
conftest.c:21: error: too many arguments to function 'osip_message_to_str'
configure:4662: $? = 1
configure: failed program was:
| /* confdefs.h.  */
| 
| #define PACKAGE_NAME ""
| #define PACKAGE_TARNAME ""
| #define PACKAGE_VERSION ""
| #define PACKAGE_STRING ""
| #define PACKAGE_BUGREPORT ""
| #define PACKAGE "siproxd"
| #define VERSION "0.5.12"
| #define UNAME "mips-unknown-linux-gnu"
| #define _LINUX
| #define HAVE_PTHREAD 1
| #define HAVE_LIBOSIP2 1
| #define HAVE_LIBOSIPPARSER2 1
| /* end confdefs.h.  */
| #include <osipparser2/osip_parser.h>
| int
| main ()
| {
| 
|         int sts;sts=osip_message_to_str( NULL, NULL, NULL);
| 
|   ;
|   return 0;
| }
configure:4695: result: two
configure:4699: checking for osip_body_to_str
configure:4756: mips-linux-uclibc-gcc -mips32r2 -msoft-float -o conftest -g -O2 -pthread -D_POSIX_THREAD_SAFE_FUNCTIONS  -I/home/socsw_local/shnwind/rt63368_release/tclinux_phoenix/apps/public/libosip2-2.0.4/installDir/include  conftest.c -losipparser2 -losip2 -L/home/socsw_local/shnwind/rt63368_release/tclinux_phoenix/apps/public/libosip2-2.0.4/installDir/lib   >&5
configure:4762: $? = 0
configure:4766: test -z 
			 || test ! -s conftest.err
configure:4769: $? = 0
configure:4772: test -s conftest
configure:4775: $? = 0
configure:4787: result: yes
configure:4791: checking how many arguments takes osip_body_to_str
configure:4811: mips-linux-uclibc-gcc -mips32r2 -msoft-float -c -g -O2 -pthread -D_POSIX_THREAD_SAFE_FUNCTIONS  -I/home/socsw_local/shnwind/rt63368_release/tclinux_phoenix/apps/public/libosip2-2.0.4/installDir/include conftest.c >&5
conftest.c: In function 'main':
conftest.c:21: error: too many arguments to function 'osip_body_to_str'
configure:4817: $? = 1
configure: failed program was:
| /* confdefs.h.  */
| 
| #define PACKAGE_NAME ""
| #define PACKAGE_TARNAME ""
| #define PACKAGE_VERSION ""
| #define PACKAGE_STRING ""
| #define PACKAGE_BUGREPORT ""
| #define PACKAGE "siproxd"
| #define VERSION "0.5.12"
| #define UNAME "mips-unknown-linux-gnu"
| #define _LINUX
| #define HAVE_PTHREAD 1
| #define HAVE_LIBOSIP2 1
| #define HAVE_LIBOSIPPARSER2 1
| /* end confdefs.h.  */
| #include <osipparser2/osip_parser.h>
| int
| main ()
| {
| 
|         int sts;sts=osip_body_to_str( NULL, NULL, NULL);
| 
|   ;
|   return 0;
| }
configure:4850: result: two
configure:4853: checking for osip_message_set_body
configure:4910: mips-linux-uclibc-gcc -mips32r2 -msoft-float -o conftest -g -O2 -pthread -D_POSIX_THREAD_SAFE_FUNCTIONS  -I/home/socsw_local/shnwind/rt63368_release/tclinux_phoenix/apps/public/libosip2-2.0.4/installDir/include  conftest.c -losipparser2 -losip2 -L/home/socsw_local/shnwind/rt63368_release/tclinux_phoenix/apps/public/libosip2-2.0.4/installDir/lib   >&5
configure:4916: $? = 0
configure:4920: test -z 
			 || test ! -s conftest.err
configure:4923: $? = 0
configure:4926: test -s conftest
configure:4929: $? = 0
configure:4941: result: yes
configure:4945: checking how many arguments takes osip_message_set_body
configure:4965: mips-linux-uclibc-gcc -mips32r2 -msoft-float -c -g -O2 -pthread -D_POSIX_THREAD_SAFE_FUNCTIONS  -I/home/socsw_local/shnwind/rt63368_release/tclinux_phoenix/apps/public/libosip2-2.0.4/installDir/include conftest.c >&5
conftest.c: In function 'main':
conftest.c:21: error: too many arguments to function 'osip_message_set_body'
configure:4971: $? = 1
configure: failed program was:
| /* confdefs.h.  */
| 
| #define PACKAGE_NAME ""
| #define PACKAGE_TARNAME ""
| #define PACKAGE_VERSION ""
| #define PACKAGE_STRING ""
| #define PACKAGE_BUGREPORT ""
| #define PACKAGE "siproxd"
| #define VERSION "0.5.12"
| #define UNAME "mips-unknown-linux-gnu"
| #define _LINUX
| #define HAVE_PTHREAD 1
| #define HAVE_LIBOSIP2 1
| #define HAVE_LIBOSIPPARSER2 1
| /* end confdefs.h.  */
| #include <osipparser2/osip_parser.h>
| int
| main ()
| {
| 
|         int sts;sts=osip_message_set_body( NULL, NULL, NULL);
| 
|   ;
|   return 0;
| }
configure:5004: result: two
configure:5010: checking building with a custom FW module
configure:5025: result: no
configure:5031: checking for egrep
configure:5041: result: grep -E
configure:5046: checking for ANSI C header files
configure:5071: mips-linux-uclibc-gcc -mips32r2 -msoft-float -c -g -O2 -pthread -D_POSIX_THREAD_SAFE_FUNCTIONS  -I/home/socsw_local/shnwind/rt63368_release/tclinux_phoenix/apps/public/libosip2-2.0.4/installDir/include conftest.c >&5
configure:5077: $? = 0
configure:5081: test -z 
			 || test ! -s conftest.err
configure:5084: $? = 0
configure:5087: test -s conftest.o
configure:5090: $? = 0
configure:5202: result: yes
configure:5226: checking for sys/types.h
configure:5242: mips-linux-uclibc-gcc -mips32r2 -msoft-float -c -g -O2 -pthread -D_POSIX_THREAD_SAFE_FUNCTIONS  -I/home/socsw_local/shnwind/rt63368_release/tclinux_phoenix/apps/public/libosip2-2.0.4/installDir/include conftest.c >&5
configure:5248: $? = 0
configure:5252: test -z 
			 || test ! -s conftest.err
configure:5255: $? = 0
configure:5258: test -s conftest.o
configure:5261: $? = 0
configure:5272: result: yes
configure:5226: checking for sys/stat.h
configure:5242: mips-linux-uclibc-gcc -mips32r2 -msoft-float -c -g -O2 -pthread -D_POSIX_THREAD_SAFE_FUNCTIONS  -I/home/socsw_local/shnwind/rt63368_release/tclinux_phoenix/apps/public/libosip2-2.0.4/installDir/include conftest.c >&5
configure:5248: $? = 0
configure:5252: test -z 
			 || test ! -s conftest.err
configure:5255: $? = 0
configure:5258: test -s conftest.o
configure:5261: $? = 0
configure:5272: result: yes
configure:5226: checking for stdlib.h
configure:5242: mips-linux-uclibc-gcc -mips32r2 -msoft-float -c -g -O2 -pthread -D_POSIX_THREAD_SAFE_FUNCTIONS  -I/home/socsw_local/shnwind/rt63368_release/tclinux_phoenix/apps/public/libosip2-2.0.4/installDir/include conftest.c >&5
configure:5248: $? = 0
configure:5252: test -z 
			 || test ! -s conftest.err
configure:5255: $? = 0
configure:5258: test -s conftest.o
configure:5261: $? = 0
configure:5272: result: yes
configure:5226: checking for string.h
configure:5242: mips-linux-uclibc-gcc -mips32r2 -msoft-float -c -g -O2 -pthread -D_POSIX_THREAD_SAFE_FUNCTIONS  -I/home/socsw_local/shnwind/rt63368_release/tclinux_phoenix/apps/public/libosip2-2.0.4/installDir/include conftest.c >&5
configure:5248: $? = 0
configure:5252: test -z 
			 || test ! -s conftest.err
configure:5255: $? = 0
configure:5258: test -s conftest.o
configure:5261: $? = 0
configure:5272: result: yes
configure:5226: checking for memory.h
configure:5242: mips-linux-uclibc-gcc -mips32r2 -msoft-float -c -g -O2 -pthread -D_POSIX_THREAD_SAFE_FUNCTIONS  -I/home/socsw_local/shnwind/rt63368_release/tclinux_phoenix/apps/public/libosip2-2.0.4/installDir/include conftest.c >&5
configure:5248: $? = 0
configure:5252: test -z 
			 || test ! -s conftest.err
configure:5255: $? = 0
configure:5258: test -s conftest.o
configure:5261: $? = 0
configure:5272: result: yes
configure:5226: checking for strings.h
configure:5242: mips-linux-uclibc-gcc -mips32r2 -msoft-float -c -g -O2 -pthread -D_POSIX_THREAD_SAFE_FUNCTIONS  -I/home/socsw_local/shnwind/rt63368_release/tclinux_phoenix/apps/public/libosip2-2.0.4/installDir/include conftest.c >&5
configure:5248: $? = 0
configure:5252: test -z 
			 || test ! -s conftest.err
configure:5255: $? = 0
configure:5258: test -s conftest.o
configure:5261: $? = 0
configure:5272: result: yes
configure:5226: checking for inttypes.h
configure:5242: mips-linux-uclibc-gcc -mips32r2 -msoft-float -c -g -O2 -pthread -D_POSIX_THREAD_SAFE_FUNCTIONS  -I/home/socsw_local/shnwind/rt63368_release/tclinux_phoenix/apps/public/libosip2-2.0.4/installDir/include conftest.c >&5
configure:5248: $? = 0
configure:5252: test -z 
			 || test ! -s conftest.err
configure:5255: $? = 0
configure:5258: test -s conftest.o
configure:5261: $? = 0
configure:5272: result: yes
configure:5226: checking for stdint.h
configure:5242: mips-linux-uclibc-gcc -mips32r2 -msoft-float -c -g -O2 -pthread -D_POSIX_THREAD_SAFE_FUNCTIONS  -I/home/socsw_local/shnwind/rt63368_release/tclinux_phoenix/apps/public/libosip2-2.0.4/installDir/include conftest.c >&5
configure:5248: $? = 0
configure:5252: test -z 
			 || test ! -s conftest.err
configure:5255: $? = 0
configure:5258: test -s conftest.o
configure:5261: $? = 0
configure:5272: result: yes
configure:5226: checking for unistd.h
configure:5242: mips-linux-uclibc-gcc -mips32r2 -msoft-float -c -g -O2 -pthread -D_POSIX_THREAD_SAFE_FUNCTIONS  -I/home/socsw_local/shnwind/rt63368_release/tclinux_phoenix/apps/public/libosip2-2.0.4/installDir/include conftest.c >&5
configure:5248: $? = 0
configure:5252: test -z 
			 || test ! -s conftest.err
configure:5255: $? = 0
configure:5258: test -s conftest.o
configure:5261: $? = 0
configure:5272: result: yes
configure:5299: checking sys/time.h usability
configure:5311: mips-linux-uclibc-gcc -mips32r2 -msoft-float -c -g -O2 -pthread -D_POSIX_THREAD_SAFE_FUNCTIONS  -I/home/socsw_local/shnwind/rt63368_release/tclinux_phoenix/apps/public/libosip2-2.0.4/installDir/include conftest.c >&5
configure:5317: $? = 0
configure:5321: test -z 
			 || test ! -s conftest.err
configure:5324: $? = 0
configure:5327: test -s conftest.o
configure:5330: $? = 0
configure:5340: result: yes
configure:5344: checking sys/time.h presence
configure:5354: mips-linux-uclibc-gcc -mips32r2 -msoft-float -E  -I/home/socsw_local/shnwind/rt63368_release/tclinux_phoenix/apps/public/libosip2-2.0.4/installDir/include conftest.c
configure:5360: $? = 0
configure:5380: result: yes
configure:5415: checking for sys/time.h
configure:5422: result: yes
configure:5299: checking errno.h usability
configure:5311: mips-linux-uclibc-gcc -mips32r2 -msoft-float -c -g -O2 -pthread -D_POSIX_THREAD_SAFE_FUNCTIONS  -I/home/socsw_local/shnwind/rt63368_release/tclinux_phoenix/apps/public/libosip2-2.0.4/installDir/include conftest.c >&5
configure:5317: $? = 0
configure:5321: test -z 
			 || test ! -s conftest.err
configure:5324: $? = 0
configure:5327: test -s conftest.o
configure:5330: $? = 0
configure:5340: result: yes
configure:5344: checking errno.h presence
configure:5354: mips-linux-uclibc-gcc -mips32r2 -msoft-float -E  -I/home/socsw_local/shnwind/rt63368_release/tclinux_phoenix/apps/public/libosip2-2.0.4/installDir/include conftest.c
configure:5360: $? = 0
configure:5380: result: yes
configure:5415: checking for errno.h
configure:5422: result: yes
configure:5450: checking stdarg.h usability
configure:5462: mips-linux-uclibc-gcc -mips32r2 -msoft-float -c -g -O2 -pthread -D_POSIX_THREAD_SAFE_FUNCTIONS  -I/home/socsw_local/shnwind/rt63368_release/tclinux_phoenix/apps/public/libosip2-2.0.4/installDir/include conftest.c >&5
configure:5468: $? = 0
configure:5472: test -z 
			 || test ! -s conftest.err
configure:5475: $? = 0
configure:5478: test -s conftest.o
configure:5481: $? = 0
configure:5491: result: yes
configure:5495: checking stdarg.h presence
configure:5505: mips-linux-uclibc-gcc -mips32r2 -msoft-float -E  -I/home/socsw_local/shnwind/rt63368_release/tclinux_phoenix/apps/public/libosip2-2.0.4/installDir/include conftest.c
configure:5511: $? = 0
configure:5531: result: yes
configure:5566: checking for stdarg.h
configure:5573: result: yes
configure:5450: checking varargs.h usability
configure:5462: mips-linux-uclibc-gcc -mips32r2 -msoft-float -c -g -O2 -pthread -D_POSIX_THREAD_SAFE_FUNCTIONS  -I/home/socsw_local/shnwind/rt63368_release/tclinux_phoenix/apps/public/libosip2-2.0.4/installDir/include conftest.c >&5
In file included from conftest.c:63:
/home/user/socsw/svn/toolchain/trendchip/mips-linux-uclibc/usr/bin/../lib/gcc/mips-linux-uclibc/4.3.4/include/varargs.h:4:2: error: #error "GCC no longer implements <varargs.h>."
/home/user/socsw/svn/toolchain/trendchip/mips-linux-uclibc/usr/bin/../lib/gcc/mips-linux-uclibc/4.3.4/include/varargs.h:5:2: error: #error "Revise your code to use <stdarg.h>."
configure:5468: $? = 1
configure: failed program was:
| /* confdefs.h.  */
| 
| #define PACKAGE_NAME ""
| #define PACKAGE_TARNAME ""
| #define PACKAGE_VERSION ""
| #define PACKAGE_STRING ""
| #define PACKAGE_BUGREPORT ""
| #define PACKAGE "siproxd"
| #define VERSION "0.5.12"
| #define UNAME "mips-unknown-linux-gnu"
| #define _LINUX
| #define HAVE_PTHREAD 1
| #define HAVE_LIBOSIP2 1
| #define HAVE_LIBOSIPPARSER2 1
| #define STDC_HEADERS 1
| #define HAVE_SYS_TYPES_H 1
| #define HAVE_SYS_STAT_H 1
| #define HAVE_STDLIB_H 1
| #define HAVE_STRING_H 1
| #define HAVE_MEMORY_H 1
| #define HAVE_STRINGS_H 1
| #define HAVE_INTTYPES_H 1
| #define HAVE_STDINT_H 1
| #define HAVE_UNISTD_H 1
| #define HAVE_SYS_TIME_H 1
| #define HAVE_ERRNO_H 1
| #define HAVE_STDARG_H 1
| /* end confdefs.h.  */
| #include <stdio.h>
| #if HAVE_SYS_TYPES_H
| # include <sys/types.h>
| #endif
| #if HAVE_SYS_STAT_H
| # include <sys/stat.h>
| #endif
| #if STDC_HEADERS
| # include <stdlib.h>
| # include <stddef.h>
| #else
| # if HAVE_STDLIB_H
| #  include <stdlib.h>
| # endif
| #endif
| #if HAVE_STRING_H
| # if !STDC_HEADERS && HAVE_MEMORY_H
| #  include <memory.h>
| # endif
| # include <string.h>
| #endif
| #if HAVE_STRINGS_H
| # include <strings.h>
| #endif
| #if HAVE_INTTYPES_H
| # include <inttypes.h>
| #else
| # if HAVE_STDINT_H
| #  include <stdint.h>
| # endif
| #endif
| #if HAVE_UNISTD_H
| # include <unistd.h>
| #endif
| #include <varargs.h>
configure:5491: result: no
configure:5495: checking varargs.h presence
configure:5505: mips-linux-uclibc-gcc -mips32r2 -msoft-float -E  -I/home/socsw_local/shnwind/rt63368_release/tclinux_phoenix/apps/public/libosip2-2.0.4/installDir/include conftest.c
In file included from conftest.c:29:
/home/user/socsw/svn/toolchain/trendchip/mips-linux-uclibc/usr/bin/../lib/gcc/mips-linux-uclibc/4.3.4/include/varargs.h:4:2: error: #error "GCC no longer implements <varargs.h>."
/home/user/socsw/svn/toolchain/trendchip/mips-linux-uclibc/usr/bin/../lib/gcc/mips-linux-uclibc/4.3.4/include/varargs.h:5:2: error: #error "Revise your code to use <stdarg.h>."
configure:5511: $? = 1
configure: failed program was:
| /* confdefs.h.  */
| 
| #define PACKAGE_NAME ""
| #define PACKAGE_TARNAME ""
| #define PACKAGE_VERSION ""
| #define PACKAGE_STRING ""
| #define PACKAGE_BUGREPORT ""
| #define PACKAGE "siproxd"
| #define VERSION "0.5.12"
| #define UNAME "mips-unknown-linux-gnu"
| #define _LINUX
| #define HAVE_PTHREAD 1
| #define HAVE_LIBOSIP2 1
| #define HAVE_LIBOSIPPARSER2 1
| #define STDC_HEADERS 1
| #define HAVE_SYS_TYPES_H 1
| #define HAVE_SYS_STAT_H 1
| #define HAVE_STDLIB_H 1
| #define HAVE_STRING_H 1
| #define HAVE_MEMORY_H 1
| #define HAVE_STRINGS_H 1
| #define HAVE_INTTYPES_H 1
| #define HAVE_STDINT_H 1
| #define HAVE_UNISTD_H 1
| #define HAVE_SYS_TIME_H 1
| #define HAVE_ERRNO_H 1
| #define HAVE_STDARG_H 1
| /* end confdefs.h.  */
| #include <varargs.h>
configure:5531: result: no
configure:5566: checking for varargs.h
configure:5573: result: no
configure:5603: checking pwd.h usability
configure:5615: mips-linux-uclibc-gcc -mips32r2 -msoft-float -c -g -O2 -pthread -D_POSIX_THREAD_SAFE_FUNCTIONS  -I/home/socsw_local/shnwind/rt63368_release/tclinux_phoenix/apps/public/libosip2-2.0.4/installDir/include conftest.c >&5
configure:5621: $? = 0
configure:5625: test -z 
			 || test ! -s conftest.err
configure:5628: $? = 0
configure:5631: test -s conftest.o
configure:5634: $? = 0
configure:5644: result: yes
configure:5648: checking pwd.h presence
configure:5658: mips-linux-uclibc-gcc -mips32r2 -msoft-float -E  -I/home/socsw_local/shnwind/rt63368_release/tclinux_phoenix/apps/public/libosip2-2.0.4/installDir/include conftest.c
configure:5664: $? = 0
configure:5684: result: yes
configure:5719: checking for pwd.h
configure:5726: result: yes
configure:5603: checking getopt.h usability
configure:5615: mips-linux-uclibc-gcc -mips32r2 -msoft-float -c -g -O2 -pthread -D_POSIX_THREAD_SAFE_FUNCTIONS  -I/home/socsw_local/shnwind/rt63368_release/tclinux_phoenix/apps/public/libosip2-2.0.4/installDir/include conftest.c >&5
configure:5621: $? = 0
configure:5625: test -z 
			 || test ! -s conftest.err
configure:5628: $? = 0
configure:5631: test -s conftest.o
configure:5634: $? = 0
configure:5644: result: yes
configure:5648: checking getopt.h presence
configure:5658: mips-linux-uclibc-gcc -mips32r2 -msoft-float -E  -I/home/socsw_local/shnwind/rt63368_release/tclinux_phoenix/apps/public/libosip2-2.0.4/installDir/include conftest.c
configure:5664: $? = 0
configure:5684: result: yes
configure:5719: checking for getopt.h
configure:5726: result: yes
configure:5603: checking sys/socket.h usability
configure:5615: mips-linux-uclibc-gcc -mips32r2 -msoft-float -c -g -O2 -pthread -D_POSIX_THREAD_SAFE_FUNCTIONS  -I/home/socsw_local/shnwind/rt63368_release/tclinux_phoenix/apps/public/libosip2-2.0.4/installDir/include conftest.c >&5
configure:5621: $? = 0
configure:5625: test -z 
			 || test ! -s conftest.err
configure:5628: $? = 0
configure:5631: test -s conftest.o
configure:5634: $? = 0
configure:5644: result: yes
configure:5648: checking sys/socket.h presence
configure:5658: mips-linux-uclibc-gcc -mips32r2 -msoft-float -E  -I/home/socsw_local/shnwind/rt63368_release/tclinux_phoenix/apps/public/libosip2-2.0.4/installDir/include conftest.c
configure:5664: $? = 0
configure:5684: result: yes
configure:5719: checking for sys/socket.h
configure:5726: result: yes
configure:5603: checking netdb.h usability
configure:5615: mips-linux-uclibc-gcc -mips32r2 -msoft-float -c -g -O2 -pthread -D_POSIX_THREAD_SAFE_FUNCTIONS  -I/home/socsw_local/shnwind/rt63368_release/tclinux_phoenix/apps/public/libosip2-2.0.4/installDir/include conftest.c >&5
configure:5621: $? = 0
configure:5625: test -z 
			 || test ! -s conftest.err
configure:5628: $? = 0
configure:5631: test -s conftest.o
configure:5634: $? = 0
configure:5644: result: yes
configure:5648: checking netdb.h presence
configure:5658: mips-linux-uclibc-gcc -mips32r2 -msoft-float -E  -I/home/socsw_local/shnwind/rt63368_release/tclinux_phoenix/apps/public/libosip2-2.0.4/installDir/include conftest.c
configure:5664: $? = 0
configure:5684: result: yes
configure:5719: checking for netdb.h
configure:5726: result: yes
configure:5741: checking for an ANSI C-conforming const
configure:5808: mips-linux-uclibc-gcc -mips32r2 -msoft-float -c -g -O2 -pthread -D_POSIX_THREAD_SAFE_FUNCTIONS  -I/home/socsw_local/shnwind/rt63368_release/tclinux_phoenix/apps/public/libosip2-2.0.4/installDir/include conftest.c >&5
configure:5814: $? = 0
configure:5818: test -z 
			 || test ! -s conftest.err
configure:5821: $? = 0
configure:5824: test -s conftest.o
configure:5827: $? = 0
configure:5838: result: yes
configure:5848: checking for size_t
configure:5872: mips-linux-uclibc-gcc -mips32r2 -msoft-float -c -g -O2 -pthread -D_POSIX_THREAD_SAFE_FUNCTIONS  -I/home/socsw_local/shnwind/rt63368_release/tclinux_phoenix/apps/public/libosip2-2.0.4/installDir/include conftest.c >&5
configure:5878: $? = 0
configure:5882: test -z 
			 || test ! -s conftest.err
configure:5885: $? = 0
configure:5888: test -s conftest.o
configure:5891: $? = 0
configure:5902: result: yes
configure:5914: checking whether time.h and sys/time.h may both be included
configure:5939: mips-linux-uclibc-gcc -mips32r2 -msoft-float -c -g -O2 -pthread -D_POSIX_THREAD_SAFE_FUNCTIONS  -I/home/socsw_local/shnwind/rt63368_release/tclinux_phoenix/apps/public/libosip2-2.0.4/installDir/include conftest.c >&5
configure:5945: $? = 0
configure:5949: test -z 
			 || test ! -s conftest.err
configure:5952: $? = 0
configure:5955: test -s conftest.o
configure:5958: $? = 0
configure:5969: result: yes
configure:5979: checking whether struct tm is in sys/time.h or time.h
configure:6002: mips-linux-uclibc-gcc -mips32r2 -msoft-float -c -g -O2 -pthread -D_POSIX_THREAD_SAFE_FUNCTIONS  -I/home/socsw_local/shnwind/rt63368_release/tclinux_phoenix/apps/public/libosip2-2.0.4/installDir/include conftest.c >&5
configure:6008: $? = 0
configure:6012: test -z 
			 || test ! -s conftest.err
configure:6015: $? = 0
configure:6018: test -s conftest.o
configure:6021: $? = 0
configure:6032: result: time.h
configure:6044: checking for socklen_t
configure:6073: mips-linux-uclibc-gcc -mips32r2 -msoft-float -c -g -O2 -pthread -D_POSIX_THREAD_SAFE_FUNCTIONS  -I/home/socsw_local/shnwind/rt63368_release/tclinux_phoenix/apps/public/libosip2-2.0.4/installDir/include conftest.c >&5
configure:6079: $? = 0
configure:6083: test -z 
			 || test ! -s conftest.err
configure:6086: $? = 0
configure:6089: test -s conftest.o
configure:6092: $? = 0
configure:6103: result: yes
configure:6120: checking for res_query in -lresolv
configure:6150: mips-linux-uclibc-gcc -mips32r2 -msoft-float -o conftest -g -O2 -pthread -D_POSIX_THREAD_SAFE_FUNCTIONS  -I/home/socsw_local/shnwind/rt63368_release/tclinux_phoenix/apps/public/libosip2-2.0.4/installDir/include  conftest.c -lresolv  -losipparser2 -losip2 -L/home/socsw_local/shnwind/rt63368_release/tclinux_phoenix/apps/public/libosip2-2.0.4/installDir/lib   >&5
/tmp/ccsPOGtc.o: In function `main':
/home/socsw_local/shnwind/rt63368_release/tclinux_phoenix/apps/public/siproxd-0.5.12/conftest.c:45: undefined reference to `res_query'
collect2: ld returned 1 exit status
configure:6156: $? = 1
configure: failed program was:
| /* confdefs.h.  */
| 
| #define PACKAGE_NAME ""
| #define PACKAGE_TARNAME ""
| #define PACKAGE_VERSION ""
| #define PACKAGE_STRING ""
| #define PACKAGE_BUGREPORT ""
| #define PACKAGE "siproxd"
| #define VERSION "0.5.12"
| #define UNAME "mips-unknown-linux-gnu"
| #define _LINUX
| #define HAVE_PTHREAD 1
| #define HAVE_LIBOSIP2 1
| #define HAVE_LIBOSIPPARSER2 1
| #define STDC_HEADERS 1
| #define HAVE_SYS_TYPES_H 1
| #define HAVE_SYS_STAT_H 1
| #define HAVE_STDLIB_H 1
| #define HAVE_STRING_H 1
| #define HAVE_MEMORY_H 1
| #define HAVE_STRINGS_H 1
| #define HAVE_INTTYPES_H 1
| #define HAVE_STDINT_H 1
| #define HAVE_UNISTD_H 1
| #define HAVE_SYS_TIME_H 1
| #define HAVE_ERRNO_H 1
| #define HAVE_STDARG_H 1
| #define HAVE_PWD_H 1
| #define HAVE_GETOPT_H 1
| #define HAVE_SYS_SOCKET_H 1
| #define HAVE_NETDB_H 1
| #define TIME_WITH_SYS_TIME 1
| /* end confdefs.h.  */
| 
| /* Override any gcc2 internal prototype to avoid an error.  */
| #ifdef __cplusplus
| extern "C"
| #endif
| /* We use char because int might match the return type of a gcc2
|    builtin and then its argument prototype would still apply.  */
| char res_query ();
| int
| main ()
| {
| res_query ();
|   ;
|   return 0;
| }
configure:6182: result: no
configure:6194: checking for __res_query in -lresolv
configure:6224: mips-linux-uclibc-gcc -mips32r2 -msoft-float -o conftest -g -O2 -pthread -D_POSIX_THREAD_SAFE_FUNCTIONS  -I/home/socsw_local/shnwind/rt63368_release/tclinux_phoenix/apps/public/libosip2-2.0.4/installDir/include  conftest.c -lresolv  -losipparser2 -losip2 -L/home/socsw_local/shnwind/rt63368_release/tclinux_phoenix/apps/public/libosip2-2.0.4/installDir/lib   >&5
configure:6230: $? = 0
configure:6234: test -z 
			 || test ! -s conftest.err
configure:6237: $? = 0
configure:6240: test -s conftest
configure:6243: $? = 0
configure:6256: result: yes
configure:6270: checking for working memcmp
configure:6340: result: no
configure:6355: checking for vprintf
configure:6412: mips-linux-uclibc-gcc -mips32r2 -msoft-float -o conftest -g -O2 -pthread -D_POSIX_THREAD_SAFE_FUNCTIONS  -I/home/socsw_local/shnwind/rt63368_release/tclinux_phoenix/apps/public/libosip2-2.0.4/installDir/include  conftest.c -lresolv -losipparser2 -losip2 -L/home/socsw_local/shnwind/rt63368_release/tclinux_phoenix/apps/public/libosip2-2.0.4/installDir/lib   >&5
conftest.c:59: warning: conflicting types for built-in function 'vprintf'
configure:6418: $? = 0
configure:6422: test -z 
			 || test ! -s conftest.err
configure:6425: $? = 0
configure:6428: test -s conftest
configure:6431: $? = 0
configure:6443: result: yes
configure:6450: checking for _doprnt
configure:6507: mips-linux-uclibc-gcc -mips32r2 -msoft-float -o conftest -g -O2 -pthread -D_POSIX_THREAD_SAFE_FUNCTIONS  -I/home/socsw_local/shnwind/rt63368_release/tclinux_phoenix/apps/public/libosip2-2.0.4/installDir/include  conftest.c -lresolv -losipparser2 -losip2 -L/home/socsw_local/shnwind/rt63368_release/tclinux_phoenix/apps/public/libosip2-2.0.4/installDir/lib   >&5
/tmp/ccq2YnGu.o: In function `main':
/home/socsw_local/shnwind/rt63368_release/tclinux_phoenix/apps/public/siproxd-0.5.12/conftest.c:75: undefined reference to `_doprnt'
/tmp/ccq2YnGu.o:(.data.rel+0x0): undefined reference to `_doprnt'
collect2: ld returned 1 exit status
configure:6513: $? = 1
configure: failed program was:
| /* confdefs.h.  */
| 
| #define PACKAGE_NAME ""
| #define PACKAGE_TARNAME ""
| #define PACKAGE_VERSION ""
| #define PACKAGE_STRING ""
| #define PACKAGE_BUGREPORT ""
| #define PACKAGE "siproxd"
| #define VERSION "0.5.12"
| #define UNAME "mips-unknown-linux-gnu"
| #define _LINUX
| #define HAVE_PTHREAD 1
| #define HAVE_LIBOSIP2 1
| #define HAVE_LIBOSIPPARSER2 1
| #define STDC_HEADERS 1
| #define HAVE_SYS_TYPES_H 1
| #define HAVE_SYS_STAT_H 1
| #define HAVE_STDLIB_H 1
| #define HAVE_STRING_H 1
| #define HAVE_MEMORY_H 1
| #define HAVE_STRINGS_H 1
| #define HAVE_INTTYPES_H 1
| #define HAVE_STDINT_H 1
| #define HAVE_UNISTD_H 1
| #define HAVE_SYS_TIME_H 1
| #define HAVE_ERRNO_H 1
| #define HAVE_STDARG_H 1
| #define HAVE_PWD_H 1
| #define HAVE_GETOPT_H 1
| #define HAVE_SYS_SOCKET_H 1
| #define HAVE_NETDB_H 1
| #define TIME_WITH_SYS_TIME 1
| #define HAVE_LIBRESOLV 1
| #define HAVE_VPRINTF 1
| /* end confdefs.h.  */
| /* Define _doprnt to an innocuous variant, in case <limits.h> declares _doprnt.
|    For example, HP-UX 11i <limits.h> declares gettimeofday.  */
| #define _doprnt innocuous__doprnt
| 
| /* System header to define __stub macros and hopefully few prototypes,
|     which can conflict with char _doprnt (); below.
|     Prefer <limits.h> to <assert.h> if __STDC__ is defined, since
|     <limits.h> exists even on freestanding compilers.  */
| 
| #ifdef __STDC__
| # include <limits.h>
| #else
| # include <assert.h>
| #endif
| 
| #undef _doprnt
| 
| /* Override any gcc2 internal prototype to avoid an error.  */
| #ifdef __cplusplus
| extern "C"
| {
| #endif
| /* We use char because int might match the return type of a gcc2
|    builtin and then its argument prototype would still apply.  */
| char _doprnt ();
| /* The GNU C library defines this for functions which it implements
|     to always fail with ENOSYS.  Some functions are actually named
|     something starting with __ and the normal name is an alias.  */
| #if defined (__stub__doprnt) || defined (__stub____doprnt)
| choke me
| #else
| char (*f) () = _doprnt;
| #endif
| #ifdef __cplusplus
| }
| #endif
| 
| int
| main ()
| {
| return f != _doprnt;
|   ;
|   return 0;
| }
configure:6538: result: no
configure:6556: checking for strerror
configure:6613: mips-linux-uclibc-gcc -mips32r2 -msoft-float -o conftest -g -O2 -pthread -D_POSIX_THREAD_SAFE_FUNCTIONS  -I/home/socsw_local/shnwind/rt63368_release/tclinux_phoenix/apps/public/libosip2-2.0.4/installDir/include  conftest.c -lresolv -losipparser2 -losip2 -L/home/socsw_local/shnwind/rt63368_release/tclinux_phoenix/apps/public/libosip2-2.0.4/installDir/lib   >&5
configure:6619: $? = 0
configure:6623: test -z 
			 || test ! -s conftest.err
configure:6626: $? = 0
configure:6629: test -s conftest
configure:6632: $? = 0
configure:6644: result: yes
configure:6659: checking for gethostbyname
configure:6716: mips-linux-uclibc-gcc -mips32r2 -msoft-float -o conftest -g -O2 -pthread -D_POSIX_THREAD_SAFE_FUNCTIONS  -I/home/socsw_local/shnwind/rt63368_release/tclinux_phoenix/apps/public/libosip2-2.0.4/installDir/include  conftest.c -lresolv -losipparser2 -losip2 -L/home/socsw_local/shnwind/rt63368_release/tclinux_phoenix/apps/public/libosip2-2.0.4/installDir/lib   >&5
configure:6722: $? = 0
configure:6726: test -z 
			 || test ! -s conftest.err
configure:6729: $? = 0
configure:6732: test -s conftest
configure:6735: $? = 0
configure:6747: result: yes
configure:6761: checking for gethostbyname_r
configure:6818: mips-linux-uclibc-gcc -mips32r2 -msoft-float -o conftest -g -O2 -pthread -D_POSIX_THREAD_SAFE_FUNCTIONS  -I/home/socsw_local/shnwind/rt63368_release/tclinux_phoenix/apps/public/libosip2-2.0.4/installDir/include  conftest.c -lresolv -losipparser2 -losip2 -L/home/socsw_local/shnwind/rt63368_release/tclinux_phoenix/apps/public/libosip2-2.0.4/installDir/lib   >&5
configure:6824: $? = 0
configure:6828: test -z 
			 || test ! -s conftest.err
configure:6831: $? = 0
configure:6834: test -s conftest
configure:6837: $? = 0
configure:6849: result: yes
configure:6853: checking how many arguments takes gethostbyname_r
configure:6878: mips-linux-uclibc-gcc -mips32r2 -msoft-float -c -g -O2 -pthread -D_POSIX_THREAD_SAFE_FUNCTIONS  -I/home/socsw_local/shnwind/rt63368_release/tclinux_phoenix/apps/public/libosip2-2.0.4/installDir/include conftest.c >&5
conftest.c: In function 'main':
conftest.c:47: error: storage size of 'data' isn't known
conftest.c:48: error: too few arguments to function 'gethostbyname_r'
configure:6884: $? = 1
configure: failed program was:
| /* confdefs.h.  */
| 
| #define PACKAGE_NAME ""
| #define PACKAGE_TARNAME ""
| #define PACKAGE_VERSION ""
| #define PACKAGE_STRING ""
| #define PACKAGE_BUGREPORT ""
| #define PACKAGE "siproxd"
| #define VERSION "0.5.12"
| #define UNAME "mips-unknown-linux-gnu"
| #define _LINUX
| #define HAVE_PTHREAD 1
| #define HAVE_LIBOSIP2 1
| #define HAVE_LIBOSIPPARSER2 1
| #define STDC_HEADERS 1
| #define HAVE_SYS_TYPES_H 1
| #define HAVE_SYS_STAT_H 1
| #define HAVE_STDLIB_H 1
| #define HAVE_STRING_H 1
| #define HAVE_MEMORY_H 1
| #define HAVE_STRINGS_H 1
| #define HAVE_INTTYPES_H 1
| #define HAVE_STDINT_H 1
| #define HAVE_UNISTD_H 1
| #define HAVE_SYS_TIME_H 1
| #define HAVE_ERRNO_H 1
| #define HAVE_STDARG_H 1
| #define HAVE_PWD_H 1
| #define HAVE_GETOPT_H 1
| #define HAVE_SYS_SOCKET_H 1
| #define HAVE_NETDB_H 1
| #define TIME_WITH_SYS_TIME 1
| #define HAVE_LIBRESOLV 1
| #define HAVE_VPRINTF 1
| #define HAVE_STRERROR 1
| #define HAVE_GETHOSTBYNAME 1
| /* end confdefs.h.  */
| 
| 	#include <stdlib.h>
|         #include <netdb.h>
| int
| main ()
| {
| 
|         char *name;
|         struct hostent *he;
|         struct hostent_data data;
|         (void) gethostbyname_r(name, he, &data);
| 
|   ;
|   return 0;
| }
configure:6930: mips-linux-uclibc-gcc -mips32r2 -msoft-float -c -g -O2 -pthread -D_POSIX_THREAD_SAFE_FUNCTIONS  -I/home/socsw_local/shnwind/rt63368_release/tclinux_phoenix/apps/public/libosip2-2.0.4/installDir/include conftest.c >&5
configure:6936: $? = 0
configure:6940: test -z 
			 || test ! -s conftest.err
configure:6943: $? = 0
configure:6946: test -s conftest.o
configure:6949: $? = 0
configure:7045: result: six
configure:7057: checking for getopt_long
configure:7114: mips-linux-uclibc-gcc -mips32r2 -msoft-float -o conftest -g -O2 -pthread -D_POSIX_THREAD_SAFE_FUNCTIONS  -I/home/socsw_local/shnwind/rt63368_release/tclinux_phoenix/apps/public/libosip2-2.0.4/installDir/include  conftest.c -lresolv -losipparser2 -losip2 -L/home/socsw_local/shnwind/rt63368_release/tclinux_phoenix/apps/public/libosip2-2.0.4/installDir/lib   >&5
configure:7120: $? = 0
configure:7124: test -z 
			 || test ! -s conftest.err
configure:7127: $? = 0
configure:7130: test -s conftest
configure:7133: $? = 0
configure:7145: result: yes
configure:7057: checking for setsid
configure:7114: mips-linux-uclibc-gcc -mips32r2 -msoft-float -o conftest -g -O2 -pthread -D_POSIX_THREAD_SAFE_FUNCTIONS  -I/home/socsw_local/shnwind/rt63368_release/tclinux_phoenix/apps/public/libosip2-2.0.4/installDir/include  conftest.c -lresolv -losipparser2 -losip2 -L/home/socsw_local/shnwind/rt63368_release/tclinux_phoenix/apps/public/libosip2-2.0.4/installDir/lib   >&5
configure:7120: $? = 0
configure:7124: test -z 
			 || test ! -s conftest.err
configure:7127: $? = 0
configure:7130: test -s conftest
configure:7133: $? = 0
configure:7145: result: yes
configure:7057: checking for syslog
configure:7114: mips-linux-uclibc-gcc -mips32r2 -msoft-float -o conftest -g -O2 -pthread -D_POSIX_THREAD_SAFE_FUNCTIONS  -I/home/socsw_local/shnwind/rt63368_release/tclinux_phoenix/apps/public/libosip2-2.0.4/installDir/include  conftest.c -lresolv -losipparser2 -losip2 -L/home/socsw_local/shnwind/rt63368_release/tclinux_phoenix/apps/public/libosip2-2.0.4/installDir/lib   >&5
configure:7120: $? = 0
configure:7124: test -z 
			 || test ! -s conftest.err
configure:7127: $? = 0
configure:7130: test -s conftest
configure:7133: $? = 0
configure:7145: result: yes
configure:7164: checking for getuid
configure:7221: mips-linux-uclibc-gcc -mips32r2 -msoft-float -o conftest -g -O2 -pthread -D_POSIX_THREAD_SAFE_FUNCTIONS  -I/home/socsw_local/shnwind/rt63368_release/tclinux_phoenix/apps/public/libosip2-2.0.4/installDir/include  conftest.c -lresolv -losipparser2 -losip2 -L/home/socsw_local/shnwind/rt63368_release/tclinux_phoenix/apps/public/libosip2-2.0.4/installDir/lib   >&5
configure:7227: $? = 0
configure:7231: test -z 
			 || test ! -s conftest.err
configure:7234: $? = 0
configure:7237: test -s conftest
configure:7240: $? = 0
configure:7252: result: yes
configure:7164: checking for setuid
configure:7221: mips-linux-uclibc-gcc -mips32r2 -msoft-float -o conftest -g -O2 -pthread -D_POSIX_THREAD_SAFE_FUNCTIONS  -I/home/socsw_local/shnwind/rt63368_release/tclinux_phoenix/apps/public/libosip2-2.0.4/installDir/include  conftest.c -lresolv -losipparser2 -losip2 -L/home/socsw_local/shnwind/rt63368_release/tclinux_phoenix/apps/public/libosip2-2.0.4/installDir/lib   >&5
configure:7227: $? = 0
configure:7231: test -z 
			 || test ! -s conftest.err
configure:7234: $? = 0
configure:7237: test -s conftest
configure:7240: $? = 0
configure:7252: result: yes
configure:7164: checking for getgid
configure:7221: mips-linux-uclibc-gcc -mips32r2 -msoft-float -o conftest -g -O2 -pthread -D_POSIX_THREAD_SAFE_FUNCTIONS  -I/home/socsw_local/shnwind/rt63368_release/tclinux_phoenix/apps/public/libosip2-2.0.4/installDir/include  conftest.c -lresolv -losipparser2 -losip2 -L/home/socsw_local/shnwind/rt63368_release/tclinux_phoenix/apps/public/libosip2-2.0.4/installDir/lib   >&5
configure:7227: $? = 0
configure:7231: test -z 
			 || test ! -s conftest.err
configure:7234: $? = 0
configure:7237: test -s conftest
configure:7240: $? = 0
configure:7252: result: yes
configure:7164: checking for setgid
configure:7221: mips-linux-uclibc-gcc -mips32r2 -msoft-float -o conftest -g -O2 -pthread -D_POSIX_THREAD_SAFE_FUNCTIONS  -I/home/socsw_local/shnwind/rt63368_release/tclinux_phoenix/apps/public/libosip2-2.0.4/installDir/include  conftest.c -lresolv -losipparser2 -losip2 -L/home/socsw_local/shnwind/rt63368_release/tclinux_phoenix/apps/public/libosip2-2.0.4/installDir/lib   >&5
configure:7227: $? = 0
configure:7231: test -z 
			 || test ! -s conftest.err
configure:7234: $? = 0
configure:7237: test -s conftest
configure:7240: $? = 0
configure:7252: result: yes
configure:7164: checking for getpwnam
configure:7221: mips-linux-uclibc-gcc -mips32r2 -msoft-float -o conftest -g -O2 -pthread -D_POSIX_THREAD_SAFE_FUNCTIONS  -I/home/socsw_local/shnwind/rt63368_release/tclinux_phoenix/apps/public/libosip2-2.0.4/installDir/include  conftest.c -lresolv -losipparser2 -losip2 -L/home/socsw_local/shnwind/rt63368_release/tclinux_phoenix/apps/public/libosip2-2.0.4/installDir/lib   >&5
configure:7227: $? = 0
configure:7231: test -z 
			 || test ! -s conftest.err
configure:7234: $? = 0
configure:7237: test -s conftest
configure:7240: $? = 0
configure:7252: result: yes
configure:7164: checking for chroot
configure:7221: mips-linux-uclibc-gcc -mips32r2 -msoft-float -o conftest -g -O2 -pthread -D_POSIX_THREAD_SAFE_FUNCTIONS  -I/home/socsw_local/shnwind/rt63368_release/tclinux_phoenix/apps/public/libosip2-2.0.4/installDir/include  conftest.c -lresolv -losipparser2 -losip2 -L/home/socsw_local/shnwind/rt63368_release/tclinux_phoenix/apps/public/libosip2-2.0.4/installDir/lib   >&5
configure:7227: $? = 0
configure:7231: test -z 
			 || test ! -s conftest.err
configure:7234: $? = 0
configure:7237: test -s conftest
configure:7240: $? = 0
configure:7252: result: yes
configure:7272: checking for socket
configure:7329: mips-linux-uclibc-gcc -mips32r2 -msoft-float -o conftest -g -O2 -pthread -D_POSIX_THREAD_SAFE_FUNCTIONS  -I/home/socsw_local/shnwind/rt63368_release/tclinux_phoenix/apps/public/libosip2-2.0.4/installDir/include  conftest.c -lresolv -losipparser2 -losip2 -L/home/socsw_local/shnwind/rt63368_release/tclinux_phoenix/apps/public/libosip2-2.0.4/installDir/lib   >&5
configure:7335: $? = 0
configure:7339: test -z 
			 || test ! -s conftest.err
configure:7342: $? = 0
configure:7345: test -s conftest
configure:7348: $? = 0
configure:7360: result: yes
configure:7272: checking for bind
configure:7329: mips-linux-uclibc-gcc -mips32r2 -msoft-float -o conftest -g -O2 -pthread -D_POSIX_THREAD_SAFE_FUNCTIONS  -I/home/socsw_local/shnwind/rt63368_release/tclinux_phoenix/apps/public/libosip2-2.0.4/installDir/include  conftest.c -lresolv -losipparser2 -losip2 -L/home/socsw_local/shnwind/rt63368_release/tclinux_phoenix/apps/public/libosip2-2.0.4/installDir/lib   >&5
configure:7335: $? = 0
configure:7339: test -z 
			 || test ! -s conftest.err
configure:7342: $? = 0
configure:7345: test -s conftest
configure:7348: $? = 0
configure:7360: result: yes
configure:7272: checking for select
configure:7329: mips-linux-uclibc-gcc -mips32r2 -msoft-float -o conftest -g -O2 -pthread -D_POSIX_THREAD_SAFE_FUNCTIONS  -I/home/socsw_local/shnwind/rt63368_release/tclinux_phoenix/apps/public/libosip2-2.0.4/installDir/include  conftest.c -lresolv -losipparser2 -losip2 -L/home/socsw_local/shnwind/rt63368_release/tclinux_phoenix/apps/public/libosip2-2.0.4/installDir/lib   >&5
configure:7335: $? = 0
configure:7339: test -z 
			 || test ! -s conftest.err
configure:7342: $? = 0
configure:7345: test -s conftest
configure:7348: $? = 0
configure:7360: result: yes
configure:7272: checking for read
configure:7329: mips-linux-uclibc-gcc -mips32r2 -msoft-float -o conftest -g -O2 -pthread -D_POSIX_THREAD_SAFE_FUNCTIONS  -I/home/socsw_local/shnwind/rt63368_release/tclinux_phoenix/apps/public/libosip2-2.0.4/installDir/include  conftest.c -lresolv -losipparser2 -losip2 -L/home/socsw_local/shnwind/rt63368_release/tclinux_phoenix/apps/public/libosip2-2.0.4/installDir/lib   >&5
configure:7335: $? = 0
configure:7339: test -z 
			 || test ! -s conftest.err
configure:7342: $? = 0
configure:7345: test -s conftest
configure:7348: $? = 0
configure:7360: result: yes
configure:7272: checking for send
configure:7329: mips-linux-uclibc-gcc -mips32r2 -msoft-float -o conftest -g -O2 -pthread -D_POSIX_THREAD_SAFE_FUNCTIONS  -I/home/socsw_local/shnwind/rt63368_release/tclinux_phoenix/apps/public/libosip2-2.0.4/installDir/include  conftest.c -lresolv -losipparser2 -losip2 -L/home/socsw_local/shnwind/rt63368_release/tclinux_phoenix/apps/public/libosip2-2.0.4/installDir/lib   >&5
configure:7335: $? = 0
configure:7339: test -z 
			 || test ! -s conftest.err
configure:7342: $? = 0
configure:7345: test -s conftest
configure:7348: $? = 0
configure:7360: result: yes
configure:7272: checking for sendto
configure:7329: mips-linux-uclibc-gcc -mips32r2 -msoft-float -o conftest -g -O2 -pthread -D_POSIX_THREAD_SAFE_FUNCTIONS  -I/home/socsw_local/shnwind/rt63368_release/tclinux_phoenix/apps/public/libosip2-2.0.4/installDir/include  conftest.c -lresolv -losipparser2 -losip2 -L/home/socsw_local/shnwind/rt63368_release/tclinux_phoenix/apps/public/libosip2-2.0.4/installDir/lib   >&5
configure:7335: $? = 0
configure:7339: test -z 
			 || test ! -s conftest.err
configure:7342: $? = 0
configure:7345: test -s conftest
configure:7348: $? = 0
configure:7360: result: yes
configure:7272: checking for fcntl
configure:7329: mips-linux-uclibc-gcc -mips32r2 -msoft-float -o conftest -g -O2 -pthread -D_POSIX_THREAD_SAFE_FUNCTIONS  -I/home/socsw_local/shnwind/rt63368_release/tclinux_phoenix/apps/public/libosip2-2.0.4/installDir/include  conftest.c -lresolv -losipparser2 -losip2 -L/home/socsw_local/shnwind/rt63368_release/tclinux_phoenix/apps/public/libosip2-2.0.4/installDir/lib   >&5
configure:7335: $? = 0
configure:7339: test -z 
			 || test ! -s conftest.err
configure:7342: $? = 0
configure:7345: test -s conftest
configure:7348: $? = 0
configure:7360: result: yes
configure:7379: checking for strncpy
configure:7436: mips-linux-uclibc-gcc -mips32r2 -msoft-float -o conftest -g -O2 -pthread -D_POSIX_THREAD_SAFE_FUNCTIONS  -I/home/socsw_local/shnwind/rt63368_release/tclinux_phoenix/apps/public/libosip2-2.0.4/installDir/include  conftest.c -lresolv -losipparser2 -losip2 -L/home/socsw_local/shnwind/rt63368_release/tclinux_phoenix/apps/public/libosip2-2.0.4/installDir/lib   >&5
conftest.c:79: warning: conflicting types for built-in function 'strncpy'
configure:7442: $? = 0
configure:7446: test -z 
			 || test ! -s conftest.err
configure:7449: $? = 0
configure:7452: test -s conftest
configure:7455: $? = 0
configure:7467: result: yes
configure:7379: checking for strchr
configure:7436: mips-linux-uclibc-gcc -mips32r2 -msoft-float -o conftest -g -O2 -pthread -D_POSIX_THREAD_SAFE_FUNCTIONS  -I/home/socsw_local/shnwind/rt63368_release/tclinux_phoenix/apps/public/libosip2-2.0.4/installDir/include  conftest.c -lresolv -losipparser2 -losip2 -L/home/socsw_local/shnwind/rt63368_release/tclinux_phoenix/apps/public/libosip2-2.0.4/installDir/lib   >&5
conftest.c:80: warning: conflicting types for built-in function 'strchr'
configure:7442: $? = 0
configure:7446: test -z 
			 || test ! -s conftest.err
configure:7449: $? = 0
configure:7452: test -s conftest
configure:7455: $? = 0
configure:7467: result: yes
configure:7379: checking for strstr
configure:7436: mips-linux-uclibc-gcc -mips32r2 -msoft-float -o conftest -g -O2 -pthread -D_POSIX_THREAD_SAFE_FUNCTIONS  -I/home/socsw_local/shnwind/rt63368_release/tclinux_phoenix/apps/public/libosip2-2.0.4/installDir/include  conftest.c -lresolv -losipparser2 -losip2 -L/home/socsw_local/shnwind/rt63368_release/tclinux_phoenix/apps/public/libosip2-2.0.4/installDir/lib   >&5
conftest.c:81: warning: conflicting types for built-in function 'strstr'
configure:7442: $? = 0
configure:7446: test -z 
			 || test ! -s conftest.err
configure:7449: $? = 0
configure:7452: test -s conftest
configure:7455: $? = 0
configure:7467: result: yes
configure:7379: checking for sprintf
configure:7436: mips-linux-uclibc-gcc -mips32r2 -msoft-float -o conftest -g -O2 -pthread -D_POSIX_THREAD_SAFE_FUNCTIONS  -I/home/socsw_local/shnwind/rt63368_release/tclinux_phoenix/apps/public/libosip2-2.0.4/installDir/include  conftest.c -lresolv -losipparser2 -losip2 -L/home/socsw_local/shnwind/rt63368_release/tclinux_phoenix/apps/public/libosip2-2.0.4/installDir/lib   >&5
conftest.c:82: warning: conflicting types for built-in function 'sprintf'
configure:7442: $? = 0
configure:7446: test -z 
			 || test ! -s conftest.err
configure:7449: $? = 0
configure:7452: test -s conftest
configure:7455: $? = 0
configure:7467: result: yes
configure:7379: checking for vfprintf
configure:7436: mips-linux-uclibc-gcc -mips32r2 -msoft-float -o conftest -g -O2 -pthread -D_POSIX_THREAD_SAFE_FUNCTIONS  -I/home/socsw_local/shnwind/rt63368_release/tclinux_phoenix/apps/public/libosip2-2.0.4/installDir/include  conftest.c -lresolv -losipparser2 -losip2 -L/home/socsw_local/shnwind/rt63368_release/tclinux_phoenix/apps/public/libosip2-2.0.4/installDir/lib   >&5
conftest.c:83: warning: conflicting types for built-in function 'vfprintf'
configure:7442: $? = 0
configure:7446: test -z 
			 || test ! -s conftest.err
configure:7449: $? = 0
configure:7452: test -s conftest
configure:7455: $? = 0
configure:7467: result: yes
configure:7379: checking for vsnprintf
configure:7436: mips-linux-uclibc-gcc -mips32r2 -msoft-float -o conftest -g -O2 -pthread -D_POSIX_THREAD_SAFE_FUNCTIONS  -I/home/socsw_local/shnwind/rt63368_release/tclinux_phoenix/apps/public/libosip2-2.0.4/installDir/include  conftest.c -lresolv -losipparser2 -losip2 -L/home/socsw_local/shnwind/rt63368_release/tclinux_phoenix/apps/public/libosip2-2.0.4/installDir/lib   >&5
conftest.c:84: warning: conflicting types for built-in function 'vsnprintf'
configure:7442: $? = 0
configure:7446: test -z 
			 || test ! -s conftest.err
configure:7449: $? = 0
configure:7452: test -s conftest
configure:7455: $? = 0
configure:7467: result: yes
configure:7482: checking for listen
configure:7539: mips-linux-uclibc-gcc -mips32r2 -msoft-float -o conftest -g -O2 -pthread -D_POSIX_THREAD_SAFE_FUNCTIONS  -I/home/socsw_local/shnwind/rt63368_release/tclinux_phoenix/apps/public/libosip2-2.0.4/installDir/include  conftest.c -lresolv -losipparser2 -losip2 -L/home/socsw_local/shnwind/rt63368_release/tclinux_phoenix/apps/public/libosip2-2.0.4/installDir/lib   >&5
configure:7545: $? = 0
configure:7549: test -z 
			 || test ! -s conftest.err
configure:7552: $? = 0
configure:7555: test -s conftest
configure:7558: $? = 0
configure:7570: result: yes
configure:7482: checking for accept
configure:7539: mips-linux-uclibc-gcc -mips32r2 -msoft-float -o conftest -g -O2 -pthread -D_POSIX_THREAD_SAFE_FUNCTIONS  -I/home/socsw_local/shnwind/rt63368_release/tclinux_phoenix/apps/public/libosip2-2.0.4/installDir/include  conftest.c -lresolv -losipparser2 -losip2 -L/home/socsw_local/shnwind/rt63368_release/tclinux_phoenix/apps/public/libosip2-2.0.4/installDir/lib   >&5
configure:7545: $? = 0
configure:7549: test -z 
			 || test ! -s conftest.err
configure:7552: $? = 0
configure:7555: test -s conftest
configure:7558: $? = 0
configure:7570: result: yes
configure:7585: checking for fgets
configure:7642: mips-linux-uclibc-gcc -mips32r2 -msoft-float -o conftest -g -O2 -pthread -D_POSIX_THREAD_SAFE_FUNCTIONS  -I/home/socsw_local/shnwind/rt63368_release/tclinux_phoenix/apps/public/libosip2-2.0.4/installDir/include  conftest.c -lresolv -losipparser2 -losip2 -L/home/socsw_local/shnwind/rt63368_release/tclinux_phoenix/apps/public/libosip2-2.0.4/installDir/lib   >&5
configure:7648: $? = 0
configure:7652: test -z 
			 || test ! -s conftest.err
configure:7655: $? = 0
configure:7658: test -s conftest
configure:7661: $? = 0
configure:7673: result: yes
configure:7585: checking for sscanf
configure:7642: mips-linux-uclibc-gcc -mips32r2 -msoft-float -o conftest -g -O2 -pthread -D_POSIX_THREAD_SAFE_FUNCTIONS  -I/home/socsw_local/shnwind/rt63368_release/tclinux_phoenix/apps/public/libosip2-2.0.4/installDir/include  conftest.c -lresolv -losipparser2 -losip2 -L/home/socsw_local/shnwind/rt63368_release/tclinux_phoenix/apps/public/libosip2-2.0.4/installDir/lib   >&5
conftest.c:88: warning: conflicting types for built-in function 'sscanf'
configure:7648: $? = 0
configure:7652: test -z 
			 || test ! -s conftest.err
configure:7655: $? = 0
configure:7658: test -s conftest
configure:7661: $? = 0
configure:7673: result: yes
configure:7687: checking for hstrerror
configure:7744: mips-linux-uclibc-gcc -mips32r2 -msoft-float -o conftest -g -O2 -pthread -D_POSIX_THREAD_SAFE_FUNCTIONS  -I/home/socsw_local/shnwind/rt63368_release/tclinux_phoenix/apps/public/libosip2-2.0.4/installDir/include  conftest.c -lresolv -losipparser2 -losip2 -L/home/socsw_local/shnwind/rt63368_release/tclinux_phoenix/apps/public/libosip2-2.0.4/installDir/lib   >&5
configure:7750: $? = 0
configure:7754: test -z 
			 || test ! -s conftest.err
configure:7757: $? = 0
configure:7760: test -s conftest
configure:7763: $? = 0
configure:7775: result: yes
configure:7866: checking for inet_pton
configure:7923: mips-linux-uclibc-gcc -mips32r2 -msoft-float -o conftest -g -O2 -pthread -D_POSIX_THREAD_SAFE_FUNCTIONS  -I/home/socsw_local/shnwind/rt63368_release/tclinux_phoenix/apps/public/libosip2-2.0.4/installDir/include  conftest.c -lresolv -losipparser2 -losip2 -L/home/socsw_local/shnwind/rt63368_release/tclinux_phoenix/apps/public/libosip2-2.0.4/installDir/lib   >&5
configure:7929: $? = 0
configure:7933: test -z 
			 || test ! -s conftest.err
configure:7936: $? = 0
configure:7939: test -s conftest
configure:7942: $? = 0
configure:7954: result: yes
configure:7866: checking for inet_ntop
configure:7923: mips-linux-uclibc-gcc -mips32r2 -msoft-float -o conftest -g -O2 -pthread -D_POSIX_THREAD_SAFE_FUNCTIONS  -I/home/socsw_local/shnwind/rt63368_release/tclinux_phoenix/apps/public/libosip2-2.0.4/installDir/include  conftest.c -lresolv -losipparser2 -losip2 -L/home/socsw_local/shnwind/rt63368_release/tclinux_phoenix/apps/public/libosip2-2.0.4/installDir/lib   >&5
configure:7929: $? = 0
configure:7933: test -z 
			 || test ! -s conftest.err
configure:7936: $? = 0
configure:7939: test -s conftest
configure:7942: $? = 0
configure:7954: result: yes
configure:7866: checking for inet_aton
configure:7923: mips-linux-uclibc-gcc -mips32r2 -msoft-float -o conftest -g -O2 -pthread -D_POSIX_THREAD_SAFE_FUNCTIONS  -I/home/socsw_local/shnwind/rt63368_release/tclinux_phoenix/apps/public/libosip2-2.0.4/installDir/include  conftest.c -lresolv -losipparser2 -losip2 -L/home/socsw_local/shnwind/rt63368_release/tclinux_phoenix/apps/public/libosip2-2.0.4/installDir/lib   >&5
configure:7929: $? = 0
configure:7933: test -z 
			 || test ! -s conftest.err
configure:7936: $? = 0
configure:7939: test -s conftest
configure:7942: $? = 0
configure:7954: result: yes
configure:7866: checking for inet_ntoa
configure:7923: mips-linux-uclibc-gcc -mips32r2 -msoft-float -o conftest -g -O2 -pthread -D_POSIX_THREAD_SAFE_FUNCTIONS  -I/home/socsw_local/shnwind/rt63368_release/tclinux_phoenix/apps/public/libosip2-2.0.4/installDir/include  conftest.c -lresolv -losipparser2 -losip2 -L/home/socsw_local/shnwind/rt63368_release/tclinux_phoenix/apps/public/libosip2-2.0.4/installDir/lib   >&5
configure:7929: $? = 0
configure:7933: test -z 
			 || test ! -s conftest.err
configure:7936: $? = 0
configure:7939: test -s conftest
configure:7942: $? = 0
configure:7954: result: yes
configure:7969: checking for pthread_setschedparam
configure:8026: mips-linux-uclibc-gcc -mips32r2 -msoft-float -o conftest -g -O2 -pthread -D_POSIX_THREAD_SAFE_FUNCTIONS  -I/home/socsw_local/shnwind/rt63368_release/tclinux_phoenix/apps/public/libosip2-2.0.4/installDir/include  conftest.c -lresolv -losipparser2 -losip2 -L/home/socsw_local/shnwind/rt63368_release/tclinux_phoenix/apps/public/libosip2-2.0.4/installDir/lib   >&5
configure:8032: $? = 0
configure:8036: test -z 
			 || test ! -s conftest.err
configure:8039: $? = 0
configure:8042: test -s conftest
configure:8045: $? = 0
configure:8057: result: yes
configure:7969: checking for sched_get_priority_min
configure:8026: mips-linux-uclibc-gcc -mips32r2 -msoft-float -o conftest -g -O2 -pthread -D_POSIX_THREAD_SAFE_FUNCTIONS  -I/home/socsw_local/shnwind/rt63368_release/tclinux_phoenix/apps/public/libosip2-2.0.4/installDir/include  conftest.c -lresolv -losipparser2 -losip2 -L/home/socsw_local/shnwind/rt63368_release/tclinux_phoenix/apps/public/libosip2-2.0.4/installDir/lib   >&5
configure:8032: $? = 0
configure:8036: test -z 
			 || test ! -s conftest.err
configure:8039: $? = 0
configure:8042: test -s conftest
configure:8045: $? = 0
configure:8057: result: yes
configure:8071: checking for sched_get_priority_max
configure:8128: mips-linux-uclibc-gcc -mips32r2 -msoft-float -o conftest -g -O2 -pthread -D_POSIX_THREAD_SAFE_FUNCTIONS  -I/home/socsw_local/shnwind/rt63368_release/tclinux_phoenix/apps/public/libosip2-2.0.4/installDir/include  conftest.c -lresolv -losipparser2 -losip2 -L/home/socsw_local/shnwind/rt63368_release/tclinux_phoenix/apps/public/libosip2-2.0.4/installDir/lib   >&5
configure:8134: $? = 0
configure:8138: test -z 
			 || test ! -s conftest.err
configure:8141: $? = 0
configure:8144: test -s conftest
configure:8147: $? = 0
configure:8159: result: yes
configure:8315: creating ./config.status

## ---------------- ##
## Cache variables. ##
## ---------------- ##

ac_cv_build=x86_64-redhat-linux-gnu
ac_cv_build_alias=x86_64-redhat-linux-gnu
ac_cv_c_compiler_gnu=yes
ac_cv_c_const=yes
ac_cv_env_CC_set=set
ac_cv_env_CC_value='mips-linux-uclibc-gcc -mips32r2 -msoft-float'
ac_cv_env_CFLAGS_set=
ac_cv_env_CFLAGS_value=
ac_cv_env_CPPFLAGS_set=
ac_cv_env_CPPFLAGS_value=
ac_cv_env_CPP_set=
ac_cv_env_CPP_value=
ac_cv_env_LDFLAGS_set=
ac_cv_env_LDFLAGS_value=
ac_cv_env_build_alias_set=
ac_cv_env_build_alias_value=
ac_cv_env_host_alias_set=set
ac_cv_env_host_alias_value=mips-linux
ac_cv_env_target_alias_set=
ac_cv_env_target_alias_value=
ac_cv_exeext=
ac_cv_func__doprnt=no
ac_cv_func_accept=yes
ac_cv_func_bind=yes
ac_cv_func_chroot=yes
ac_cv_func_fcntl=yes
ac_cv_func_fgets=yes
ac_cv_func_getgid=yes
ac_cv_func_gethostbyname=yes
ac_cv_func_gethostbyname_r=yes
ac_cv_func_getopt_long=yes
ac_cv_func_getpwnam=yes
ac_cv_func_getuid=yes
ac_cv_func_hstrerror=yes
ac_cv_func_inet_aton=yes
ac_cv_func_inet_ntoa=yes
ac_cv_func_inet_ntop=yes
ac_cv_func_inet_pton=yes
ac_cv_func_listen=yes
ac_cv_func_memcmp_working=no
ac_cv_func_osip_body_to_str=yes
ac_cv_func_osip_message_parse=yes
ac_cv_func_osip_message_set_body=yes
ac_cv_func_osip_message_to_str=yes
ac_cv_func_pthread_setschedparam=yes
ac_cv_func_read=yes
ac_cv_func_sched_get_priority_max=yes
ac_cv_func_sched_get_priority_min=yes
ac_cv_func_select=yes
ac_cv_func_send=yes
ac_cv_func_sendto=yes
ac_cv_func_setgid=yes
ac_cv_func_setsid=yes
ac_cv_func_setuid=yes
ac_cv_func_socket=yes
ac_cv_func_sprintf=yes
ac_cv_func_sscanf=yes
ac_cv_func_strchr=yes
ac_cv_func_strerror=yes
ac_cv_func_strncpy=yes
ac_cv_func_strstr=yes
ac_cv_func_syslog=yes
ac_cv_func_vfprintf=yes
ac_cv_func_vprintf=yes
ac_cv_func_vsnprintf=yes
ac_cv_header_errno_h=yes
ac_cv_header_getopt_h=yes
ac_cv_header_inttypes_h=yes
ac_cv_header_memory_h=yes
ac_cv_header_netdb_h=yes
ac_cv_header_pwd_h=yes
ac_cv_header_stdarg_h=yes
ac_cv_header_stdc=yes
ac_cv_header_stdint_h=yes
ac_cv_header_stdlib_h=yes
ac_cv_header_string_h=yes
ac_cv_header_strings_h=yes
ac_cv_header_sys_socket_h=yes
ac_cv_header_sys_stat_h=yes
ac_cv_header_sys_time_h=yes
ac_cv_header_sys_types_h=yes
ac_cv_header_time=yes
ac_cv_header_unistd_h=yes
ac_cv_header_varargs_h=no
ac_cv_host=mips-unknown-linux-gnu
ac_cv_host_alias=mips-linux
ac_cv_lib_osip2_osip_init=yes
ac_cv_lib_osipparser2_parser_init=yes
ac_cv_lib_resolv___res_query=yes
ac_cv_lib_resolv_res_query=no
ac_cv_objext=o
ac_cv_path_install='/usr/bin/install -c'
ac_cv_prog_AWK=gawk
ac_cv_prog_CC='mips-linux-uclibc-gcc -mips32r2 -msoft-float'
ac_cv_prog_CPP='mips-linux-uclibc-gcc -mips32r2 -msoft-float -E'
ac_cv_prog_PTHREAD_CC='mips-linux-uclibc-gcc -mips32r2 -msoft-float'
ac_cv_prog_RANLIB=mips-linux-ranlib
ac_cv_prog_STRIP=mips-linux-uclibc-strip
ac_cv_prog_cc_g=yes
ac_cv_prog_cc_stdc=
ac_cv_prog_docbook2html=yes
ac_cv_prog_docbook2pdf=yes
ac_cv_prog_egrep='grep -E'
ac_cv_prog_make_make_set=yes
ac_cv_struct_tm=time.h
ac_cv_target=mips-unknown-linux-gnu
ac_cv_target_alias=mips-linux
ac_cv_type_size_t=yes
ac_cv_type_socklen_t=yes
am_cv_CC_dependencies_compiler_type=gcc3

## ----------------- ##
## Output variables. ##
## ----------------- ##

ACLOCAL='${SHELL} /home/socsw_local/shnwind/rt63368_release/tclinux_phoenix/apps/public/siproxd-0.5.12/scripts/missing --run aclocal-1.7'
AMDEPBACKSLASH='\'
AMDEP_FALSE='#'
AMDEP_TRUE=''
AMTAR='${SHELL} /home/socsw_local/shnwind/rt63368_release/tclinux_phoenix/apps/public/siproxd-0.5.12/scripts/missing --run tar'
AUTOCONF='${SHELL} /home/socsw_local/shnwind/rt63368_release/tclinux_phoenix/apps/public/siproxd-0.5.12/scripts/missing --run autoconf'
AUTOHEADER='${SHELL} /home/socsw_local/shnwind/rt63368_release/tclinux_phoenix/apps/public/siproxd-0.5.12/scripts/missing --run autoheader'
AUTOMAKE='${SHELL} /home/socsw_local/shnwind/rt63368_release/tclinux_phoenix/apps/public/siproxd-0.5.12/scripts/missing --run automake-1.7'
AWK='gawk'
CC='mips-linux-uclibc-gcc -mips32r2 -msoft-float'
CCDEPMODE='depmode=gcc3'
CFLAGS='-g -O2 -pthread -D_POSIX_THREAD_SAFE_FUNCTIONS'
CPP='mips-linux-uclibc-gcc -mips32r2 -msoft-float -E'
CPPFLAGS=' -I/home/socsw_local/shnwind/rt63368_release/tclinux_phoenix/apps/public/libosip2-2.0.4/installDir/include'
CYGPATH_W='echo'
DEFS='-DHAVE_CONFIG_H'
DEPDIR='.deps'
ECHO_C=''
ECHO_N='-n'
ECHO_T=''
EGREP='grep -E'
EXEEXT=''
INSTALL_DATA='${INSTALL} -m 644'
INSTALL_PROGRAM='${INSTALL}'
INSTALL_SCRIPT='${INSTALL}'
INSTALL_STRIP_PROGRAM='${SHELL} $(install_sh) -c -s'
LDFLAGS=''
LIBOBJS=' memcmp$U.o'
LIBS='-lresolv -losipparser2 -losip2 -L/home/socsw_local/shnwind/rt63368_release/tclinux_phoenix/apps/public/libosip2-2.0.4/installDir/lib   '
LN_S='ln -s'
LTLIBOBJS=' memcmp$U.lo'
MAKEINFO='${SHELL} /home/socsw_local/shnwind/rt63368_release/tclinux_phoenix/apps/public/siproxd-0.5.12/scripts/missing --run makeinfo'
OBJEXT='o'
PACKAGE='siproxd'
PACKAGE_BUGREPORT=''
PACKAGE_NAME=''
PACKAGE_STRING=''
PACKAGE_TARNAME=''
PACKAGE_VERSION=''
PATH_SEPARATOR=':'
PTHREAD_CC='mips-linux-uclibc-gcc -mips32r2 -msoft-float'
PTHREAD_CFLAGS='-pthread'
PTHREAD_LIBS=''
RANLIB='mips-linux-ranlib'
SET_MAKE=''
SHELL='/bin/sh'
STRIP='mips-linux-uclibc-strip'
VERSION='0.5.12'
ac_ct_CC=''
ac_ct_RANLIB=''
ac_ct_STRIP=''
am__fastdepCC_FALSE='#'
am__fastdepCC_TRUE=''
am__include='include'
am__leading_dot='.'
am__quote=''
bindir='${exec_prefix}/bin'
build='x86_64-redhat-linux-gnu'
build_alias=''
build_cpu='x86_64'
build_os='linux-gnu'
build_vendor='redhat'
datadir='${prefix}/share'
docbook2html='yes'
docbook2pdf='yes'
exec_prefix='${prefix}'
extra_includes=''
extra_libs=''
have_docbook2html_FALSE='#'
have_docbook2html_TRUE=''
have_docbook2pdf_FALSE='#'
have_docbook2pdf_TRUE=''
host='mips-unknown-linux-gnu'
host_alias='mips-linux'
host_cpu='mips'
host_os='linux-gnu'
host_vendor='unknown'
includedir='${prefix}/include'
infodir='${prefix}/info'
install_sh='/home/socsw_local/shnwind/rt63368_release/tclinux_phoenix/apps/public/siproxd-0.5.12/scripts/install-sh'
libdir='${exec_prefix}/lib'
libexecdir='${exec_prefix}/libexec'
libosip_prefix_dir='/home/socsw_local/shnwind/rt63368_release/tclinux_phoenix/apps/public/libosip2-2.0.4/installDir'
localstatedir='${prefix}/var'
mandir='${prefix}/man'
oldincludedir='/usr/include'
prefix='/home/socsw_local/shnwind/rt63368_release/tclinux_phoenix/apps/public/siproxd-0.5.12/installDir'
program_transform_name='s,x,x,'
sbindir='${exec_prefix}/sbin'
sharedstatedir='${prefix}/com'
sysconfdir='${prefix}/etc'
target='mips-unknown-linux-gnu'
target_alias=''
target_cpu='mips'
target_os='linux-gnu'
target_vendor='unknown'

## ----------- ##
## confdefs.h. ##
## ----------- ##

#define HAVE_ACCEPT 1
#define HAVE_BIND 1
#define HAVE_CHROOT 1
#define HAVE_ERRNO_H 1
#define HAVE_FCNTL 1
#define HAVE_FGETS 1
#define HAVE_FUNC_GETHOSTBYNAME_R_6
#define HAVE_GETGID 1
#define HAVE_GETHOSTBYNAME 1
#define HAVE_GETOPT_H 1
#define HAVE_GETOPT_LONG 1
#define HAVE_GETPWNAM 1
#define HAVE_GETUID 1
#define HAVE_HSTRERROR 1
#define HAVE_INET_ATON 1
#define HAVE_INET_NTOA 1
#define HAVE_INET_NTOP 1
#define HAVE_INET_PTON 1
#define HAVE_INTTYPES_H 1
#define HAVE_LIBOSIP2 1
#define HAVE_LIBOSIPPARSER2 1
#define HAVE_LIBRESOLV 1
#define HAVE_LISTEN 1
#define HAVE_MEMORY_H 1
#define HAVE_NETDB_H 1
#define HAVE_PTHREAD 1
#define HAVE_PTHREAD_SETSCHEDPARAM 1
#define HAVE_PWD_H 1
#define HAVE_READ 1
#define HAVE_SCHED_GET_PRIORITY_MAX 1
#define HAVE_SCHED_GET_PRIORITY_MIN 1
#define HAVE_SELECT 1
#define HAVE_SEND 1
#define HAVE_SENDTO 1
#define HAVE_SETGID 1
#define HAVE_SETSID 1
#define HAVE_SETUID 1
#define HAVE_SOCKET 1
#define HAVE_SPRINTF 1
#define HAVE_SSCANF 1
#define HAVE_STDARG_H 1
#define HAVE_STDINT_H 1
#define HAVE_STDLIB_H 1
#define HAVE_STRCHR 1
#define HAVE_STRERROR 1
#define HAVE_STRINGS_H 1
#define HAVE_STRING_H 1
#define HAVE_STRNCPY 1
#define HAVE_STRSTR 1
#define HAVE_SYSLOG 1
#define HAVE_SYS_SOCKET_H 1
#define HAVE_SYS_STAT_H 1
#define HAVE_SYS_TIME_H 1
#define HAVE_SYS_TYPES_H 1
#define HAVE_UNISTD_H 1
#define HAVE_VFPRINTF 1
#define HAVE_VPRINTF 1
#define HAVE_VSNPRINTF 1
#define PACKAGE "siproxd"
#define PACKAGE_BUGREPORT ""
#define PACKAGE_NAME ""
#define PACKAGE_STRING ""
#define PACKAGE_TARNAME ""
#define PACKAGE_VERSION ""
#define SIPROXDCONFPATH "/home/socsw_local/shnwind/rt63368_release/tclinux_phoenix/apps/public/siproxd-0.5.12/installDir/etc"
#define STDC_HEADERS 1
#define TIME_WITH_SYS_TIME 1
#define UNAME "mips-unknown-linux-gnu"
#define VERSION "0.5.12"
#define _LINUX

configure: exit 0

## ---------------------- ##
## Running config.status. ##
## ---------------------- ##

This file was extended by config.status, which was
generated by GNU Autoconf 2.59.  Invocation command line was

  CONFIG_FILES    = 
  CONFIG_HEADERS  = 
  CONFIG_LINKS    = 
  CONFIG_COMMANDS = 
  $ ./config.status Makefile

on sswlinux4

config.status:718: creating Makefile

## ---------------------- ##
## Running config.status. ##
## ---------------------- ##

This file was extended by config.status, which was
generated by GNU Autoconf 2.59.  Invocation command line was

  CONFIG_FILES    = 
  CONFIG_HEADERS  = 
  CONFIG_LINKS    = 
  CONFIG_COMMANDS = 
  $ ./config.status config.h

on sswlinux4

config.status:822: creating config.h
config.status:1052: config.h is unchanged

## ---------------------- ##
## Running config.status. ##
## ---------------------- ##

This file was extended by config.status, which was
generated by GNU Autoconf 2.59.  Invocation command line was

  CONFIG_FILES    = 
  CONFIG_HEADERS  = 
  CONFIG_LINKS    = 
  CONFIG_COMMANDS = 
  $ ./config.status src/Makefile depfiles

on sswlinux4

config.status:718: creating src/Makefile
config.status:1232: executing depfiles commands

## ---------------------- ##
## Running config.status. ##
## ---------------------- ##

This file was extended by config.status, which was
generated by GNU Autoconf 2.59.  Invocation command line was

  CONFIG_FILES    = 
  CONFIG_HEADERS  = 
  CONFIG_LINKS    = 
  CONFIG_COMMANDS = 
  $ ./config.status doc/Makefile

on sswlinux4

config.status:718: creating doc/Makefile

## ---------------------- ##
## Running config.status. ##
## ---------------------- ##

This file was extended by config.status, which was
generated by GNU Autoconf 2.59.  Invocation command line was

  CONFIG_FILES    = 
  CONFIG_HEADERS  = 
  CONFIG_LINKS    = 
  CONFIG_COMMANDS = 
  $ ./config.status scripts/Makefile

on sswlinux4

config.status:718: creating scripts/Makefile

## ---------------------- ##
## Running config.status. ##
## ---------------------- ##

This file was extended by config.status, which was
generated by GNU Autoconf 2.59.  Invocation command line was

  CONFIG_FILES    = 
  CONFIG_HEADERS  = 
  CONFIG_LINKS    = 
  CONFIG_COMMANDS = 
  $ ./config.status contrib/Makefile

on sswlinux4

config.status:718: creating contrib/Makefile
