This file contains any messages produced by compilers while
running configure, to aid debugging if configure makes a mistake.

It was created by configure, which was
generated by GNU Autoconf 2.59.  Invocation command line was

  $ ./configure --host=mips-linux --with-pic --prefix=/home/socsw_local/shnwind/rt63368_release/tclinux_phoenix/apps/public/libosip2-2.0.4/installDir CC=mips-linux-uclibc-gcc -mips32r2 -msoft-float host_alias=mips-linux --no-create --no-recursion

## --------- ##
## Platform. ##
## --------- ##

hostname = sswlinux4
uname -m = x86_64
uname -r = 2.6.9-89.ELsmp
uname -s = Linux
uname -v = #1 SMP Mon Jun 22 12:31:33 EDT 2009

/usr/bin/uname -p = unknown
/bin/uname -X     = unknown

/bin/arch              = x86_64
/usr/bin/arch -k       = unknown
/usr/convex/getsysinfo = unknown
hostinfo               = unknown
/bin/machine           = unknown
/usr/bin/oslevel       = unknown
/bin/universe          = unknown

PATH: /opt/trendchip/mips-linux-uclibc/usr/bin
PATH: /usr/lib64/qt-3.3/bin
PATH: /usr/kerberos/bin
PATH: /usr/local/bin
PATH: /usr/java/jre1.6.0_27/bin
PATH: /opt/trendchip/mips-linux26/bin
PATH: /opt/CodeSourcery/mips-4.2/bin
PATH: /home/user/socsw/svn/toolchain/tools
PATH: /home/user/socsw/svn/toolchain/tools/trx
PATH: /usr/local/bin
PATH: /bin
PATH: /usr/bin
PATH: /usr/X11R6/bin


## ----------- ##
## Core tests. ##
## ----------- ##

configure:1526: result: Configuring libosip2 2.0.4
configure:1574: checking for a BSD-compatible install
configure:1629: result: /usr/bin/install -c
configure:1640: checking whether build environment is sane
configure:1683: result: yes
configure:1708: WARNING: `missing' script is too old or missing
configure:1716: checking for gawk
configure:1732: found /bin/gawk
configure:1742: result: gawk
configure:1752: checking whether make sets $(MAKE)
configure:1772: result: yes
configure:1832: checking for mips-linux-strip
configure:1858: result: mips-linux-uclibc-strip
configure:1940: checking build system type
configure:1958: result: x86_64-unknown-linux-gnu
configure:1966: checking host system type
configure:1980: result: mips-unknown-linux-gnu
configure:1998: checking for mips-linux-gcc
configure:2024: result: mips-linux-uclibc-gcc -mips32r2 -msoft-float
configure:2306: checking for C compiler version
configure:2309: mips-linux-uclibc-gcc -mips32r2 -msoft-float --version </dev/null >&5
mips-linux-uclibc-gcc (GCC) 4.3.4
Copyright (C) 2008 Free Software Foundation, Inc.
This is free software; see the source for copying conditions.  There is NO
warranty; not even for MERCHANTABILITY or FITNESS FOR A PARTICULAR PURPOSE.

configure:2312: $? = 0
configure:2314: mips-linux-uclibc-gcc -mips32r2 -msoft-float -v </dev/null >&5
Using built-in specs.
Target: mips-linux-uclibc
Configured with: /home/socsw_local/lino/toolchain/tc3262/buildroot-2009.11/output/toolchain/gcc-4.3.4/configure --prefix=/usr --build=i386-pc-linux-gnu --host=i386-pc-linux-gnu --target=mips-linux-uclibc --enable-languages=c,c++ --with-sysroot=/opt/trendchip/mips-linux-uclibc --with-build-time-tools=/opt/trendchip/mips-linux-uclibc/usr/mips-linux-uclibc/bin --disable-__cxa_atexit --enable-target-optspace --with-gnu-ld --disable-libssp --enable-tls --enable-shared --with-gmp=/home/socsw_local/lino/toolchain/tc3262/buildroot-2009.11/output/toolchain/gmp --with-mpfr=/home/socsw_local/lino/toolchain/tc3262/buildroot-2009.11/output/toolchain/mpfr --disable-nls --enable-threads --disable-multilib --disable-decimal-float --with-float=soft --with-abi=32 --with-tune=mips32r2
Thread model: posix
gcc version 4.3.4 (GCC) 
configure:2317: $? = 0
configure:2319: mips-linux-uclibc-gcc -mips32r2 -msoft-float -V </dev/null >&5
mips-linux-uclibc-gcc: '-V' must come at the start of the command line
configure:2322: $? = 1
configure:2345: checking for C compiler default output file name
configure:2348: mips-linux-uclibc-gcc -mips32r2 -msoft-float    conftest.c  >&5
configure:2351: $? = 0
configure:2397: result: a.out
configure:2402: checking whether the C compiler works
configure:2408: ./a.out
./configure: line 2409: ./a.out: cannot execute binary file
configure:2411: $? = 126
configure:2428: result: yes
configure:2435: checking whether we are cross compiling
configure:2437: result: yes
configure:2440: checking for suffix of executables
configure:2442: mips-linux-uclibc-gcc -mips32r2 -msoft-float -o conftest    conftest.c  >&5
configure:2445: $? = 0
configure:2470: result: 
configure:2476: checking for suffix of object files
configure:2497: mips-linux-uclibc-gcc -mips32r2 -msoft-float -c   conftest.c >&5
configure:2500: $? = 0
configure:2522: result: o
configure:2526: checking whether we are using the GNU C compiler
configure:2550: mips-linux-uclibc-gcc -mips32r2 -msoft-float -c   conftest.c >&5
configure:2556: $? = 0
configure:2560: test -z 
			 || test ! -s conftest.err
configure:2563: $? = 0
configure:2566: test -s conftest.o
configure:2569: $? = 0
configure:2582: result: yes
configure:2588: checking whether mips-linux-uclibc-gcc -mips32r2 -msoft-float accepts -g
configure:2609: mips-linux-uclibc-gcc -mips32r2 -msoft-float -c -g  conftest.c >&5
configure:2615: $? = 0
configure:2619: test -z 
			 || test ! -s conftest.err
configure:2622: $? = 0
configure:2625: test -s conftest.o
configure:2628: $? = 0
configure:2639: result: yes
configure:2656: checking for mips-linux-uclibc-gcc -mips32r2 -msoft-float option to accept ANSI C
configure:2726: mips-linux-uclibc-gcc -mips32r2 -msoft-float  -c -g -O2  conftest.c >&5
configure:2732: $? = 0
configure:2736: test -z 
			 || test ! -s conftest.err
configure:2739: $? = 0
configure:2742: test -s conftest.o
configure:2745: $? = 0
configure:2763: result: none needed
configure:2781: mips-linux-uclibc-gcc -mips32r2 -msoft-float -c -g -O2  conftest.c >&5
conftest.c:2: error: expected '=', ',', ';', 'asm' or '__attribute__' before 'me'
configure:2787: $? = 1
configure: failed program was:
| #ifndef __cplusplus
|   choke me
| #endif
configure:2939: checking for style of include used by make
configure:2967: result: GNU
configure:2995: checking dependency style of mips-linux-uclibc-gcc -mips32r2 -msoft-float
configure:3057: result: gcc3
configure:3067: checking how to run the C preprocessor
configure:3102: mips-linux-uclibc-gcc -mips32r2 -msoft-float -E  conftest.c
configure:3108: $? = 0
configure:3140: mips-linux-uclibc-gcc -mips32r2 -msoft-float -E  conftest.c
conftest.c:11:28: error: ac_nonexistent.h: No such file or directory
configure:3146: $? = 1
configure: failed program was:
| /* confdefs.h.  */
| 
| #define PACKAGE_NAME ""
| #define PACKAGE_TARNAME ""
| #define PACKAGE_VERSION ""
| #define PACKAGE_STRING ""
| #define PACKAGE_BUGREPORT ""
| #define PACKAGE "libosip2"
| #define VERSION "2.0.4"
| /* end confdefs.h.  */
| #include <ac_nonexistent.h>
configure:3185: result: mips-linux-uclibc-gcc -mips32r2 -msoft-float -E
configure:3209: mips-linux-uclibc-gcc -mips32r2 -msoft-float -E  conftest.c
configure:3215: $? = 0
configure:3247: mips-linux-uclibc-gcc -mips32r2 -msoft-float -E  conftest.c
conftest.c:11:28: error: ac_nonexistent.h: No such file or directory
configure:3253: $? = 1
configure: failed program was:
| /* confdefs.h.  */
| 
| #define PACKAGE_NAME ""
| #define PACKAGE_TARNAME ""
| #define PACKAGE_VERSION ""
| #define PACKAGE_STRING ""
| #define PACKAGE_BUGREPORT ""
| #define PACKAGE "libosip2"
| #define VERSION "2.0.4"
| /* end confdefs.h.  */
| #include <ac_nonexistent.h>
configure:3309: checking for a BSD-compatible install
configure:3364: result: /usr/bin/install -c
configure:3377: checking for a sed that does not truncate output
configure:3431: result: /bin/sed
configure:3506: checking for egrep
configure:3516: result: grep -E
configure:3532: checking for ld used by mips-linux-uclibc-gcc -mips32r2 -msoft-float
configure:3599: result: /home/user/socsw/svn/toolchain/trendchip/mips-linux-uclibc/usr/mips-linux-uclibc/bin/ld
configure:3608: checking if the linker (/home/user/socsw/svn/toolchain/trendchip/mips-linux-uclibc/usr/mips-linux-uclibc/bin/ld) is GNU ld
configure:3623: result: yes
configure:3628: checking for /home/user/socsw/svn/toolchain/trendchip/mips-linux-uclibc/usr/mips-linux-uclibc/bin/ld option to reload object files
configure:3635: result: -r
configure:3644: checking for BSD-compatible nm
configure:3686: result: /opt/trendchip/mips-linux-uclibc/usr/bin/mips-linux-nm -B
configure:3690: checking whether ln -s works
configure:3694: result: yes
configure:3701: checking how to recognise dependent libraries
configure:3903: result: pass_all
configure:4113: checking for ANSI C header files
configure:4138: mips-linux-uclibc-gcc -mips32r2 -msoft-float -c -g -O2  conftest.c >&5
configure:4144: $? = 0
configure:4148: test -z 
			 || test ! -s conftest.err
configure:4151: $? = 0
configure:4154: test -s conftest.o
configure:4157: $? = 0
configure:4269: result: yes
configure:4293: checking for sys/types.h
configure:4309: mips-linux-uclibc-gcc -mips32r2 -msoft-float -c -g -O2  conftest.c >&5
configure:4315: $? = 0
configure:4319: test -z 
			 || test ! -s conftest.err
configure:4322: $? = 0
configure:4325: test -s conftest.o
configure:4328: $? = 0
configure:4339: result: yes
configure:4293: checking for sys/stat.h
configure:4309: mips-linux-uclibc-gcc -mips32r2 -msoft-float -c -g -O2  conftest.c >&5
configure:4315: $? = 0
configure:4319: test -z 
			 || test ! -s conftest.err
configure:4322: $? = 0
configure:4325: test -s conftest.o
configure:4328: $? = 0
configure:4339: result: yes
configure:4293: checking for stdlib.h
configure:4309: mips-linux-uclibc-gcc -mips32r2 -msoft-float -c -g -O2  conftest.c >&5
configure:4315: $? = 0
configure:4319: test -z 
			 || test ! -s conftest.err
configure:4322: $? = 0
configure:4325: test -s conftest.o
configure:4328: $? = 0
configure:4339: result: yes
configure:4293: checking for string.h
configure:4309: mips-linux-uclibc-gcc -mips32r2 -msoft-float -c -g -O2  conftest.c >&5
configure:4315: $? = 0
configure:4319: test -z 
			 || test ! -s conftest.err
configure:4322: $? = 0
configure:4325: test -s conftest.o
configure:4328: $? = 0
configure:4339: result: yes
configure:4293: checking for memory.h
configure:4309: mips-linux-uclibc-gcc -mips32r2 -msoft-float -c -g -O2  conftest.c >&5
configure:4315: $? = 0
configure:4319: test -z 
			 || test ! -s conftest.err
configure:4322: $? = 0
configure:4325: test -s conftest.o
configure:4328: $? = 0
configure:4339: result: yes
configure:4293: checking for strings.h
configure:4309: mips-linux-uclibc-gcc -mips32r2 -msoft-float -c -g -O2  conftest.c >&5
configure:4315: $? = 0
configure:4319: test -z 
			 || test ! -s conftest.err
configure:4322: $? = 0
configure:4325: test -s conftest.o
configure:4328: $? = 0
configure:4339: result: yes
configure:4293: checking for inttypes.h
configure:4309: mips-linux-uclibc-gcc -mips32r2 -msoft-float -c -g -O2  conftest.c >&5
configure:4315: $? = 0
configure:4319: test -z 
			 || test ! -s conftest.err
configure:4322: $? = 0
configure:4325: test -s conftest.o
configure:4328: $? = 0
configure:4339: result: yes
configure:4293: checking for stdint.h
configure:4309: mips-linux-uclibc-gcc -mips32r2 -msoft-float -c -g -O2  conftest.c >&5
configure:4315: $? = 0
configure:4319: test -z 
			 || test ! -s conftest.err
configure:4322: $? = 0
configure:4325: test -s conftest.o
configure:4328: $? = 0
configure:4339: result: yes
configure:4293: checking for unistd.h
configure:4309: mips-linux-uclibc-gcc -mips32r2 -msoft-float -c -g -O2  conftest.c >&5
configure:4315: $? = 0
configure:4319: test -z 
			 || test ! -s conftest.err
configure:4322: $? = 0
configure:4325: test -s conftest.o
configure:4328: $? = 0
configure:4339: result: yes
configure:4365: checking dlfcn.h usability
configure:4377: mips-linux-uclibc-gcc -mips32r2 -msoft-float -c -g -O2  conftest.c >&5
configure:4383: $? = 0
configure:4387: test -z 
			 || test ! -s conftest.err
configure:4390: $? = 0
configure:4393: test -s conftest.o
configure:4396: $? = 0
configure:4406: result: yes
configure:4410: checking dlfcn.h presence
configure:4420: mips-linux-uclibc-gcc -mips32r2 -msoft-float -E  conftest.c
configure:4426: $? = 0
configure:4446: result: yes
configure:4481: checking for dlfcn.h
configure:4488: result: yes
configure:4511: checking for mips-linux-g++
configure:4527: found /opt/trendchip/mips-linux-uclibc/usr/bin/mips-linux-g++
configure:4537: result: mips-linux-g++
configure:4595: checking for C++ compiler version
configure:4598: mips-linux-g++ --version </dev/null >&5
mips-linux-g++ (GCC) 4.3.4
Copyright (C) 2008 Free Software Foundation, Inc.
This is free software; see the source for copying conditions.  There is NO
warranty; not even for MERCHANTABILITY or FITNESS FOR A PARTICULAR PURPOSE.

configure:4601: $? = 0
configure:4603: mips-linux-g++ -v </dev/null >&5
Using built-in specs.
Target: mips-linux-uclibc
Configured with: /home/socsw_local/lino/toolchain/tc3262/buildroot-2009.11/output/toolchain/gcc-4.3.4/configure --prefix=/usr --build=i386-pc-linux-gnu --host=i386-pc-linux-gnu --target=mips-linux-uclibc --enable-languages=c,c++ --with-sysroot=/opt/trendchip/mips-linux-uclibc --with-build-time-tools=/opt/trendchip/mips-linux-uclibc/usr/mips-linux-uclibc/bin --disable-__cxa_atexit --enable-target-optspace --with-gnu-ld --disable-libssp --enable-tls --enable-shared --with-gmp=/home/socsw_local/lino/toolchain/tc3262/buildroot-2009.11/output/toolchain/gmp --with-mpfr=/home/socsw_local/lino/toolchain/tc3262/buildroot-2009.11/output/toolchain/mpfr --disable-nls --enable-threads --disable-multilib --disable-decimal-float --with-float=soft --with-abi=32 --with-tune=mips32r2
Thread model: posix
gcc version 4.3.4 (GCC) 
configure:4606: $? = 0
configure:4608: mips-linux-g++ -V </dev/null >&5
mips-linux-g++: '-V' option must have argument
configure:4611: $? = 1
configure:4614: checking whether we are using the GNU C++ compiler
configure:4638: mips-linux-g++ -c   conftest.cc >&5
configure:4644: $? = 0
configure:4648: test -z 
			 || test ! -s conftest.err
configure:4651: $? = 0
configure:4654: test -s conftest.o
configure:4657: $? = 0
configure:4670: result: yes
configure:4676: checking whether mips-linux-g++ accepts -g
configure:4697: mips-linux-g++ -c -g  conftest.cc >&5
configure:4703: $? = 0
configure:4707: test -z 
			 || test ! -s conftest.err
configure:4710: $? = 0
configure:4713: test -s conftest.o
configure:4716: $? = 0
configure:4727: result: yes
configure:4769: mips-linux-g++ -c -g -O2  conftest.cc >&5
configure:4775: $? = 0
configure:4779: test -z 
			 || test ! -s conftest.err
configure:4782: $? = 0
configure:4785: test -s conftest.o
configure:4788: $? = 0
configure:4814: mips-linux-g++ -c -g -O2  conftest.cc >&5
conftest.cc: In function 'int main()':
conftest.cc:26: error: 'exit' was not declared in this scope
configure:4820: $? = 1
configure: failed program was:
| /* confdefs.h.  */
| 
| #define PACKAGE_NAME ""
| #define PACKAGE_TARNAME ""
| #define PACKAGE_VERSION ""
| #define PACKAGE_STRING ""
| #define PACKAGE_BUGREPORT ""
| #define PACKAGE "libosip2"
| #define VERSION "2.0.4"
| #define STDC_HEADERS 1
| #define HAVE_SYS_TYPES_H 1
| #define HAVE_SYS_STAT_H 1
| #define HAVE_STDLIB_H 1
| #define HAVE_STRING_H 1
| #define HAVE_MEMORY_H 1
| #define HAVE_STRINGS_H 1
| #define HAVE_INTTYPES_H 1
| #define HAVE_STDINT_H 1
| #define HAVE_UNISTD_H 1
| #define HAVE_DLFCN_H 1
| /* end confdefs.h.  */
| 
| int
| main ()
| {
| exit (42);
|   ;
|   return 0;
| }
configure:4769: mips-linux-g++ -c -g -O2  conftest.cc >&5
conftest.cc:22: error: 'void std::exit(int)' should have been declared inside 'std'
configure:4775: $? = 1
configure: failed program was:
| /* confdefs.h.  */
| 
| #define PACKAGE_NAME ""
| #define PACKAGE_TARNAME ""
| #define PACKAGE_VERSION ""
| #define PACKAGE_STRING ""
| #define PACKAGE_BUGREPORT ""
| #define PACKAGE "libosip2"
| #define VERSION "2.0.4"
| #define STDC_HEADERS 1
| #define HAVE_SYS_TYPES_H 1
| #define HAVE_SYS_STAT_H 1
| #define HAVE_STDLIB_H 1
| #define HAVE_STRING_H 1
| #define HAVE_MEMORY_H 1
| #define HAVE_STRINGS_H 1
| #define HAVE_INTTYPES_H 1
| #define HAVE_STDINT_H 1
| #define HAVE_UNISTD_H 1
| #define HAVE_DLFCN_H 1
| /* end confdefs.h.  */
| extern "C" void std::exit (int) throw (); using std::exit;
| #include <stdlib.h>
| int
| main ()
| {
| exit (42);
|   ;
|   return 0;
| }
configure:4769: mips-linux-g++ -c -g -O2  conftest.cc >&5
conftest.cc:22: error: 'void std::exit(int)' should have been declared inside 'std'
In file included from conftest.cc:23:
/opt/trendchip/mips-linux-uclibc/usr/include/stdlib.h:520: error: declaration of 'void std::exit(int) throw ()' throws different exceptions
conftest.cc:22: error: from previous declaration 'void std::exit(int)'
configure:4775: $? = 1
configure: failed program was:
| /* confdefs.h.  */
| 
| #define PACKAGE_NAME ""
| #define PACKAGE_TARNAME ""
| #define PACKAGE_VERSION ""
| #define PACKAGE_STRING ""
| #define PACKAGE_BUGREPORT ""
| #define PACKAGE "libosip2"
| #define VERSION "2.0.4"
| #define STDC_HEADERS 1
| #define HAVE_SYS_TYPES_H 1
| #define HAVE_SYS_STAT_H 1
| #define HAVE_STDLIB_H 1
| #define HAVE_STRING_H 1
| #define HAVE_MEMORY_H 1
| #define HAVE_STRINGS_H 1
| #define HAVE_INTTYPES_H 1
| #define HAVE_STDINT_H 1
| #define HAVE_UNISTD_H 1
| #define HAVE_DLFCN_H 1
| /* end confdefs.h.  */
| extern "C" void std::exit (int); using std::exit;
| #include <stdlib.h>
| int
| main ()
| {
| exit (42);
|   ;
|   return 0;
| }
configure:4769: mips-linux-g++ -c -g -O2  conftest.cc >&5
configure:4775: $? = 0
configure:4779: test -z 
			 || test ! -s conftest.err
configure:4782: $? = 0
configure:4785: test -s conftest.o
configure:4788: $? = 0
configure:4814: mips-linux-g++ -c -g -O2  conftest.cc >&5
configure:4820: $? = 0
configure:4824: test -z 
			 || test ! -s conftest.err
configure:4827: $? = 0
configure:4830: test -s conftest.o
configure:4833: $? = 0
configure:4858: checking dependency style of mips-linux-g++
configure:4920: result: gcc3
configure:4930: checking how to run the C++ preprocessor
configure:4961: mips-linux-g++ -E  conftest.cc
configure:4967: $? = 0
configure:4999: mips-linux-g++ -E  conftest.cc
conftest.cc:25:28: error: ac_nonexistent.h: No such file or directory
configure:5005: $? = 1
configure: failed program was:
| /* confdefs.h.  */
| 
| #define PACKAGE_NAME ""
| #define PACKAGE_TARNAME ""
| #define PACKAGE_VERSION ""
| #define PACKAGE_STRING ""
| #define PACKAGE_BUGREPORT ""
| #define PACKAGE "libosip2"
| #define VERSION "2.0.4"
| #define STDC_HEADERS 1
| #define HAVE_SYS_TYPES_H 1
| #define HAVE_SYS_STAT_H 1
| #define HAVE_STDLIB_H 1
| #define HAVE_STRING_H 1
| #define HAVE_MEMORY_H 1
| #define HAVE_STRINGS_H 1
| #define HAVE_INTTYPES_H 1
| #define HAVE_STDINT_H 1
| #define HAVE_UNISTD_H 1
| #define HAVE_DLFCN_H 1
| #ifdef __cplusplus
| extern "C" void exit (int) throw ();
| #endif
| /* end confdefs.h.  */
| #include <ac_nonexistent.h>
configure:5044: result: mips-linux-g++ -E
configure:5068: mips-linux-g++ -E  conftest.cc
configure:5074: $? = 0
configure:5106: mips-linux-g++ -E  conftest.cc
conftest.cc:25:28: error: ac_nonexistent.h: No such file or directory
configure:5112: $? = 1
configure: failed program was:
| /* confdefs.h.  */
| 
| #define PACKAGE_NAME ""
| #define PACKAGE_TARNAME ""
| #define PACKAGE_VERSION ""
| #define PACKAGE_STRING ""
| #define PACKAGE_BUGREPORT ""
| #define PACKAGE "libosip2"
| #define VERSION "2.0.4"
| #define STDC_HEADERS 1
| #define HAVE_SYS_TYPES_H 1
| #define HAVE_SYS_STAT_H 1
| #define HAVE_STDLIB_H 1
| #define HAVE_STRING_H 1
| #define HAVE_MEMORY_H 1
| #define HAVE_STRINGS_H 1
| #define HAVE_INTTYPES_H 1
| #define HAVE_STDINT_H 1
| #define HAVE_UNISTD_H 1
| #define HAVE_DLFCN_H 1
| #ifdef __cplusplus
| extern "C" void exit (int) throw ();
| #endif
| /* end confdefs.h.  */
| #include <ac_nonexistent.h>
configure:5165: checking for mips-linux-g77
configure:5194: result: no
configure:5165: checking for mips-linux-f77
configure:5194: result: no
configure:5165: checking for mips-linux-xlf
configure:5194: result: no
configure:5165: checking for mips-linux-frt
configure:5194: result: no
configure:5165: checking for mips-linux-pgf77
configure:5194: result: no
configure:5165: checking for mips-linux-fort77
configure:5194: result: no
configure:5165: checking for mips-linux-fl32
configure:5194: result: no
configure:5165: checking for mips-linux-af77
configure:5194: result: no
configure:5165: checking for mips-linux-f90
configure:5194: result: no
configure:5165: checking for mips-linux-xlf90
configure:5194: result: no
configure:5165: checking for mips-linux-pgf90
configure:5194: result: no
configure:5165: checking for mips-linux-epcf90
configure:5194: result: no
configure:5165: checking for mips-linux-f95
configure:5194: result: no
configure:5165: checking for mips-linux-fort
configure:5194: result: no
configure:5165: checking for mips-linux-xlf95
configure:5194: result: no
configure:5165: checking for mips-linux-ifc
configure:5194: result: no
configure:5165: checking for mips-linux-efc
configure:5194: result: no
configure:5165: checking for mips-linux-pgf95
configure:5194: result: no
configure:5165: checking for mips-linux-lf95
configure:5194: result: no
configure:5165: checking for mips-linux-gfortran
configure:5194: result: no
configure:5207: checking for g77
configure:5223: found /usr/bin/g77
configure:5233: result: g77
configure:5248: checking for Fortran 77 compiler version
configure:5251: g77 --version </dev/null >&5
GNU Fortran (GCC) 3.4.6 20060404 (Red Hat 3.4.6-11)
Copyright (C) 2006 Free Software Foundation, Inc.

GNU Fortran comes with NO WARRANTY, to the extent permitted by law.
You may redistribute copies of GNU Fortran
under the terms of the GNU General Public License.
For more information about these matters, see the file named COPYING
or type the command `info -f g77 Copying'.
configure:5254: $? = 0
configure:5256: g77 -v </dev/null >&5
Reading specs from /usr/lib/gcc/x86_64-redhat-linux/3.4.6/specs
Configured with: ../configure --prefix=/usr --mandir=/usr/share/man --infodir=/usr/share/info --enable-shared --enable-threads=posix --disable-checking --with-system-zlib --enable-__cxa_atexit --disable-libunwind-exceptions --enable-java-awt=gtk --host=x86_64-redhat-linux
Thread model: posix
gcc version 3.4.6 20060404 (Red Hat 3.4.6-11)
configure:5259: $? = 0
configure:5261: g77 -V </dev/null >&5
g77: `-V' option must have argument
configure:5264: $? = 1
configure:5272: checking whether we are using the GNU Fortran 77 compiler
configure:5286: g77 -c  conftest.F >&5
configure:5292: $? = 0
configure:5296: test -z 
			 || test ! -s conftest.err
configure:5299: $? = 0
configure:5302: test -s conftest.o
configure:5305: $? = 0
configure:5318: result: yes
configure:5324: checking whether g77 accepts -g
configure:5336: g77 -c -g conftest.f >&5
configure:5342: $? = 0
configure:5346: test -z 
			 || test ! -s conftest.err
configure:5349: $? = 0
configure:5352: test -s conftest.o
configure:5355: $? = 0
configure:5367: result: yes
configure:5397: checking the maximum length of command line arguments
configure:5462: result: 32768
configure:5473: checking command to parse /opt/trendchip/mips-linux-uclibc/usr/bin/mips-linux-nm -B output from mips-linux-uclibc-gcc -mips32r2 -msoft-float object
configure:5562: mips-linux-uclibc-gcc -mips32r2 -msoft-float -c -g -O2  conftest.c >&5
configure:5565: $? = 0
configure:5569: /opt/trendchip/mips-linux-uclibc/usr/bin/mips-linux-nm -B conftest.o \| sed -n -e 's/^.*[ 	]\([ABCDGIRSTW][ABCDGIRSTW]*\)[ 	][ 	]*\(\)\([_A-Za-z][_A-Za-z0-9]*\)$/\1 \2\3 \3/p' \> conftest.nm
configure:5572: $? = 0
configure:5624: mips-linux-uclibc-gcc -mips32r2 -msoft-float -o conftest -g -O2   conftest.c conftstm.o >&5
configure:5627: $? = 0
configure:5665: result: ok
configure:5669: checking for objdir
configure:5684: result: .libs
configure:5736: checking for mips-linux-ar
configure:5752: found /opt/trendchip/mips-linux-uclibc/usr/bin/mips-linux-ar
configure:5762: result: mips-linux-ar
configure:5816: checking for mips-linux-ranlib
configure:5832: found /opt/trendchip/mips-linux-uclibc/usr/bin/mips-linux-ranlib
configure:5842: result: mips-linux-ranlib
configure:5896: checking for mips-linux-strip
configure:5922: result: mips-linux-uclibc-strip
configure:6223: checking if mips-linux-uclibc-gcc -mips32r2 -msoft-float static flag  works
configure:6246: result: yes
configure:6264: checking if mips-linux-uclibc-gcc -mips32r2 -msoft-float supports -fno-rtti -fno-exceptions
configure:6282: mips-linux-uclibc-gcc -mips32r2 -msoft-float -c -g -O2  -fno-rtti -fno-exceptions conftest.c >&5
cc1: warning: command line option "-fno-rtti" is valid for C++/ObjC++ but not for C
configure:6286: $? = 0
configure:6297: result: no
configure:6312: checking for mips-linux-uclibc-gcc -mips32r2 -msoft-float option to produce PIC
configure:6489: result: -fPIC
configure:6497: checking if mips-linux-uclibc-gcc -mips32r2 -msoft-float PIC flag -fPIC works
configure:6515: mips-linux-uclibc-gcc -mips32r2 -msoft-float -c -g -O2  -fPIC -DPIC conftest.c >&5
configure:6519: $? = 0
configure:6530: result: yes
configure:6554: checking if mips-linux-uclibc-gcc -mips32r2 -msoft-float supports -c -o file.o
configure:6582: mips-linux-uclibc-gcc -mips32r2 -msoft-float -c -g -O2  -o out/conftest2.o conftest.c >&5
configure:6586: $? = 0
configure:6606: result: yes
configure:6632: checking whether the mips-linux-uclibc-gcc -mips32r2 -msoft-float linker (/home/user/socsw/svn/toolchain/trendchip/mips-linux-uclibc/usr/mips-linux-uclibc/bin/ld) supports shared libraries
configure:7480: result: yes
configure:7506: checking whether -lc should be explicitly linked in
configure:7511: mips-linux-uclibc-gcc -mips32r2 -msoft-float -c -g -O2  conftest.c >&5
configure:7514: $? = 0
configure:7528: mips-linux-uclibc-gcc -mips32r2 -msoft-float -shared conftest.o  -v -Wl,-soname -Wl,conftest -o conftest 2\>\&1 \| grep  -lc  \>/dev/null 2\>\&1
configure:7531: $? = 0
configure:7543: result: no
configure:7551: checking dynamic linker characteristics
configure:8073: result: GNU/Linux ld.so
configure:8077: checking how to hardcode library paths into programs
configure:8102: result: immediate
configure:8116: checking whether stripping libraries is possible
configure:8121: result: yes
configure:8951: checking if libtool supports shared libraries
configure:8953: result: yes
configure:8956: checking whether to build shared libraries
configure:9014: result: yes
configure:9017: checking whether to build static libraries
configure:9021: result: yes
configure:9113: creating libtool
configure:9660: checking for ld used by mips-linux-g++
configure:9727: result: /home/user/socsw/svn/toolchain/trendchip/mips-linux-uclibc/usr/mips-linux-uclibc/bin/ld
configure:9736: checking if the linker (/home/user/socsw/svn/toolchain/trendchip/mips-linux-uclibc/usr/mips-linux-uclibc/bin/ld) is GNU ld
configure:9751: result: yes
configure:9802: checking whether the mips-linux-g++ linker (/home/user/socsw/svn/toolchain/trendchip/mips-linux-uclibc/usr/mips-linux-uclibc/bin/ld) supports shared libraries
configure:10630: result: yes
configure:10648: mips-linux-g++ -c -g -O2  conftest.cc >&5
configure:10651: $? = 0
configure:10747: checking for mips-linux-g++ option to produce PIC
configure:10999: result: -fPIC
configure:11007: checking if mips-linux-g++ PIC flag -fPIC works
configure:11025: mips-linux-g++ -c -g -O2  -fPIC -DPIC conftest.cc >&5
configure:11029: $? = 0
configure:11040: result: yes
configure:11064: checking if mips-linux-g++ supports -c -o file.o
configure:11092: mips-linux-g++ -c -g -O2  -o out/conftest2.o conftest.cc >&5
configure:11096: $? = 0
configure:11116: result: yes
configure:11142: checking whether the mips-linux-g++ linker (/home/user/socsw/svn/toolchain/trendchip/mips-linux-uclibc/usr/mips-linux-uclibc/bin/ld) supports shared libraries
configure:11167: result: yes
configure:11238: checking dynamic linker characteristics
configure:11760: result: GNU/Linux ld.so
configure:11764: checking how to hardcode library paths into programs
configure:11789: result: immediate
configure:11803: checking whether stripping libraries is possible
configure:11808: result: yes
configure:13115: checking if libtool supports shared libraries
configure:13117: result: yes
configure:13120: checking whether to build shared libraries
configure:13138: result: yes
configure:13141: checking whether to build static libraries
configure:13145: result: yes
configure:13157: checking for g77 option to produce PIC
configure:13334: result: -fPIC
configure:13342: checking if g77 PIC flag -fPIC works
configure:13360: g77 -c -g -O2 -fPIC conftest.f >&5
configure:13364: $? = 0
configure:13375: result: yes
configure:13399: checking if g77 supports -c -o file.o
configure:13427: g77 -c -g -O2 -o out/conftest2.o conftest.f >&5
configure:13431: $? = 0
configure:13451: result: yes
configure:13477: checking whether the g77 linker (/home/user/socsw/svn/toolchain/trendchip/mips-linux-uclibc/usr/mips-linux-uclibc/bin/ld) supports shared libraries
configure:14305: result: yes
configure:14376: checking dynamic linker characteristics
configure:14898: result: GNU/Linux ld.so
configure:14902: checking how to hardcode library paths into programs
configure:14927: result: immediate
configure:14941: checking whether stripping libraries is possible
configure:14946: result: yes
configure:19249: checking for the pthreads library -lpthreads
configure:19287: mips-linux-uclibc-gcc -mips32r2 -msoft-float -o conftest -g -O2    conftest.c -lpthreads  >&5
/home/user/socsw/svn/toolchain/trendchip/mips-linux-uclibc/usr/bin/../lib/gcc/mips-linux-uclibc/4.3.4/../../../../mips-linux-uclibc/bin/ld: cannot find -lpthreads
collect2: ld returned 1 exit status
configure:19293: $? = 1
configure: failed program was:
| /* confdefs.h.  */
| 
| #define PACKAGE_NAME ""
| #define PACKAGE_TARNAME ""
| #define PACKAGE_VERSION ""
| #define PACKAGE_STRING ""
| #define PACKAGE_BUGREPORT ""
| #define PACKAGE "libosip2"
| #define VERSION "2.0.4"
| #define STDC_HEADERS 1
| #define HAVE_SYS_TYPES_H 1
| #define HAVE_SYS_STAT_H 1
| #define HAVE_STDLIB_H 1
| #define HAVE_STRING_H 1
| #define HAVE_MEMORY_H 1
| #define HAVE_STRINGS_H 1
| #define HAVE_INTTYPES_H 1
| #define HAVE_STDINT_H 1
| #define HAVE_UNISTD_H 1
| #define HAVE_DLFCN_H 1
| #ifdef __cplusplus
| extern "C" void exit (int) throw ();
| #endif
| /* end confdefs.h.  */
| #include <pthread.h>
| int
| main ()
| {
| pthread_t th; pthread_join(th, 0);
|                      pthread_attr_init(0); pthread_cleanup_push(0, 0);
|                      pthread_create(0,0,0,0); pthread_cleanup_pop(0);
|   ;
|   return 0;
| }
configure:19320: result: no
configure:19238: checking whether pthreads work without any flags
configure:19287: mips-linux-uclibc-gcc -mips32r2 -msoft-float -o conftest -g -O2    conftest.c   >&5
/tmp/cc0nNwxp.o: In function `main':
/home/socsw_local/shnwind/rt63368_release/tclinux_phoenix/apps/public/libosip2-2.0.4/conftest.c:29: undefined reference to `pthread_join'
/home/socsw_local/shnwind/rt63368_release/tclinux_phoenix/apps/public/libosip2-2.0.4/conftest.c:31: undefined reference to `pthread_create'
collect2: ld returned 1 exit status
configure:19293: $? = 1
configure: failed program was:
| /* confdefs.h.  */
| 
| #define PACKAGE_NAME ""
| #define PACKAGE_TARNAME ""
| #define PACKAGE_VERSION ""
| #define PACKAGE_STRING ""
| #define PACKAGE_BUGREPORT ""
| #define PACKAGE "libosip2"
| #define VERSION "2.0.4"
| #define STDC_HEADERS 1
| #define HAVE_SYS_TYPES_H 1
| #define HAVE_SYS_STAT_H 1
| #define HAVE_STDLIB_H 1
| #define HAVE_STRING_H 1
| #define HAVE_MEMORY_H 1
| #define HAVE_STRINGS_H 1
| #define HAVE_INTTYPES_H 1
| #define HAVE_STDINT_H 1
| #define HAVE_UNISTD_H 1
| #define HAVE_DLFCN_H 1
| #ifdef __cplusplus
| extern "C" void exit (int) throw ();
| #endif
| /* end confdefs.h.  */
| #include <pthread.h>
| int
| main ()
| {
| pthread_t th; pthread_join(th, 0);
|                      pthread_attr_init(0); pthread_cleanup_push(0, 0);
|                      pthread_create(0,0,0,0); pthread_cleanup_pop(0);
|   ;
|   return 0;
| }
configure:19320: result: no
configure:19243: checking whether pthreads work with -Kthread
configure:19287: mips-linux-uclibc-gcc -mips32r2 -msoft-float -o conftest -g -O2 -Kthread   conftest.c   >&5
mips-linux-uclibc-gcc: unrecognized option '-Kthread'
/tmp/ccqm38Av.o: In function `main':
/home/socsw_local/shnwind/rt63368_release/tclinux_phoenix/apps/public/libosip2-2.0.4/conftest.c:29: undefined reference to `pthread_join'
/home/socsw_local/shnwind/rt63368_release/tclinux_phoenix/apps/public/libosip2-2.0.4/conftest.c:31: undefined reference to `pthread_create'
collect2: ld returned 1 exit status
configure:19293: $? = 1
configure: failed program was:
| /* confdefs.h.  */
| 
| #define PACKAGE_NAME ""
| #define PACKAGE_TARNAME ""
| #define PACKAGE_VERSION ""
| #define PACKAGE_STRING ""
| #define PACKAGE_BUGREPORT ""
| #define PACKAGE "libosip2"
| #define VERSION "2.0.4"
| #define STDC_HEADERS 1
| #define HAVE_SYS_TYPES_H 1
| #define HAVE_SYS_STAT_H 1
| #define HAVE_STDLIB_H 1
| #define HAVE_STRING_H 1
| #define HAVE_MEMORY_H 1
| #define HAVE_STRINGS_H 1
| #define HAVE_INTTYPES_H 1
| #define HAVE_STDINT_H 1
| #define HAVE_UNISTD_H 1
| #define HAVE_DLFCN_H 1
| #ifdef __cplusplus
| extern "C" void exit (int) throw ();
| #endif
| /* end confdefs.h.  */
| #include <pthread.h>
| int
| main ()
| {
| pthread_t th; pthread_join(th, 0);
|                      pthread_attr_init(0); pthread_cleanup_push(0, 0);
|                      pthread_create(0,0,0,0); pthread_cleanup_pop(0);
|   ;
|   return 0;
| }
configure:19320: result: no
configure:19243: checking whether pthreads work with -kthread
configure:19287: mips-linux-uclibc-gcc -mips32r2 -msoft-float -o conftest -g -O2 -kthread   conftest.c   >&5
mips-linux-uclibc-gcc: unrecognized option '-kthread'
/tmp/ccowmSAE.o: In function `main':
/home/socsw_local/shnwind/rt63368_release/tclinux_phoenix/apps/public/libosip2-2.0.4/conftest.c:29: undefined reference to `pthread_join'
/home/socsw_local/shnwind/rt63368_release/tclinux_phoenix/apps/public/libosip2-2.0.4/conftest.c:31: undefined reference to `pthread_create'
collect2: ld returned 1 exit status
configure:19293: $? = 1
configure: failed program was:
| /* confdefs.h.  */
| 
| #define PACKAGE_NAME ""
| #define PACKAGE_TARNAME ""
| #define PACKAGE_VERSION ""
| #define PACKAGE_STRING ""
| #define PACKAGE_BUGREPORT ""
| #define PACKAGE "libosip2"
| #define VERSION "2.0.4"
| #define STDC_HEADERS 1
| #define HAVE_SYS_TYPES_H 1
| #define HAVE_SYS_STAT_H 1
| #define HAVE_STDLIB_H 1
| #define HAVE_STRING_H 1
| #define HAVE_MEMORY_H 1
| #define HAVE_STRINGS_H 1
| #define HAVE_INTTYPES_H 1
| #define HAVE_STDINT_H 1
| #define HAVE_UNISTD_H 1
| #define HAVE_DLFCN_H 1
| #ifdef __cplusplus
| extern "C" void exit (int) throw ();
| #endif
| /* end confdefs.h.  */
| #include <pthread.h>
| int
| main ()
| {
| pthread_t th; pthread_join(th, 0);
|                      pthread_attr_init(0); pthread_cleanup_push(0, 0);
|                      pthread_create(0,0,0,0); pthread_cleanup_pop(0);
|   ;
|   return 0;
| }
configure:19320: result: no
configure:19249: checking for the pthreads library -llthread
configure:19287: mips-linux-uclibc-gcc -mips32r2 -msoft-float -o conftest -g -O2    conftest.c -llthread  >&5
/home/user/socsw/svn/toolchain/trendchip/mips-linux-uclibc/usr/bin/../lib/gcc/mips-linux-uclibc/4.3.4/../../../../mips-linux-uclibc/bin/ld: cannot find -llthread
collect2: ld returned 1 exit status
configure:19293: $? = 1
configure: failed program was:
| /* confdefs.h.  */
| 
| #define PACKAGE_NAME ""
| #define PACKAGE_TARNAME ""
| #define PACKAGE_VERSION ""
| #define PACKAGE_STRING ""
| #define PACKAGE_BUGREPORT ""
| #define PACKAGE "libosip2"
| #define VERSION "2.0.4"
| #define STDC_HEADERS 1
| #define HAVE_SYS_TYPES_H 1
| #define HAVE_SYS_STAT_H 1
| #define HAVE_STDLIB_H 1
| #define HAVE_STRING_H 1
| #define HAVE_MEMORY_H 1
| #define HAVE_STRINGS_H 1
| #define HAVE_INTTYPES_H 1
| #define HAVE_STDINT_H 1
| #define HAVE_UNISTD_H 1
| #define HAVE_DLFCN_H 1
| #ifdef __cplusplus
| extern "C" void exit (int) throw ();
| #endif
| /* end confdefs.h.  */
| #include <pthread.h>
| int
| main ()
| {
| pthread_t th; pthread_join(th, 0);
|                      pthread_attr_init(0); pthread_cleanup_push(0, 0);
|                      pthread_create(0,0,0,0); pthread_cleanup_pop(0);
|   ;
|   return 0;
| }
configure:19320: result: no
configure:19243: checking whether pthreads work with -pthread
configure:19287: mips-linux-uclibc-gcc -mips32r2 -msoft-float -o conftest -g -O2 -pthread   conftest.c   >&5
configure:19293: $? = 0
configure:19297: test -z 
			 || test ! -s conftest.err
configure:19300: $? = 0
configure:19303: test -s conftest
configure:19306: $? = 0
configure:19320: result: yes
configure:19340: checking for joinable pthread attribute
configure:19358: mips-linux-uclibc-gcc -mips32r2 -msoft-float -o conftest -g -O2 -pthread   conftest.c   >&5
configure:19364: $? = 0
configure:19368: test -z 
			 || test ! -s conftest.err
configure:19371: $? = 0
configure:19374: test -s conftest
configure:19377: $? = 0
configure:19443: result: PTHREAD_CREATE_JOINABLE
configure:19450: checking if more special flags are required for pthreads
configure:19457: result: no
configure:19469: checking for cc_r
configure:19496: result: mips-linux-uclibc-gcc -mips32r2 -msoft-float
configure:19851: checking semaphore.h usability
configure:19863: mips-linux-uclibc-gcc -mips32r2 -msoft-float -c -g -O2  conftest.c >&5
configure:19869: $? = 0
configure:19873: test -z 
			 || test ! -s conftest.err
configure:19876: $? = 0
configure:19879: test -s conftest.o
configure:19882: $? = 0
configure:19892: result: yes
configure:19896: checking semaphore.h presence
configure:19906: mips-linux-uclibc-gcc -mips32r2 -msoft-float -E  conftest.c
configure:19912: $? = 0
configure:19932: result: yes
configure:19967: checking for semaphore.h
configure:19974: result: yes
configure:20001: checking sys/sem.h usability
configure:20013: mips-linux-uclibc-gcc -mips32r2 -msoft-float -c -g -O2  conftest.c >&5
configure:20019: $? = 0
configure:20023: test -z 
			 || test ! -s conftest.err
configure:20026: $? = 0
configure:20029: test -s conftest.o
configure:20032: $? = 0
configure:20042: result: yes
configure:20046: checking sys/sem.h presence
configure:20056: mips-linux-uclibc-gcc -mips32r2 -msoft-float -E  conftest.c
configure:20062: $? = 0
configure:20082: result: yes
configure:20117: checking for sys/sem.h
configure:20124: result: yes
configure:20169: checking for sem_open in -lposix4
configure:20199: mips-linux-uclibc-gcc -mips32r2 -msoft-float -o conftest -g -O2   conftest.c -lposix4   >&5
/home/user/socsw/svn/toolchain/trendchip/mips-linux-uclibc/usr/bin/../lib/gcc/mips-linux-uclibc/4.3.4/../../../../mips-linux-uclibc/bin/ld: cannot find -lposix4
collect2: ld returned 1 exit status
configure:20205: $? = 1
configure: failed program was:
| /* confdefs.h.  */
| 
| #define PACKAGE_NAME ""
| #define PACKAGE_TARNAME ""
| #define PACKAGE_VERSION ""
| #define PACKAGE_STRING ""
| #define PACKAGE_BUGREPORT ""
| #define PACKAGE "libosip2"
| #define VERSION "2.0.4"
| #define STDC_HEADERS 1
| #define HAVE_SYS_TYPES_H 1
| #define HAVE_SYS_STAT_H 1
| #define HAVE_STDLIB_H 1
| #define HAVE_STRING_H 1
| #define HAVE_MEMORY_H 1
| #define HAVE_STRINGS_H 1
| #define HAVE_INTTYPES_H 1
| #define HAVE_STDINT_H 1
| #define HAVE_UNISTD_H 1
| #define HAVE_DLFCN_H 1
| #ifdef __cplusplus
| extern "C" void exit (int) throw ();
| #endif
| #define HAVE_PTHREAD 1
| #define HAVE_SEMAPHORE_H 1
| #define HAVE_SYS_SEM_H 1
| /* end confdefs.h.  */
| 
| /* Override any gcc2 internal prototype to avoid an error.  */
| #ifdef __cplusplus
| extern "C"
| #endif
| /* We use char because int might match the return type of a gcc2
|    builtin and then its argument prototype would still apply.  */
| char sem_open ();
| int
| main ()
| {
| sem_open ();
|   ;
|   return 0;
| }
configure:20231: result: no
configure:20237: checking for nis_add in -lnsl
configure:20267: mips-linux-uclibc-gcc -mips32r2 -msoft-float -o conftest -g -O2   conftest.c -lnsl   >&5
/tmp/cceSykwm.o: In function `main':
/home/socsw_local/shnwind/rt63368_release/tclinux_phoenix/apps/public/libosip2-2.0.4/conftest.c:39: undefined reference to `nis_add'
collect2: ld returned 1 exit status
configure:20273: $? = 1
configure: failed program was:
| /* confdefs.h.  */
| 
| #define PACKAGE_NAME ""
| #define PACKAGE_TARNAME ""
| #define PACKAGE_VERSION ""
| #define PACKAGE_STRING ""
| #define PACKAGE_BUGREPORT ""
| #define PACKAGE "libosip2"
| #define VERSION "2.0.4"
| #define STDC_HEADERS 1
| #define HAVE_SYS_TYPES_H 1
| #define HAVE_SYS_STAT_H 1
| #define HAVE_STDLIB_H 1
| #define HAVE_STRING_H 1
| #define HAVE_MEMORY_H 1
| #define HAVE_STRINGS_H 1
| #define HAVE_INTTYPES_H 1
| #define HAVE_STDINT_H 1
| #define HAVE_UNISTD_H 1
| #define HAVE_DLFCN_H 1
| #ifdef __cplusplus
| extern "C" void exit (int) throw ();
| #endif
| #define HAVE_PTHREAD 1
| #define HAVE_SEMAPHORE_H 1
| #define HAVE_SYS_SEM_H 1
| /* end confdefs.h.  */
| 
| /* Override any gcc2 internal prototype to avoid an error.  */
| #ifdef __cplusplus
| extern "C"
| #endif
| /* We use char because int might match the return type of a gcc2
|    builtin and then its argument prototype would still apply.  */
| char nis_add ();
| int
| main ()
| {
| nis_add ();
|   ;
|   return 0;
| }
configure:20299: result: no
configure:20305: checking for sendto in -lsocket
configure:20335: mips-linux-uclibc-gcc -mips32r2 -msoft-float -o conftest -g -O2   conftest.c -lsocket   >&5
/home/user/socsw/svn/toolchain/trendchip/mips-linux-uclibc/usr/bin/../lib/gcc/mips-linux-uclibc/4.3.4/../../../../mips-linux-uclibc/bin/ld: cannot find -lsocket
collect2: ld returned 1 exit status
configure:20341: $? = 1
configure: failed program was:
| /* confdefs.h.  */
| 
| #define PACKAGE_NAME ""
| #define PACKAGE_TARNAME ""
| #define PACKAGE_VERSION ""
| #define PACKAGE_STRING ""
| #define PACKAGE_BUGREPORT ""
| #define PACKAGE "libosip2"
| #define VERSION "2.0.4"
| #define STDC_HEADERS 1
| #define HAVE_SYS_TYPES_H 1
| #define HAVE_SYS_STAT_H 1
| #define HAVE_STDLIB_H 1
| #define HAVE_STRING_H 1
| #define HAVE_MEMORY_H 1
| #define HAVE_STRINGS_H 1
| #define HAVE_INTTYPES_H 1
| #define HAVE_STDINT_H 1
| #define HAVE_UNISTD_H 1
| #define HAVE_DLFCN_H 1
| #ifdef __cplusplus
| extern "C" void exit (int) throw ();
| #endif
| #define HAVE_PTHREAD 1
| #define HAVE_SEMAPHORE_H 1
| #define HAVE_SYS_SEM_H 1
| /* end confdefs.h.  */
| 
| /* Override any gcc2 internal prototype to avoid an error.  */
| #ifdef __cplusplus
| extern "C"
| #endif
| /* We use char because int might match the return type of a gcc2
|    builtin and then its argument prototype would still apply.  */
| char sendto ();
| int
| main ()
| {
| sendto ();
|   ;
|   return 0;
| }
configure:20367: result: no
configure:20387: checking for ANSI C header files
configure:20543: result: yes
configure:20558: checking for string.h
configure:20563: result: yes
configure:20708: checking for strings.h
configure:20713: result: yes
configure:20858: checking for stdlib.h
configure:20863: result: yes
configure:21008: checking for unistd.h
configure:21013: result: yes
configure:21158: checking for sys/types.h
configure:21163: result: yes
configure:21318: checking sys/unistd.h usability
configure:21330: mips-linux-uclibc-gcc -mips32r2 -msoft-float -c -g -O2  conftest.c >&5
configure:21336: $? = 0
configure:21340: test -z 
			 || test ! -s conftest.err
configure:21343: $? = 0
configure:21346: test -s conftest.o
configure:21349: $? = 0
configure:21359: result: yes
configure:21363: checking sys/unistd.h presence
configure:21373: mips-linux-uclibc-gcc -mips32r2 -msoft-float -E  conftest.c
configure:21379: $? = 0
configure:21399: result: yes
configure:21434: checking for sys/unistd.h
configure:21441: result: yes
configure:21468: checking syslog.h usability
configure:21480: mips-linux-uclibc-gcc -mips32r2 -msoft-float -c -g -O2  conftest.c >&5
configure:21486: $? = 0
configure:21490: test -z 
			 || test ! -s conftest.err
configure:21493: $? = 0
configure:21496: test -s conftest.o
configure:21499: $? = 0
configure:21509: result: yes
configure:21513: checking syslog.h presence
configure:21523: mips-linux-uclibc-gcc -mips32r2 -msoft-float -E  conftest.c
configure:21529: $? = 0
configure:21549: result: yes
configure:21584: checking for syslog.h
configure:21591: result: yes
configure:21618: checking ctype.h usability
configure:21630: mips-linux-uclibc-gcc -mips32r2 -msoft-float -c -g -O2  conftest.c >&5
configure:21636: $? = 0
configure:21640: test -z 
			 || test ! -s conftest.err
configure:21643: $? = 0
configure:21646: test -s conftest.o
configure:21649: $? = 0
configure:21659: result: yes
configure:21663: checking ctype.h presence
configure:21673: mips-linux-uclibc-gcc -mips32r2 -msoft-float -E  conftest.c
configure:21679: $? = 0
configure:21699: result: yes
configure:21734: checking for ctype.h
configure:21741: result: yes
configure:21768: checking stdio.h usability
configure:21780: mips-linux-uclibc-gcc -mips32r2 -msoft-float -c -g -O2  conftest.c >&5
configure:21786: $? = 0
configure:21790: test -z 
			 || test ! -s conftest.err
configure:21793: $? = 0
configure:21796: test -s conftest.o
configure:21799: $? = 0
configure:21809: result: yes
configure:21813: checking stdio.h presence
configure:21823: mips-linux-uclibc-gcc -mips32r2 -msoft-float -E  conftest.c
configure:21829: $? = 0
configure:21849: result: yes
configure:21884: checking for stdio.h
configure:21891: result: yes
configure:21918: checking stdarg.h usability
configure:21930: mips-linux-uclibc-gcc -mips32r2 -msoft-float -c -g -O2  conftest.c >&5
configure:21936: $? = 0
configure:21940: test -z 
			 || test ! -s conftest.err
configure:21943: $? = 0
configure:21946: test -s conftest.o
configure:21949: $? = 0
configure:21959: result: yes
configure:21963: checking stdarg.h presence
configure:21973: mips-linux-uclibc-gcc -mips32r2 -msoft-float -E  conftest.c
configure:21979: $? = 0
configure:21999: result: yes
configure:22034: checking for stdarg.h
configure:22041: result: yes
configure:22068: checking varargs.h usability
configure:22080: mips-linux-uclibc-gcc -mips32r2 -msoft-float -c -g -O2  conftest.c >&5
In file included from conftest.c:73:
/home/user/socsw/svn/toolchain/trendchip/mips-linux-uclibc/usr/bin/../lib/gcc/mips-linux-uclibc/4.3.4/include/varargs.h:4:2: error: #error "GCC no longer implements <varargs.h>."
/home/user/socsw/svn/toolchain/trendchip/mips-linux-uclibc/usr/bin/../lib/gcc/mips-linux-uclibc/4.3.4/include/varargs.h:5:2: error: #error "Revise your code to use <stdarg.h>."
configure:22086: $? = 1
configure: failed program was:
| /* confdefs.h.  */
| 
| #define PACKAGE_NAME ""
| #define PACKAGE_TARNAME ""
| #define PACKAGE_VERSION ""
| #define PACKAGE_STRING ""
| #define PACKAGE_BUGREPORT ""
| #define PACKAGE "libosip2"
| #define VERSION "2.0.4"
| #define STDC_HEADERS 1
| #define HAVE_SYS_TYPES_H 1
| #define HAVE_SYS_STAT_H 1
| #define HAVE_STDLIB_H 1
| #define HAVE_STRING_H 1
| #define HAVE_MEMORY_H 1
| #define HAVE_STRINGS_H 1
| #define HAVE_INTTYPES_H 1
| #define HAVE_STDINT_H 1
| #define HAVE_UNISTD_H 1
| #define HAVE_DLFCN_H 1
| #ifdef __cplusplus
| extern "C" void exit (int) throw ();
| #endif
| #define HAVE_PTHREAD 1
| #define HAVE_SEMAPHORE_H 1
| #define HAVE_SYS_SEM_H 1
| #define STDC_HEADERS 1
| #define HAVE_STRING_H 1
| #define HAVE_STRINGS_H 1
| #define HAVE_STDLIB_H 1
| #define HAVE_UNISTD_H 1
| #define HAVE_SYS_TYPES_H 1
| #define HAVE_SYS_UNISTD_H 1
| #define HAVE_SYSLOG_H 1
| #define HAVE_CTYPE_H 1
| #define HAVE_STDIO_H 1
| #define HAVE_STDARG_H 1
| /* end confdefs.h.  */
| #include <stdio.h>
| #if HAVE_SYS_TYPES_H
| # include <sys/types.h>
| #endif
| #if HAVE_SYS_STAT_H
| # include <sys/stat.h>
| #endif
| #if STDC_HEADERS
| # include <stdlib.h>
| # include <stddef.h>
| #else
| # if HAVE_STDLIB_H
| #  include <stdlib.h>
| # endif
| #endif
| #if HAVE_STRING_H
| # if !STDC_HEADERS && HAVE_MEMORY_H
| #  include <memory.h>
| # endif
| # include <string.h>
| #endif
| #if HAVE_STRINGS_H
| # include <strings.h>
| #endif
| #if HAVE_INTTYPES_H
| # include <inttypes.h>
| #else
| # if HAVE_STDINT_H
| #  include <stdint.h>
| # endif
| #endif
| #if HAVE_UNISTD_H
| # include <unistd.h>
| #endif
| #include <varargs.h>
configure:22109: result: no
configure:22113: checking varargs.h presence
configure:22123: mips-linux-uclibc-gcc -mips32r2 -msoft-float -E  conftest.c
In file included from conftest.c:39:
/home/user/socsw/svn/toolchain/trendchip/mips-linux-uclibc/usr/bin/../lib/gcc/mips-linux-uclibc/4.3.4/include/varargs.h:4:2: error: #error "GCC no longer implements <varargs.h>."
/home/user/socsw/svn/toolchain/trendchip/mips-linux-uclibc/usr/bin/../lib/gcc/mips-linux-uclibc/4.3.4/include/varargs.h:5:2: error: #error "Revise your code to use <stdarg.h>."
configure:22129: $? = 1
configure: failed program was:
| /* confdefs.h.  */
| 
| #define PACKAGE_NAME ""
| #define PACKAGE_TARNAME ""
| #define PACKAGE_VERSION ""
| #define PACKAGE_STRING ""
| #define PACKAGE_BUGREPORT ""
| #define PACKAGE "libosip2"
| #define VERSION "2.0.4"
| #define STDC_HEADERS 1
| #define HAVE_SYS_TYPES_H 1
| #define HAVE_SYS_STAT_H 1
| #define HAVE_STDLIB_H 1
| #define HAVE_STRING_H 1
| #define HAVE_MEMORY_H 1
| #define HAVE_STRINGS_H 1
| #define HAVE_INTTYPES_H 1
| #define HAVE_STDINT_H 1
| #define HAVE_UNISTD_H 1
| #define HAVE_DLFCN_H 1
| #ifdef __cplusplus
| extern "C" void exit (int) throw ();
| #endif
| #define HAVE_PTHREAD 1
| #define HAVE_SEMAPHORE_H 1
| #define HAVE_SYS_SEM_H 1
| #define STDC_HEADERS 1
| #define HAVE_STRING_H 1
| #define HAVE_STRINGS_H 1
| #define HAVE_STDLIB_H 1
| #define HAVE_UNISTD_H 1
| #define HAVE_SYS_TYPES_H 1
| #define HAVE_SYS_UNISTD_H 1
| #define HAVE_SYSLOG_H 1
| #define HAVE_CTYPE_H 1
| #define HAVE_STDIO_H 1
| #define HAVE_STDARG_H 1
| /* end confdefs.h.  */
| #include <varargs.h>
configure:22149: result: no
configure:22184: checking for varargs.h
configure:22191: result: no
configure:22218: checking fcntl.h usability
configure:22230: mips-linux-uclibc-gcc -mips32r2 -msoft-float -c -g -O2  conftest.c >&5
configure:22236: $? = 0
configure:22240: test -z 
			 || test ! -s conftest.err
configure:22243: $? = 0
configure:22246: test -s conftest.o
configure:22249: $? = 0
configure:22259: result: yes
configure:22263: checking fcntl.h presence
configure:22273: mips-linux-uclibc-gcc -mips32r2 -msoft-float -E  conftest.c
configure:22279: $? = 0
configure:22299: result: yes
configure:22334: checking for fcntl.h
configure:22341: result: yes
configure:22368: checking time.h usability
configure:22380: mips-linux-uclibc-gcc -mips32r2 -msoft-float -c -g -O2  conftest.c >&5
configure:22386: $? = 0
configure:22390: test -z 
			 || test ! -s conftest.err
configure:22393: $? = 0
configure:22396: test -s conftest.o
configure:22399: $? = 0
configure:22409: result: yes
configure:22413: checking time.h presence
configure:22423: mips-linux-uclibc-gcc -mips32r2 -msoft-float -E  conftest.c
configure:22429: $? = 0
configure:22449: result: yes
configure:22484: checking for time.h
configure:22491: result: yes
configure:22518: checking sys/time.h usability
configure:22530: mips-linux-uclibc-gcc -mips32r2 -msoft-float -c -g -O2  conftest.c >&5
configure:22536: $? = 0
configure:22540: test -z 
			 || test ! -s conftest.err
configure:22543: $? = 0
configure:22546: test -s conftest.o
configure:22549: $? = 0
configure:22559: result: yes
configure:22563: checking sys/time.h presence
configure:22573: mips-linux-uclibc-gcc -mips32r2 -msoft-float -E  conftest.c
configure:22579: $? = 0
configure:22599: result: yes
configure:22634: checking for sys/time.h
configure:22641: result: yes
configure:22668: checking sys/select.h usability
configure:22680: mips-linux-uclibc-gcc -mips32r2 -msoft-float -c -g -O2  conftest.c >&5
configure:22686: $? = 0
configure:22690: test -z 
			 || test ! -s conftest.err
configure:22693: $? = 0
configure:22696: test -s conftest.o
configure:22699: $? = 0
configure:22709: result: yes
configure:22713: checking sys/select.h presence
configure:22723: mips-linux-uclibc-gcc -mips32r2 -msoft-float -E  conftest.c
configure:22729: $? = 0
configure:22749: result: yes
configure:22784: checking for sys/select.h
configure:22791: result: yes
configure:22818: checking assert.h usability
configure:22830: mips-linux-uclibc-gcc -mips32r2 -msoft-float -c -g -O2  conftest.c >&5
configure:22836: $? = 0
configure:22840: test -z 
			 || test ! -s conftest.err
configure:22843: $? = 0
configure:22846: test -s conftest.o
configure:22849: $? = 0
configure:22859: result: yes
configure:22863: checking assert.h presence
configure:22873: mips-linux-uclibc-gcc -mips32r2 -msoft-float -E  conftest.c
configure:22879: $? = 0
configure:22899: result: yes
configure:22934: checking for assert.h
configure:22941: result: yes
configure:22968: checking signal.h usability
configure:22980: mips-linux-uclibc-gcc -mips32r2 -msoft-float -c -g -O2  conftest.c >&5
configure:22986: $? = 0
configure:22990: test -z 
			 || test ! -s conftest.err
configure:22993: $? = 0
configure:22996: test -s conftest.o
configure:22999: $? = 0
configure:23009: result: yes
configure:23013: checking signal.h presence
configure:23023: mips-linux-uclibc-gcc -mips32r2 -msoft-float -E  conftest.c
configure:23029: $? = 0
configure:23049: result: yes
configure:23084: checking for signal.h
configure:23091: result: yes
configure:23118: checking sys/signal.h usability
configure:23130: mips-linux-uclibc-gcc -mips32r2 -msoft-float -c -g -O2  conftest.c >&5
configure:23136: $? = 0
configure:23140: test -z 
			 || test ! -s conftest.err
configure:23143: $? = 0
configure:23146: test -s conftest.o
configure:23149: $? = 0
configure:23159: result: yes
configure:23163: checking sys/signal.h presence
configure:23173: mips-linux-uclibc-gcc -mips32r2 -msoft-float -E  conftest.c
configure:23179: $? = 0
configure:23199: result: yes
configure:23234: checking for sys/signal.h
configure:23241: result: yes
configure:23268: checking malloc.h usability
configure:23280: mips-linux-uclibc-gcc -mips32r2 -msoft-float -c -g -O2  conftest.c >&5
configure:23286: $? = 0
configure:23290: test -z 
			 || test ! -s conftest.err
configure:23293: $? = 0
configure:23296: test -s conftest.o
configure:23299: $? = 0
configure:23309: result: yes
configure:23313: checking malloc.h presence
configure:23323: mips-linux-uclibc-gcc -mips32r2 -msoft-float -E  conftest.c
configure:23329: $? = 0
configure:23349: result: yes
configure:23384: checking for malloc.h
configure:23391: result: yes
configure:23515: creating ./config.status

## ---------------- ##
## Cache variables. ##
## ---------------- ##

ac_cv_build=x86_64-unknown-linux-gnu
ac_cv_build_alias=x86_64-unknown-linux-gnu
ac_cv_c_compiler_gnu=yes
ac_cv_cxx_compiler_gnu=yes
ac_cv_env_CC_set=set
ac_cv_env_CC_value='mips-linux-uclibc-gcc -mips32r2 -msoft-float'
ac_cv_env_CFLAGS_set=
ac_cv_env_CFLAGS_value=
ac_cv_env_CPPFLAGS_set=
ac_cv_env_CPPFLAGS_value=
ac_cv_env_CPP_set=
ac_cv_env_CPP_value=
ac_cv_env_CXXCPP_set=
ac_cv_env_CXXCPP_value=
ac_cv_env_CXXFLAGS_set=
ac_cv_env_CXXFLAGS_value=
ac_cv_env_CXX_set=
ac_cv_env_CXX_value=
ac_cv_env_F77_set=
ac_cv_env_F77_value=
ac_cv_env_FFLAGS_set=
ac_cv_env_FFLAGS_value=
ac_cv_env_LDFLAGS_set=
ac_cv_env_LDFLAGS_value=
ac_cv_env_build_alias_set=
ac_cv_env_build_alias_value=
ac_cv_env_host_alias_set=set
ac_cv_env_host_alias_value=mips-linux
ac_cv_env_target_alias_set=
ac_cv_env_target_alias_value=
ac_cv_exeext=
ac_cv_f77_compiler_gnu=yes
ac_cv_header_assert_h=yes
ac_cv_header_ctype_h=yes
ac_cv_header_dlfcn_h=yes
ac_cv_header_fcntl_h=yes
ac_cv_header_inttypes_h=yes
ac_cv_header_malloc_h=yes
ac_cv_header_memory_h=yes
ac_cv_header_semaphore_h=yes
ac_cv_header_signal_h=yes
ac_cv_header_stdarg_h=yes
ac_cv_header_stdc=yes
ac_cv_header_stdint_h=yes
ac_cv_header_stdio_h=yes
ac_cv_header_stdlib_h=yes
ac_cv_header_string_h=yes
ac_cv_header_strings_h=yes
ac_cv_header_sys_select_h=yes
ac_cv_header_sys_sem_h=yes
ac_cv_header_sys_signal_h=yes
ac_cv_header_sys_stat_h=yes
ac_cv_header_sys_time_h=yes
ac_cv_header_sys_types_h=yes
ac_cv_header_sys_unistd_h=yes
ac_cv_header_syslog_h=yes
ac_cv_header_time_h=yes
ac_cv_header_unistd_h=yes
ac_cv_header_varargs_h=no
ac_cv_host=mips-unknown-linux-gnu
ac_cv_host_alias=mips-linux
ac_cv_lib_nsl_nis_add=no
ac_cv_lib_posix4_sem_open=no
ac_cv_lib_socket_sendto=no
ac_cv_objext=o
ac_cv_path_install='/usr/bin/install -c'
ac_cv_prog_AR=mips-linux-ar
ac_cv_prog_AWK=gawk
ac_cv_prog_CC='mips-linux-uclibc-gcc -mips32r2 -msoft-float'
ac_cv_prog_CPP='mips-linux-uclibc-gcc -mips32r2 -msoft-float -E'
ac_cv_prog_CXX=mips-linux-g++
ac_cv_prog_CXXCPP='mips-linux-g++ -E'
ac_cv_prog_PTHREAD_CC='mips-linux-uclibc-gcc -mips32r2 -msoft-float'
ac_cv_prog_RANLIB=mips-linux-ranlib
ac_cv_prog_STRIP=mips-linux-uclibc-strip
ac_cv_prog_ac_ct_F77=g77
ac_cv_prog_cc_g=yes
ac_cv_prog_cc_stdc=
ac_cv_prog_cxx_g=yes
ac_cv_prog_egrep='grep -E'
ac_cv_prog_f77_g=yes
ac_cv_prog_make_make_set=yes
am_cv_CC_dependencies_compiler_type=gcc3
am_cv_CXX_dependencies_compiler_type=gcc3
lt_cv_deplibs_check_method=pass_all
lt_cv_file_magic_cmd='$MAGIC_CMD'
lt_cv_file_magic_test_file='/lib/libc.so.6 /lib/libc-2.3.4.so'
lt_cv_ld_reload_flag=-r
lt_cv_objdir=.libs
lt_cv_path_LD=/home/user/socsw/svn/toolchain/trendchip/mips-linux-uclibc/usr/mips-linux-uclibc/bin/ld
lt_cv_path_LDCXX=/home/user/socsw/svn/toolchain/trendchip/mips-linux-uclibc/usr/mips-linux-uclibc/bin/ld
lt_cv_path_NM='/opt/trendchip/mips-linux-uclibc/usr/bin/mips-linux-nm -B'
lt_cv_path_SED=/bin/sed
lt_cv_prog_compiler_c_o=yes
lt_cv_prog_compiler_c_o_CXX=yes
lt_cv_prog_compiler_c_o_F77=yes
lt_cv_prog_compiler_rtti_exceptions=no
lt_cv_prog_gnu_ld=yes
lt_cv_prog_gnu_ldcxx=yes
lt_cv_sys_global_symbol_pipe='sed -n -e '\''s/^.*[ 	]\([ABCDGIRSTW][ABCDGIRSTW]*\)[ 	][ 	]*\(\)\([_A-Za-z][_A-Za-z0-9]*\)$/\1 \2\3 \3/p'\'''
lt_cv_sys_global_symbol_to_c_name_address='sed -n -e '\''s/^: \([^ ]*\) $/  {\"\1\", (lt_ptr) 0},/p'\'' -e '\''s/^[BCDEGRST] \([^ ]*\) \([^ ]*\)$/  {"\2", (lt_ptr) \&\2},/p'\'''
lt_cv_sys_global_symbol_to_cdecl='sed -n -e '\''s/^. .* \(.*\)$/extern int \1;/p'\'''
lt_cv_sys_max_cmd_len=32768
lt_lt_cv_prog_compiler_c_o='"yes"'
lt_lt_cv_prog_compiler_c_o_CXX='"yes"'
lt_lt_cv_prog_compiler_c_o_F77='"yes"'
lt_lt_cv_sys_global_symbol_pipe='"sed -n -e '\''s/^.*[ 	]\\([ABCDGIRSTW][ABCDGIRSTW]*\\)[ 	][ 	]*\\(\\)\\([_A-Za-z][_A-Za-z0-9]*\\)\$/\\1 \\2\\3 \\3/p'\''"'
lt_lt_cv_sys_global_symbol_to_c_name_address='"sed -n -e '\''s/^: \\([^ ]*\\) \$/  {\\\"\\1\\\", (lt_ptr) 0},/p'\'' -e '\''s/^[BCDEGRST] \\([^ ]*\\) \\([^ ]*\\)\$/  {\"\\2\", (lt_ptr) \\&\\2},/p'\''"'
lt_lt_cv_sys_global_symbol_to_cdecl='"sed -n -e '\''s/^. .* \\(.*\\)\$/extern int \\1;/p'\''"'

## ----------------- ##
## Output variables. ##
## ----------------- ##

ACLOCAL='aclocal-1.6 -I scripts'
AMDEPBACKSLASH='\'
AMDEP_FALSE='#'
AMDEP_TRUE=''
AMTAR='tar'
AR='mips-linux-ar'
AUTOCONF='autoconf'
AUTOHEADER='autoheader'
AUTOMAKE='automake-1.6'
AWK='gawk'
CC='mips-linux-uclibc-gcc -mips32r2 -msoft-float'
CCDEPMODE='depmode=gcc3'
CFLAGS='-g -O2'
CPP='mips-linux-uclibc-gcc -mips32r2 -msoft-float -E'
CPPFLAGS=''
CXX='mips-linux-g++'
CXXCPP='mips-linux-g++ -E'
CXXDEPMODE='depmode=gcc3'
CXXFLAGS='-g -O2'
DEFS='-DHAVE_CONFIG_H'
DEPDIR='.deps'
ECHO='echo'
ECHO_C=''
ECHO_N='-n'
ECHO_T=''
EGREP='grep -E'
EXEEXT=''
EXTRA_LIB=''
F77='g77'
FFLAGS='-g -O2'
FSM_LIB=''
INSIDE_GNOME_COMMON_FALSE=''
INSIDE_GNOME_COMMON_TRUE='#'
INSTALL_DATA='${INSTALL} -m 644'
INSTALL_PROGRAM='${INSTALL}'
INSTALL_SCRIPT='${INSTALL}'
INSTALL_STRIP_PROGRAM='${SHELL} $(install_sh) -c -s'
LDFLAGS=''
LIBOBJS=''
LIBOSIP_SO_VERSION='2:4:0'
LIBS=''
LIBTOOL='$(SHELL) $(top_builddir)/libtool'
LN_S='ln -s'
LTLIBOBJS=''
MAKEINFO='makeinfo'
OBJEXT='o'
OSIP_VERSION='2.0.4'
PACKAGE='libosip2'
PACKAGE_BUGREPORT=''
PACKAGE_NAME=''
PACKAGE_STRING=''
PACKAGE_TARNAME=''
PACKAGE_VERSION=''
PARSER_LIB=''
PATH_SEPARATOR=':'
PTHREAD_CC='mips-linux-uclibc-gcc -mips32r2 -msoft-float'
PTHREAD_CFLAGS='-pthread'
PTHREAD_LIBS=''
RANLIB='mips-linux-ranlib'
SET_MAKE=''
SHELL='/bin/sh'
SIP_CFLAGS=' -g -O2'
SIP_EXTRA_FLAGS=' -Wall -pedantic -DUSE_TMP_BUFFER -DENABLE_DEBUG -g -DENABLE_TRACE'
SIP_FSM_FLAGS='-DOSIP_MT'
SIP_PARSER_FLAGS=''
STRIP='mips-linux-uclibc-strip'
VERSION='2.0.4'
ac_ct_AR=''
ac_ct_CC=''
ac_ct_CXX=''
ac_ct_F77='g77'
ac_ct_RANLIB=''
ac_ct_STRIP=''
am__include='include'
am__quote=''
bindir='${exec_prefix}/bin'
build='x86_64-unknown-linux-gnu'
build_alias=''
build_cpu='x86_64'
build_os='linux-gnu'
build_vendor='unknown'
datadir='${prefix}/share'
exec_prefix='${prefix}'
host='mips-unknown-linux-gnu'
host_alias='mips-linux'
host_cpu='mips'
host_os='linux-gnu'
host_vendor='unknown'
includedir='${prefix}/include'
infodir='${prefix}/info'
install_sh='/home/socsw_local/shnwind/rt63368_release/tclinux_phoenix/apps/public/libosip2-2.0.4/scripts/install-sh'
libdir='${exec_prefix}/lib'
libexecdir='${exec_prefix}/libexec'
localstatedir='${prefix}/var'
mandir='${prefix}/man'
oldincludedir='/usr/include'
prefix='/home/socsw_local/shnwind/rt63368_release/tclinux_phoenix/apps/public/libosip2-2.0.4/installDir'
program_transform_name='s,x,x,'
sbindir='${exec_prefix}/sbin'
sharedstatedir='${prefix}/com'
sysconfdir='${prefix}/etc'
target_alias=''

## ----------- ##
## confdefs.h. ##
## ----------- ##

#define HAVE_ASSERT_H 1
#define HAVE_CTYPE_H 1
#define HAVE_DLFCN_H 1
#define HAVE_FCNTL_H 1
#define HAVE_INTTYPES_H 1
#define HAVE_MALLOC_H 1
#define HAVE_MEMORY_H 1
#define HAVE_PTHREAD 1
#define HAVE_SEMAPHORE_H 1
#define HAVE_SIGNAL_H 1
#define HAVE_STDARG_H 1
#define HAVE_STDINT_H 1
#define HAVE_STDIO_H 1
#define HAVE_STDLIB_H 1
#define HAVE_STDLIB_H 1
#define HAVE_STRINGS_H 1
#define HAVE_STRINGS_H 1
#define HAVE_STRING_H 1
#define HAVE_STRING_H 1
#define HAVE_SYSLOG_H 1
#define HAVE_SYS_SELECT_H 1
#define HAVE_SYS_SEM_H 1
#define HAVE_SYS_SIGNAL_H 1
#define HAVE_SYS_STAT_H 1
#define HAVE_SYS_TIME_H 1
#define HAVE_SYS_TYPES_H 1
#define HAVE_SYS_TYPES_H 1
#define HAVE_SYS_UNISTD_H 1
#define HAVE_TIME_H 1
#define HAVE_UNISTD_H 1
#define HAVE_UNISTD_H 1
#define PACKAGE "libosip2"
#define PACKAGE_BUGREPORT ""
#define PACKAGE_NAME ""
#define PACKAGE_STRING ""
#define PACKAGE_TARNAME ""
#define PACKAGE_VERSION ""
#define STDC_HEADERS 1
#define STDC_HEADERS 1
#define VERSION "2.0.4"
#endif
#ifdef __cplusplus
extern "C" void exit (int) throw ();

configure: exit 0

## ---------------------- ##
## Running config.status. ##
## ---------------------- ##

This file was extended by config.status, which was
generated by GNU Autoconf 2.59.  Invocation command line was

  CONFIG_FILES    = 
  CONFIG_HEADERS  = 
  CONFIG_LINKS    = 
  CONFIG_COMMANDS = 
  $ ./config.status Makefile

on sswlinux4

config.status:736: creating Makefile

## ---------------------- ##
## Running config.status. ##
## ---------------------- ##

This file was extended by config.status, which was
generated by GNU Autoconf 2.59.  Invocation command line was

  CONFIG_FILES    = 
  CONFIG_HEADERS  = 
  CONFIG_LINKS    = 
  CONFIG_COMMANDS = 
  $ ./config.status config.h

on sswlinux4

config.status:840: creating config.h
config.status:1010: config.h is unchanged

## ---------------------- ##
## Running config.status. ##
## ---------------------- ##

This file was extended by config.status, which was
generated by GNU Autoconf 2.59.  Invocation command line was

  CONFIG_FILES    = 
  CONFIG_HEADERS  = 
  CONFIG_LINKS    = 
  CONFIG_COMMANDS = 
  $ ./config.status include/Makefile

on sswlinux4

config.status:736: creating include/Makefile

## ---------------------- ##
## Running config.status. ##
## ---------------------- ##

This file was extended by config.status, which was
generated by GNU Autoconf 2.59.  Invocation command line was

  CONFIG_FILES    = 
  CONFIG_HEADERS  = 
  CONFIG_LINKS    = 
  CONFIG_COMMANDS = 
  $ ./config.status include/osipparser2/Makefile

on sswlinux4

config.status:736: creating include/osipparser2/Makefile

## ---------------------- ##
## Running config.status. ##
## ---------------------- ##

This file was extended by config.status, which was
generated by GNU Autoconf 2.59.  Invocation command line was

  CONFIG_FILES    = 
  CONFIG_HEADERS  = 
  CONFIG_LINKS    = 
  CONFIG_COMMANDS = 
  $ ./config.status include/osipparser2/headers/Makefile

on sswlinux4

config.status:736: creating include/osipparser2/headers/Makefile

## ---------------------- ##
## Running config.status. ##
## ---------------------- ##

This file was extended by config.status, which was
generated by GNU Autoconf 2.59.  Invocation command line was

  CONFIG_FILES    = 
  CONFIG_HEADERS  = 
  CONFIG_LINKS    = 
  CONFIG_COMMANDS = 
  $ ./config.status include/osip2/Makefile

on sswlinux4

config.status:736: creating include/osip2/Makefile

## ---------------------- ##
## Running config.status. ##
## ---------------------- ##

This file was extended by config.status, which was
generated by GNU Autoconf 2.59.  Invocation command line was

  CONFIG_FILES    = 
  CONFIG_HEADERS  = 
  CONFIG_LINKS    = 
  CONFIG_COMMANDS = 
  $ ./config.status src/Makefile

on sswlinux4

config.status:736: creating src/Makefile

## ---------------------- ##
## Running config.status. ##
## ---------------------- ##

This file was extended by config.status, which was
generated by GNU Autoconf 2.59.  Invocation command line was

  CONFIG_FILES    = 
  CONFIG_HEADERS  = 
  CONFIG_LINKS    = 
  CONFIG_COMMANDS = 
  $ ./config.status src/osipparser2/Makefile depfiles

on sswlinux4

config.status:736: creating src/osipparser2/Makefile
config.status:1174: executing depfiles commands

## ---------------------- ##
## Running config.status. ##
## ---------------------- ##

This file was extended by config.status, which was
generated by GNU Autoconf 2.59.  Invocation command line was

  CONFIG_FILES    = 
  CONFIG_HEADERS  = 
  CONFIG_LINKS    = 
  CONFIG_COMMANDS = 
  $ ./config.status src/osip2/Makefile depfiles

on sswlinux4

config.status:736: creating src/osip2/Makefile
config.status:1174: executing depfiles commands

## ---------------------- ##
## Running config.status. ##
## ---------------------- ##

This file was extended by config.status, which was
generated by GNU Autoconf 2.59.  Invocation command line was

  CONFIG_FILES    = 
  CONFIG_HEADERS  = 
  CONFIG_LINKS    = 
  CONFIG_COMMANDS = 
  $ ./config.status src/test/Makefile depfiles

on sswlinux4

config.status:736: creating src/test/Makefile
config.status:1174: executing depfiles commands

## ---------------------- ##
## Running config.status. ##
## ---------------------- ##

This file was extended by config.status, which was
generated by GNU Autoconf 2.59.  Invocation command line was

  CONFIG_FILES    = 
  CONFIG_HEADERS  = 
  CONFIG_LINKS    = 
  CONFIG_COMMANDS = 
  $ ./config.status src/test/res/Makefile

on sswlinux4

config.status:736: creating src/test/res/Makefile

## ---------------------- ##
## Running config.status. ##
## ---------------------- ##

This file was extended by config.status, which was
generated by GNU Autoconf 2.59.  Invocation command line was

  CONFIG_FILES    = 
  CONFIG_HEADERS  = 
  CONFIG_LINKS    = 
  CONFIG_COMMANDS = 
  $ ./config.status scripts/Makefile

on sswlinux4

config.status:736: creating scripts/Makefile

## ---------------------- ##
## Running config.status. ##
## ---------------------- ##

This file was extended by config.status, which was
generated by GNU Autoconf 2.59.  Invocation command line was

  CONFIG_FILES    = 
  CONFIG_HEADERS  = 
  CONFIG_LINKS    = 
  CONFIG_COMMANDS = 
  $ ./config.status help/Makefile

on sswlinux4

config.status:736: creating help/Makefile

## ---------------------- ##
## Running config.status. ##
## ---------------------- ##

This file was extended by config.status, which was
generated by GNU Autoconf 2.59.  Invocation command line was

  CONFIG_FILES    = 
  CONFIG_HEADERS  = 
  CONFIG_LINKS    = 
  CONFIG_COMMANDS = 
  $ ./config.status help/man/Makefile

on sswlinux4

config.status:736: creating help/man/Makefile

## ---------------------- ##
## Running config.status. ##
## ---------------------- ##

This file was extended by config.status, which was
generated by GNU Autoconf 2.59.  Invocation command line was

  CONFIG_FILES    = 
  CONFIG_HEADERS  = 
  CONFIG_LINKS    = 
  CONFIG_COMMANDS = 
  $ ./config.status help/doxygen/Makefile

on sswlinux4

config.status:736: creating help/doxygen/Makefile

## ---------------------- ##
## Running config.status. ##
## ---------------------- ##

This file was extended by config.status, which was
generated by GNU Autoconf 2.59.  Invocation command line was

  CONFIG_FILES    = 
  CONFIG_HEADERS  = 
  CONFIG_LINKS    = 
  CONFIG_COMMANDS = 
  $ ./config.status platform/Makefile

on sswlinux4

config.status:736: creating platform/Makefile

## ---------------------- ##
## Running config.status. ##
## ---------------------- ##

This file was extended by config.status, which was
generated by GNU Autoconf 2.59.  Invocation command line was

  CONFIG_FILES    = 
  CONFIG_HEADERS  = 
  CONFIG_LINKS    = 
  CONFIG_COMMANDS = 
  $ ./config.status platform/rpm/Makefile

on sswlinux4

config.status:736: creating platform/rpm/Makefile

## ---------------------- ##
## Running config.status. ##
## ---------------------- ##

This file was extended by config.status, which was
generated by GNU Autoconf 2.59.  Invocation command line was

  CONFIG_FILES    = 
  CONFIG_HEADERS  = 
  CONFIG_LINKS    = 
  CONFIG_COMMANDS = 
  $ ./config.status platform/windows/Makefile

on sswlinux4

config.status:736: creating platform/windows/Makefile

## ---------------------- ##
## Running config.status. ##
## ---------------------- ##

This file was extended by config.status, which was
generated by GNU Autoconf 2.59.  Invocation command line was

  CONFIG_FILES    = 
  CONFIG_HEADERS  = 
  CONFIG_LINKS    = 
  CONFIG_COMMANDS = 
  $ ./config.status debian/Makefile

on sswlinux4

config.status:736: creating debian/Makefile
