This file contains any messages produced by compilers while
running configure, to aid debugging if configure makes a mistake.

It was created by sysstat configure 9.0.4, which was
generated by GNU Autoconf 2.61.  Invocation command line was

  $ ./configure --prefix=/usr --host=mips-linux-gnu-

## --------- ##
## Platform. ##
## --------- ##

hostname = sswlinux2
uname -m = i686
uname -r = 2.6.9-78.ELsmp
uname -s = Linux
uname -v = #1 SMP Wed Jul 9 15:39:47 EDT 2008

/usr/bin/uname -p = unknown
/bin/uname -X     = unknown

/bin/arch              = i686
/usr/bin/arch -k       = unknown
/usr/convex/getsysinfo = unknown
/usr/bin/hostinfo      = unknown
/bin/machine           = unknown
/usr/bin/oslevel       = unknown
/bin/universe          = unknown

PATH: /usr/kerberos/bin
PATH: /usr/java/jdk1.6.0_11/bin
PATH: /opt/trendchip/mips-linux26/bin
PATH: /opt/CodeSourcery/mips-4.2/bin
PATH: /home/user/socsw/svn/toolchain/tools
PATH: /home/user/socsw/svn/toolchain/tools/trx
PATH: /usr/local/bin
PATH: /bin
PATH: /usr/bin
PATH: /usr/X11R6/bin
PATH: /opt/trendchip/mips-linux/bin
PATH: /home/user/socsw/lino/bin


## ----------- ##
## Core tests. ##
## ----------- ##

configure:1785: checking for mips-linux-gnu--gcc
configure:1815: result: no
configure:1825: checking for gcc
configure:1841: found /usr/bin/gcc
configure:1852: result: gcc
configure:2090: checking for C compiler version
configure:2097: gcc --version >&5
gcc (GCC) 3.4.6 20060404 (Red Hat 3.4.6-10)
Copyright (C) 2006 Free Software Foundation, Inc.
This is free software; see the source for copying conditions.  There is NO
warranty; not even for MERCHANTABILITY or FITNESS FOR A PARTICULAR PURPOSE.

configure:2100: $? = 0
configure:2107: gcc -v >&5
Reading specs from /usr/lib/gcc/i386-redhat-linux/3.4.6/specs
Configured with: ../configure --prefix=/usr --mandir=/usr/share/man --infodir=/usr/share/info --enable-shared --enable-threads=posix --disable-checking --with-system-zlib --enable-__cxa_atexit --disable-libunwind-exceptions --enable-java-awt=gtk --host=i386-redhat-linux
Thread model: posix
gcc version 3.4.6 20060404 (Red Hat 3.4.6-10)
configure:2110: $? = 0
configure:2117: gcc -V >&5
gcc: `-V' option must have argument
configure:2120: $? = 1
configure:2143: checking for C compiler default output file name
configure:2170: gcc    conftest.c  >&5
configure:2173: $? = 0
configure:2211: result: a.out
configure:2228: checking whether the C compiler works
configure:2238: ./a.out
configure:2241: $? = 0
configure:2258: result: yes
configure:2265: checking whether we are cross compiling
configure:2267: result: no
configure:2270: checking for suffix of executables
configure:2277: gcc -o conftest    conftest.c  >&5
configure:2280: $? = 0
configure:2304: result: 
configure:2310: checking for suffix of object files
configure:2336: gcc -c   conftest.c >&5
configure:2339: $? = 0
configure:2362: result: o
configure:2366: checking whether we are using the GNU C compiler
configure:2395: gcc -c   conftest.c >&5
configure:2401: $? = 0
configure:2418: result: yes
configure:2423: checking whether gcc accepts -g
configure:2453: gcc -c -g  conftest.c >&5
configure:2459: $? = 0
configure:2558: result: yes
configure:2575: checking for gcc option to accept ISO C89
configure:2649: gcc  -c -g -O2  conftest.c >&5
configure:2655: $? = 0
configure:2678: result: none needed
configure:2702: checking whether ln -s works
configure:2706: result: yes
configure:2716: checking for chmod
configure:2732: found /bin/chmod
configure:2743: result: chmod
configure:2753: checking for chown
configure:2769: found /bin/chown
configure:2780: result: chown
configure:2790: checking for ar
configure:2806: found /usr/bin/ar
configure:2817: result: ar
configure:2827: checking for install
configure:2843: found /usr/bin/install
configure:2854: result: install
configure:2864: checking for msgfmt
configure:2880: found /usr/bin/msgfmt
configure:2891: result: msgfmt
configure:2901: checking for xgettext
configure:2917: found /usr/bin/xgettext
configure:2928: result: xgettext
configure:2938: checking for msgmerge
configure:2954: found /usr/bin/msgmerge
configure:2965: result: msgmerge
configure:2977: checking for bzip2
configure:2993: found /usr/bin/bzip2
configure:3004: result: bzip2
configure:3025: checking for cp
configure:3043: found /bin/cp
configure:3055: result: /bin/cp
configure:3071: checking for chkconfig
configure:3089: found /sbin/chkconfig
configure:3101: result: /sbin/chkconfig
configure:3128: checking how to run the C preprocessor
configure:3168: gcc -E  conftest.c
configure:3174: $? = 0
configure:3205: gcc -E  conftest.c
conftest.c:9:28: ac_nonexistent.h: No such file or directory
configure:3211: $? = 1
configure: failed program was:
| /* confdefs.h.  */
| #define PACKAGE_NAME "sysstat"
| #define PACKAGE_TARNAME "sysstat"
| #define PACKAGE_VERSION "9.0.4"
| #define PACKAGE_STRING "sysstat 9.0.4"
| #define PACKAGE_BUGREPORT ""
| #define _GNU_SOURCE 1
| /* end confdefs.h.  */
| #include <ac_nonexistent.h>
configure:3244: result: gcc -E
configure:3273: gcc -E  conftest.c
configure:3279: $? = 0
configure:3310: gcc -E  conftest.c
conftest.c:9:28: ac_nonexistent.h: No such file or directory
configure:3316: $? = 1
configure: failed program was:
| /* confdefs.h.  */
| #define PACKAGE_NAME "sysstat"
| #define PACKAGE_TARNAME "sysstat"
| #define PACKAGE_VERSION "9.0.4"
| #define PACKAGE_STRING "sysstat 9.0.4"
| #define PACKAGE_BUGREPORT ""
| #define _GNU_SOURCE 1
| /* end confdefs.h.  */
| #include <ac_nonexistent.h>
configure:3354: checking for grep that handles long lines and -e
configure:3428: result: /bin/grep
configure:3433: checking for egrep
configure:3511: result: /bin/grep -E
configure:3516: checking for ANSI C header files
configure:3546: gcc -c -g -O2  conftest.c >&5
configure:3552: $? = 0
configure:3651: gcc -o conftest -g -O2   conftest.c  >&5
configure:3654: $? = 0
configure:3660: ./conftest
configure:3663: $? = 0
configure:3680: result: yes
configure:3698: checking for dirent.h that defines DIR
configure:3727: gcc -c -g -O2  conftest.c >&5
configure:3733: $? = 0
configure:3749: result: yes
configure:3762: checking for library containing opendir
configure:3803: gcc -o conftest -g -O2   conftest.c  >&5
configure:3809: $? = 0
configure:3837: result: none required
configure:3945: checking for sys/types.h
configure:3966: gcc -c -g -O2  conftest.c >&5
configure:3972: $? = 0
configure:3988: result: yes
configure:3945: checking for sys/stat.h
configure:3966: gcc -c -g -O2  conftest.c >&5
configure:3972: $? = 0
configure:3988: result: yes
configure:3945: checking for stdlib.h
configure:3966: gcc -c -g -O2  conftest.c >&5
configure:3972: $? = 0
configure:3988: result: yes
configure:3945: checking for string.h
configure:3966: gcc -c -g -O2  conftest.c >&5
configure:3972: $? = 0
configure:3988: result: yes
configure:3945: checking for memory.h
configure:3966: gcc -c -g -O2  conftest.c >&5
configure:3972: $? = 0
configure:3988: result: yes
configure:3945: checking for strings.h
configure:3966: gcc -c -g -O2  conftest.c >&5
configure:3972: $? = 0
configure:3988: result: yes
configure:3945: checking for inttypes.h
configure:3966: gcc -c -g -O2  conftest.c >&5
configure:3972: $? = 0
configure:3988: result: yes
configure:3945: checking for stdint.h
configure:3966: gcc -c -g -O2  conftest.c >&5
configure:3972: $? = 0
configure:3988: result: yes
configure:3945: checking for unistd.h
configure:3966: gcc -c -g -O2  conftest.c >&5
configure:3972: $? = 0
configure:3988: result: yes
configure:4015: checking ctype.h usability
configure:4032: gcc -c -g -O2  conftest.c >&5
configure:4038: $? = 0
configure:4052: result: yes
configure:4056: checking ctype.h presence
configure:4071: gcc -E  conftest.c
configure:4077: $? = 0
configure:4091: result: yes
configure:4119: checking for ctype.h
configure:4127: result: yes
configure:4155: checking errno.h usability
configure:4172: gcc -c -g -O2  conftest.c >&5
configure:4178: $? = 0
configure:4192: result: yes
configure:4196: checking errno.h presence
configure:4211: gcc -E  conftest.c
configure:4217: $? = 0
configure:4231: result: yes
configure:4259: checking for errno.h
configure:4267: result: yes
configure:4295: checking libintl.h usability
configure:4312: gcc -c -g -O2  conftest.c >&5
configure:4318: $? = 0
configure:4332: result: yes
configure:4336: checking libintl.h presence
configure:4351: gcc -E  conftest.c
configure:4357: $? = 0
configure:4371: result: yes
configure:4399: checking for libintl.h
configure:4407: result: yes
configure:4435: checking locale.h usability
configure:4452: gcc -c -g -O2  conftest.c >&5
configure:4458: $? = 0
configure:4472: result: yes
configure:4476: checking locale.h presence
configure:4491: gcc -E  conftest.c
configure:4497: $? = 0
configure:4511: result: yes
configure:4539: checking for locale.h
configure:4547: result: yes
configure:4575: checking net/if.h usability
configure:4592: gcc -c -g -O2  conftest.c >&5
configure:4598: $? = 0
configure:4612: result: yes
configure:4616: checking net/if.h presence
configure:4631: gcc -E  conftest.c
configure:4637: $? = 0
configure:4651: result: yes
configure:4679: checking for net/if.h
configure:4687: result: yes
configure:4715: checking signal.h usability
configure:4732: gcc -c -g -O2  conftest.c >&5
configure:4738: $? = 0
configure:4752: result: yes
configure:4756: checking signal.h presence
configure:4771: gcc -E  conftest.c
configure:4777: $? = 0
configure:4791: result: yes
configure:4819: checking for signal.h
configure:4827: result: yes
configure:4855: checking stdio.h usability
configure:4872: gcc -c -g -O2  conftest.c >&5
configure:4878: $? = 0
configure:4892: result: yes
configure:4896: checking stdio.h presence
configure:4911: gcc -E  conftest.c
configure:4917: $? = 0
configure:4931: result: yes
configure:4959: checking for stdio.h
configure:4967: result: yes
configure:4995: checking sys/file.h usability
configure:5012: gcc -c -g -O2  conftest.c >&5
configure:5018: $? = 0
configure:5032: result: yes
configure:5036: checking sys/file.h presence
configure:5051: gcc -E  conftest.c
configure:5057: $? = 0
configure:5071: result: yes
configure:5099: checking for sys/file.h
configure:5107: result: yes
configure:5135: checking sys/ioctl.h usability
configure:5152: gcc -c -g -O2  conftest.c >&5
configure:5158: $? = 0
configure:5172: result: yes
configure:5176: checking sys/ioctl.h presence
configure:5191: gcc -E  conftest.c
configure:5197: $? = 0
configure:5211: result: yes
configure:5239: checking for sys/ioctl.h
configure:5247: result: yes
configure:5265: checking for sys/stat.h
configure:5271: result: yes
configure:5404: checking return type of signal handlers
configure:5432: gcc -c -g -O2  conftest.c >&5
conftest.c: In function `main':
conftest.c:36: error: void value not ignored as it ought to be
configure:5438: $? = 1
configure: failed program was:
| /* confdefs.h.  */
| #define PACKAGE_NAME "sysstat"
| #define PACKAGE_TARNAME "sysstat"
| #define PACKAGE_VERSION "9.0.4"
| #define PACKAGE_STRING "sysstat 9.0.4"
| #define PACKAGE_BUGREPORT ""
| #define _GNU_SOURCE 1
| #define STDC_HEADERS 1
| #define HAVE_DIRENT_H 1
| #define HAVE_SYS_TYPES_H 1
| #define HAVE_SYS_STAT_H 1
| #define HAVE_STDLIB_H 1
| #define HAVE_STRING_H 1
| #define HAVE_MEMORY_H 1
| #define HAVE_STRINGS_H 1
| #define HAVE_INTTYPES_H 1
| #define HAVE_STDINT_H 1
| #define HAVE_UNISTD_H 1
| #define HAVE_CTYPE_H 1
| #define HAVE_ERRNO_H 1
| #define HAVE_LIBINTL_H 1
| #define HAVE_LOCALE_H 1
| #define HAVE_NET_IF_H 1
| #define HAVE_SIGNAL_H 1
| #define HAVE_STDIO_H 1
| #define HAVE_SYS_FILE_H 1
| #define HAVE_SYS_IOCTL_H 1
| #define HAVE_SYS_STAT_H 1
| /* end confdefs.h.  */
| #include <sys/types.h>
| #include <signal.h>
| 
| int
| main ()
| {
| return *(signal (0, 0)) (0) == 1;
|   ;
|   return 0;
| }
configure:5453: result: void
configure:5461: checking for size_t
configure:5491: gcc -c -g -O2  conftest.c >&5
configure:5497: $? = 0
configure:5512: result: yes
configure:5524: checking for off_t
configure:5554: gcc -c -g -O2  conftest.c >&5
configure:5560: $? = 0
configure:5575: result: yes
configure:5595: checking for strchr
configure:5651: gcc -o conftest -g -O2   conftest.c  >&5
conftest.c:54: warning: conflicting types for built-in function 'strchr'
configure:5657: $? = 0
configure:5675: result: yes
configure:5689: checking for strcspn
configure:5745: gcc -o conftest -g -O2   conftest.c  >&5
conftest.c:55: warning: conflicting types for built-in function 'strcspn'
configure:5751: $? = 0
configure:5769: result: yes
configure:5783: checking for strspn
configure:5839: gcc -o conftest -g -O2   conftest.c  >&5
conftest.c:56: warning: conflicting types for built-in function 'strspn'
configure:5845: $? = 0
configure:5863: result: yes
configure:5877: checking for strstr
configure:5933: gcc -o conftest -g -O2   conftest.c  >&5
conftest.c:57: warning: conflicting types for built-in function 'strstr'
configure:5939: $? = 0
configure:5957: result: yes
configure:5978: checking for special C compiler options needed for large files
configure:6071: result: no
configure:6077: checking for _FILE_OFFSET_BITS value needed for large files
configure:6112: gcc -c -g -O2  conftest.c >&5
conftest.c:41: warning: left shift count >= width of type
conftest.c:41: warning: left shift count >= width of type
conftest.c:43: error: size of array `off_t_is_large' is negative
configure:6118: $? = 1
configure: failed program was:
| /* confdefs.h.  */
| #define PACKAGE_NAME "sysstat"
| #define PACKAGE_TARNAME "sysstat"
| #define PACKAGE_VERSION "9.0.4"
| #define PACKAGE_STRING "sysstat 9.0.4"
| #define PACKAGE_BUGREPORT ""
| #define _GNU_SOURCE 1
| #define STDC_HEADERS 1
| #define HAVE_DIRENT_H 1
| #define HAVE_SYS_TYPES_H 1
| #define HAVE_SYS_STAT_H 1
| #define HAVE_STDLIB_H 1
| #define HAVE_STRING_H 1
| #define HAVE_MEMORY_H 1
| #define HAVE_STRINGS_H 1
| #define HAVE_INTTYPES_H 1
| #define HAVE_STDINT_H 1
| #define HAVE_UNISTD_H 1
| #define HAVE_CTYPE_H 1
| #define HAVE_ERRNO_H 1
| #define HAVE_LIBINTL_H 1
| #define HAVE_LOCALE_H 1
| #define HAVE_NET_IF_H 1
| #define HAVE_SIGNAL_H 1
| #define HAVE_STDIO_H 1
| #define HAVE_SYS_FILE_H 1
| #define HAVE_SYS_IOCTL_H 1
| #define HAVE_SYS_STAT_H 1
| #define RETSIGTYPE void
| #define HAVE_STRCHR 1
| #define HAVE_STRCSPN 1
| #define HAVE_STRSPN 1
| #define HAVE_STRSTR 1
| /* end confdefs.h.  */
| #include <sys/types.h>
|  /* Check that off_t can represent 2**63 - 1 correctly.
|     We can't simply define LARGE_OFF_T to be 9223372036854775807,
|     since some C++ compilers masquerading as C compilers
|     incorrectly reject 9223372036854775807.  */
| #define LARGE_OFF_T (((off_t) 1 << 62) - 1 + ((off_t) 1 << 62))
|   int off_t_is_large[(LARGE_OFF_T % 2147483629 == 721
| 		       && LARGE_OFF_T % 2147483647 == 1)
| 		      ? 1 : -1];
| int
| main ()
| {
| 
|   ;
|   return 0;
| }
configure:6162: gcc -c -g -O2  conftest.c >&5
configure:6168: $? = 0
configure:6186: result: 64
configure:6382: checking run-commands directory
configure:6391: result: /etc/rc.d
configure:6417: checking sadc directory
configure:6425: result: /usr/lib/sa
configure:6433: checking system activity directory
configure:6441: result: /var/log/sa
configure:6449: checking sysstat configuration directory
configure:6457: result: /etc/sysconfig
configure:6465: checking National Language Support
configure:6481: result: yes
configure:6495: checking whether workaround for SMP race is needed
configure:6528: result: no
configure:6533: checking whether sa2 should process data file of the day before
configure:6548: result: no
configure:6554: checking number of daily data files to keep
configure:6562: result: 7
configure:6567: checking number of days after which data files are compressed
configure:6575: result: 10
configure:6586: checking group for manual pages
configure:6591: result: man
configure:6608: checking whether man_group variable should be ignored
configure:6623: result: no
configure:6628: checking whether manual pages should be compressed
configure:6643: result: no
configure:6648: checking whether isag script should be installed
configure:6663: result: no
configure:6668: checking whether system activity directory should be cleaned
configure:6683: result: no
configure:6688: checking whether cron should start sar automatically
configure:6704: result: no
configure:6775: checking whether documentation should be installed
configure:6791: result: yes
configure:6974: creating ./config.status

## ---------------------- ##
## Running config.status. ##
## ---------------------- ##

This file was extended by sysstat config.status 9.0.4, which was
generated by GNU Autoconf 2.61.  Invocation command line was

  CONFIG_FILES    = 
  CONFIG_HEADERS  = 
  CONFIG_LINKS    = 
  CONFIG_COMMANDS = 
  $ ./config.status 

on sswlinux2

config.status:637: creating sa1
config.status:637: creating sa2
config.status:637: creating crontab
config.status:637: creating sysstat.sysconfig
config.status:637: creating version.h
config.status:637: creating sysconfig.h
config.status:637: creating sysstat.cron.daily
config.status:637: creating sysstat.cron.hourly
config.status:637: creating sysstat.crond
config.status:637: creating sysstat.crond.sample.in
config.status:637: creating sysstat
config.status:637: creating man/sa1.8
config.status:637: creating man/sa2.8
config.status:637: creating man/sadc.8
config.status:637: creating man/sadf.1
config.status:637: creating man/sar.1
config.status:637: creating contrib/isag/isag
config.status:637: creating Makefile

## ---------------- ##
## Cache variables. ##
## ---------------- ##

ac_cv_c_compiler_gnu=yes
ac_cv_env_CC_set=
ac_cv_env_CC_value=
ac_cv_env_CFLAGS_set=
ac_cv_env_CFLAGS_value=
ac_cv_env_CPPFLAGS_set=
ac_cv_env_CPPFLAGS_value=
ac_cv_env_CPP_set=
ac_cv_env_CPP_value=
ac_cv_env_LDFLAGS_set=
ac_cv_env_LDFLAGS_value=
ac_cv_env_LIBS_set=
ac_cv_env_LIBS_value=
ac_cv_env_build_alias_set=
ac_cv_env_build_alias_value=
ac_cv_env_compressafter_set=
ac_cv_env_compressafter_value=
ac_cv_env_conf_dir_set=
ac_cv_env_conf_dir_value=
ac_cv_env_cron_interval_set=
ac_cv_env_cron_interval_value=
ac_cv_env_cron_owner_set=
ac_cv_env_cron_owner_value=
ac_cv_env_history_set=
ac_cv_env_history_value=
ac_cv_env_host_alias_set=set
ac_cv_env_host_alias_value=mips-linux-gnu-
ac_cv_env_man_group_set=
ac_cv_env_man_group_value=
ac_cv_env_rcdir_set=
ac_cv_env_rcdir_value=
ac_cv_env_sa_dir_set=
ac_cv_env_sa_dir_value=
ac_cv_env_sa_lib_dir_set=
ac_cv_env_sa_lib_dir_value=
ac_cv_env_target_alias_set=
ac_cv_env_target_alias_value=
ac_cv_func_strchr=yes
ac_cv_func_strcspn=yes
ac_cv_func_strspn=yes
ac_cv_func_strstr=yes
ac_cv_header_ctype_h=yes
ac_cv_header_dirent_dirent_h=yes
ac_cv_header_errno_h=yes
ac_cv_header_inttypes_h=yes
ac_cv_header_libintl_h=yes
ac_cv_header_locale_h=yes
ac_cv_header_memory_h=yes
ac_cv_header_net_if_h=yes
ac_cv_header_signal_h=yes
ac_cv_header_stdc=yes
ac_cv_header_stdint_h=yes
ac_cv_header_stdio_h=yes
ac_cv_header_stdlib_h=yes
ac_cv_header_string_h=yes
ac_cv_header_strings_h=yes
ac_cv_header_sys_file_h=yes
ac_cv_header_sys_ioctl_h=yes
ac_cv_header_sys_stat_h=yes
ac_cv_header_sys_types_h=yes
ac_cv_header_unistd_h=yes
ac_cv_objext=o
ac_cv_path_EGREP='/bin/grep -E'
ac_cv_path_GREP=/bin/grep
ac_cv_path_PATH_CHKCONFIG=/sbin/chkconfig
ac_cv_path_PATH_CP=/bin/cp
ac_cv_prog_AR=ar
ac_cv_prog_CHMOD=chmod
ac_cv_prog_CHOWN=chown
ac_cv_prog_CPP='gcc -E'
ac_cv_prog_INSTALL=install
ac_cv_prog_MSGFMT=msgfmt
ac_cv_prog_MSGMERGE=msgmerge
ac_cv_prog_XGETTEXT=xgettext
ac_cv_prog_ZIP=bzip2
ac_cv_prog_ac_ct_CC=gcc
ac_cv_prog_cc_c89=
ac_cv_prog_cc_g=yes
ac_cv_search_opendir='none required'
ac_cv_sys_file_offset_bits=64
ac_cv_sys_largefile_CC=no
ac_cv_type_off_t=yes
ac_cv_type_signal=void
ac_cv_type_size_t=yes

## ----------------- ##
## Output variables. ##
## ----------------- ##

AR='ar'
AuxMandir='/usr/man'
CC='gcc'
CFLAGS='-g -O2'
CHMOD='chmod'
CHOWN='chown'
CLEAN_SA_DIR='n'
COMPRESSAFTER='10'
COMPRESS_MANPG='n'
CPP='gcc -E'
CPPFLAGS=''
CRON_COUNT='6'
CRON_INTERVAL='10'
CRON_INTERVAL_SEC='600'
CRON_OWNER='root'
DEFS='-DPACKAGE_NAME=\"sysstat\" -DPACKAGE_TARNAME=\"sysstat\" -DPACKAGE_VERSION=\"9.0.4\" -DPACKAGE_STRING=\"sysstat\ 9.0.4\" -DPACKAGE_BUGREPORT=\"\" -D_GNU_SOURCE=1 -DSTDC_HEADERS=1 -DHAVE_DIRENT_H=1 -DHAVE_SYS_TYPES_H=1 -DHAVE_SYS_STAT_H=1 -DHAVE_STDLIB_H=1 -DHAVE_STRING_H=1 -DHAVE_MEMORY_H=1 -DHAVE_STRINGS_H=1 -DHAVE_INTTYPES_H=1 -DHAVE_STDINT_H=1 -DHAVE_UNISTD_H=1 -DHAVE_CTYPE_H=1 -DHAVE_ERRNO_H=1 -DHAVE_LIBINTL_H=1 -DHAVE_LOCALE_H=1 -DHAVE_NET_IF_H=1 -DHAVE_SIGNAL_H=1 -DHAVE_STDIO_H=1 -DHAVE_SYS_FILE_H=1 -DHAVE_SYS_IOCTL_H=1 -DHAVE_SYS_STAT_H=1 -DRETSIGTYPE=void -DHAVE_STRCHR=1 -DHAVE_STRCSPN=1 -DHAVE_STRSPN=1 -DHAVE_STRSTR=1 -D_FILE_OFFSET_BITS=64'
DFLAGS=''
ECHO_C=''
ECHO_N='-n'
ECHO_T=''
EGREP='/bin/grep -E'
EXEEXT=''
GREP='/bin/grep'
HISTORY='7'
IGNORE_MAN_GROUP='n'
INITD_DIR='init.d'
INIT_DIR='/etc/rc.d/init.d'
INSTALL='install'
INSTALL_BIN='${INSTALL} -m 755'
INSTALL_CRON='n'
INSTALL_DATA='${INSTALL} -m 644'
INSTALL_DOC='y'
INSTALL_ISAG='n'
LDFLAGS=''
LIBOBJS=''
LIBS=''
LN_S='ln -s'
LTLIBOBJS=''
MAN_GROUP='man'
MSGFMT='msgfmt'
MSGMERGE='msgmerge'
NLS='y'
OBJEXT='o'
PACKAGE_BUGREPORT=''
PACKAGE_NAME='sysstat'
PACKAGE_STRING='sysstat 9.0.4'
PACKAGE_TARNAME='sysstat'
PACKAGE_VERSION='9.0.4'
PATH_CHKCONFIG='/sbin/chkconfig'
PATH_CP='/bin/cp'
PATH_SEPARATOR=':'
QUOTE=''
RC_DIR='/etc/rc.d'
REM_CHOWN='# REM_CHOWN'
SA_DIR='/var/log/sa'
SA_LIB_DIR='/usr/lib/sa'
SHELL='/bin/sh'
SU_C_OWNER=''
SYSCONFIG_DIR='/etc/sysconfig'
XGETTEXT='xgettext'
YESTERDAY=''
ZIP='bzip2'
ac_ct_CC='gcc'
bindir='${exec_prefix}/bin'
build_alias=''
compressafter=''
conf_dir=''
cron_interval=''
cron_owner=''
datadir='${datarootdir}'
datarootdir='${prefix}/share'
docdir='${datarootdir}/doc/${PACKAGE_TARNAME}'
dvidir='${docdir}'
exec_prefix='${prefix}'
history=''
host_alias='mips-linux-gnu-'
htmldir='${docdir}'
includedir='${prefix}/include'
infodir='${datarootdir}/info'
libdir='${exec_prefix}/lib'
libexecdir='${exec_prefix}/libexec'
localedir='${datarootdir}/locale'
localstatedir='${prefix}/var'
man_group=''
mandir='${datarootdir}/man'
oldincludedir='/usr/include'
pdfdir='${docdir}'
prefix='/usr'
program_transform_name='s,x,x,'
psdir='${docdir}'
rcdir=''
sa_dir=''
sa_lib_dir=''
sbindir='${exec_prefix}/sbin'
sharedstatedir='${prefix}/com'
sysconfdir='${prefix}/etc'
target_alias=''

## ----------- ##
## confdefs.h. ##
## ----------- ##

#define PACKAGE_NAME "sysstat"
#define PACKAGE_TARNAME "sysstat"
#define PACKAGE_VERSION "9.0.4"
#define PACKAGE_STRING "sysstat 9.0.4"
#define PACKAGE_BUGREPORT ""
#define _GNU_SOURCE 1
#define STDC_HEADERS 1
#define HAVE_DIRENT_H 1
#define HAVE_SYS_TYPES_H 1
#define HAVE_SYS_STAT_H 1
#define HAVE_STDLIB_H 1
#define HAVE_STRING_H 1
#define HAVE_MEMORY_H 1
#define HAVE_STRINGS_H 1
#define HAVE_INTTYPES_H 1
#define HAVE_STDINT_H 1
#define HAVE_UNISTD_H 1
#define HAVE_CTYPE_H 1
#define HAVE_ERRNO_H 1
#define HAVE_LIBINTL_H 1
#define HAVE_LOCALE_H 1
#define HAVE_NET_IF_H 1
#define HAVE_SIGNAL_H 1
#define HAVE_STDIO_H 1
#define HAVE_SYS_FILE_H 1
#define HAVE_SYS_IOCTL_H 1
#define HAVE_SYS_STAT_H 1
#define RETSIGTYPE void
#define HAVE_STRCHR 1
#define HAVE_STRCSPN 1
#define HAVE_STRSPN 1
#define HAVE_STRSTR 1
#define _FILE_OFFSET_BITS 64

configure: exit 0
