This file contains any messages produced by compilers while
running configure, to aid debugging if configure makes a mistake.

It was created by configure, which was
generated by GNU Autoconf 2.59.  Invocation command line was

  $ ./configure --host=mips-linux --config-cache

## --------- ##
## Platform. ##
## --------- ##

hostname = sswlinux1_nj
uname -m = i686
uname -r = 2.6.9-67.ELsmp
uname -s = Linux
uname -v = #1 SMP Wed Nov 7 13:58:04 EST 2007

/usr/bin/uname -p = unknown
/bin/uname -X     = unknown

/bin/arch              = i686
/usr/bin/arch -k       = unknown
/usr/convex/getsysinfo = unknown
hostinfo               = unknown
/bin/machine           = unknown
/usr/bin/oslevel       = unknown
/bin/universe          = unknown

PATH: /home/user/socsw/jlliu_nj/bin
PATH: /usr/kerberos/bin
PATH: /usr/local/bin
PATH: /usr/java/jdk1.6.0_11/bin
PATH: /opt/trendchip/mips-linux26/bin
PATH: /opt/CodeSourcery/mips-4.2/bin
PATH: /home/user/socsw/svn/toolchain/tools
PATH: /home/user/socsw/svn/toolchain/tools/trx
PATH: /usr/local/bin
PATH: /bin
PATH: /usr/bin
PATH: /usr/X11R6/bin


## ----------- ##
## Core tests. ##
## ----------- ##

configure:1211: loading cache config.cache
configure:1338: checking for a BSD-compatible install
configure:1393: result: /usr/bin/install -c
configure:1404: checking whether make sets $(MAKE)
configure:1424: result: yes
configure:1441: checking for mips-linux-gcc
configure:1467: result: mips-linux-gcc
configure:1749: checking for C compiler version
configure:1752: mips-linux-gcc --version </dev/null >&5
mips-linux-gcc (GCC) 3.3.2
Copyright (C) 2003 Free Software Foundation, Inc.
This is free software; see the source for copying conditions.  There is NO
warranty; not even for MERCHANTABILITY or FITNESS FOR A PARTICULAR PURPOSE.

configure:1755: $? = 0
configure:1757: mips-linux-gcc -v </dev/null >&5
Reading specs from /opt/trendchip/mips-linux26/lib/gcc-lib/mips-linux/3.3.2/specs
Configured with: ../../src/gcc-3.3.2/configure --prefix=/opt/trendchip/mips-linux26 --target=mips-linux --enable-shared --enable-languages=c,c++ --nfp --without-fp --with-gnu-as --with-gnu-ld
Thread model: posix
gcc version 3.3.2
configure:1760: $? = 0
configure:1762: mips-linux-gcc -V </dev/null >&5
mips-linux-gcc: `-V' option must have argument
configure:1765: $? = 1
configure:1788: checking for C compiler default output file name
configure:1791: mips-linux-gcc    conftest.c  >&5
configure:1794: $? = 0
configure:1840: result: a.out
configure:1845: checking whether the C compiler works
configure:1851: ./a.out
./configure: line 1852: ./a.out: cannot execute binary file
configure:1854: $? = 126
configure:1871: result: yes
configure:1878: checking whether we are cross compiling
configure:1880: result: yes
configure:1883: checking for suffix of executables
configure:1885: mips-linux-gcc -o conftest    conftest.c  >&5
configure:1888: $? = 0
configure:1913: result: 
configure:1919: checking for suffix of object files
configure:1965: result: o
configure:1969: checking whether we are using the GNU C compiler
configure:2025: result: yes
configure:2031: checking whether mips-linux-gcc accepts -g
configure:2082: result: yes
configure:2099: checking for mips-linux-gcc option to accept ANSI C
configure:2206: result: none needed
configure:2224: mips-linux-gcc -c -g -O2  conftest.c >&5
conftest.c:2: error: parse error before "me"
configure:2230: $? = 1
configure: failed program was:
| #ifndef __cplusplus
|   choke me
| #endif
configure:2368: checking how to run the C preprocessor
configure:2486: result: mips-linux-gcc -E
configure:2510: mips-linux-gcc -E  conftest.c
configure:2516: $? = 0
configure:2548: mips-linux-gcc -E  conftest.c
conftest.c:9:28: ac_nonexistent.h: No such file or directory
configure:2554: $? = 1
configure: failed program was:
| /* confdefs.h.  */
| 
| #define PACKAGE_NAME ""
| #define PACKAGE_TARNAME ""
| #define PACKAGE_VERSION ""
| #define PACKAGE_STRING ""
| #define PACKAGE_BUGREPORT ""
| /* end confdefs.h.  */
| #include <ac_nonexistent.h>
configure:2601: checking for bison
configure:2627: result: bison -y
configure:2643: checking for flex
configure:2669: result: flex
configure:2682: checking for yywrap in -lfl
configure:2744: result: no
configure:2749: checking for yywrap in -ll
configure:2811: result: no
configure:2822: checking lex output file root
configure:2848: result: lex.yy
configure:2853: checking whether yytext is a pointer
configure:2902: result: no
configure:2923: checking for sys/queue.h
configure:2941: mips-linux-gcc -c -g -O2 -I$(srcdir)  conftest.c >&5
configure:2947: $? = 0
configure:2951: test -z 
			 || test ! -s conftest.err
configure:2954: $? = 0
configure:2957: test -s conftest.o
configure:2960: $? = 0
configure:2962: result: yes
configure:2975: checking for egrep
configure:2985: result: grep -E
configure:3009: checking for getaddrinfo/getnameinfo library
configure:3011: result: regular
configure:3104: checking for getaddrinfo
configure:3192: result: yes
configure:3216: checking for getnameinfo
configure:3304: result: yes
configure:3328: checking for getifaddrs
configure:3416: result: no
configure:3440: checking for if_nametoindex
configure:3528: result: yes
configure:3543: checking for strlcpy
configure:3631: result: yes
configure:3543: checking for strlcat
configure:3631: result: yes
configure:3655: checking for daemon
configure:3743: result: yes
configure:3767: checking for warnx
configure:3855: result: yes
configure:3876: checking for ANSI C header files
configure:4032: result: yes
configure:4056: checking for sys/types.h
configure:4102: result: yes
configure:4056: checking for sys/stat.h
configure:4102: result: yes
configure:4056: checking for stdlib.h
configure:4102: result: yes
configure:4056: checking for string.h
configure:4102: result: yes
configure:4056: checking for memory.h
configure:4102: result: yes
configure:4056: checking for strings.h
configure:4102: result: yes
configure:4056: checking for inttypes.h
configure:4102: result: yes
configure:4056: checking for stdint.h
configure:4102: result: yes
configure:4056: checking for unistd.h
configure:4102: result: yes
configure:4124: checking for fcntl.h
configure:4129: result: yes
configure:4124: checking for sys/ioctl.h
configure:4129: result: yes
configure:4124: checking for sys/time.h
configure:4129: result: yes
configure:4124: checking for syslog.h
configure:4129: result: yes
configure:4124: checking for unistd.h
configure:4129: result: yes
configure:4124: checking for ifaddrs.h
configure:4129: result: no
configure:4269: checking for socklen_t
configure:4288: mips-linux-gcc -c -g -O2 -I$(srcdir)  conftest.c >&5
configure:4294: $? = 0
configure:4298: test -z 
			 || test ! -s conftest.err
configure:4301: $? = 0
configure:4304: test -s conftest.o
configure:4307: $? = 0
configure:4309: result: yes
configure:4386: checking for an ANSI C-conforming const
configure:4483: result: yes
configure:4493: checking for size_t
configure:4547: result: yes
configure:4559: checking whether time.h and sys/time.h may both be included
configure:4614: result: yes
configure:4624: checking whether struct tm is in sys/time.h or time.h
configure:4677: result: time.h
configure:4687: checking for struct tm.tm_zone
configure:4792: result: yes
configure:4877: checking for sig_atomic_t
configure:4933: result: yes
configure:4951: checking whether getpgrp requires zero arguments
configure:5004: result: yes
configure:5015: checking whether mips-linux-gcc needs -traditional
configure:5057: result: no
configure:5064: checking whether setpgrp takes no argument
configure:5118: result: yes
configure:5128: checking return type of signal handlers
configure:5189: result: void
configure:5203: checking for mktime
configure:5291: result: yes
configure:5203: checking for select
configure:5291: result: yes
configure:5203: checking for socket
configure:5291: result: yes
configure:5305: checking for clock_gettime
configure:5393: result: yes
configure:5404: checking for local DB directory
configure:5414: result: /var/db
configure:5422: checking for arc4random
configure:5510: result: no
configure:5531: checking if --enable-pedant option is specified
configure:5542: result: no
configure:5545: checking ANSI predeclared __func__
configure:5563: mips-linux-gcc -c -g -O2 -I$(srcdir)  conftest.c >&5
configure:5569: $? = 0
configure:5573: test -z 
			 || test ! -s conftest.err
configure:5576: $? = 0
configure:5579: test -s conftest.o
configure:5582: $? = 0
configure:5584: result: yes
configure:5665: checking checking the existence TAILQ_FOREACH_REVERSE
configure:5686: result: yes
configure:5696: checking argument order of TAILQ_FOREACH_REVERSE
configure:5728: mips-linux-gcc -c -g -O2 -I$(srcdir)  conftest.c >&5
configure:5734: $? = 0
configure:5738: test -z 
			 || test ! -s conftest.err
configure:5741: $? = 0
configure:5744: test -s conftest.o
configure:5747: $? = 0
configure:5749: result: new
configure:5769: checking if you have a length field in struct sockaddr*
configure:5827: result: no
configure:5837: checking the owner of the programs
configure:5847: result: bin
configure:5851: checking the group owner of the programs
configure:5861: result: bin
configure:5870: checking for stdarg.h
configure:5875: result: yes
configure:6143: creating ./config.status

## ---------------------- ##
## Running config.status. ##
## ---------------------- ##

This file was extended by config.status, which was
generated by GNU Autoconf 2.59.  Invocation command line was

  CONFIG_FILES    = 
  CONFIG_HEADERS  = 
  CONFIG_LINKS    = 
  CONFIG_COMMANDS = 
  $ ./config.status 

on sswlinux1_nj

config.status:649: creating Makefile

## ---------------- ##
## Cache variables. ##
## ---------------- ##

ac_cv_c_compiler_gnu=yes
ac_cv_c_const=yes
ac_cv_env_CC_set=
ac_cv_env_CC_value=
ac_cv_env_CFLAGS_set=
ac_cv_env_CFLAGS_value=
ac_cv_env_CPPFLAGS_set=
ac_cv_env_CPPFLAGS_value=
ac_cv_env_CPP_set=
ac_cv_env_CPP_value=
ac_cv_env_LDFLAGS_set=
ac_cv_env_LDFLAGS_value=
ac_cv_env_build_alias_set=
ac_cv_env_build_alias_value=
ac_cv_env_host_alias_set=set
ac_cv_env_host_alias_value=mips-linux
ac_cv_env_target_alias_set=
ac_cv_env_target_alias_value=
ac_cv_exeext=
ac_cv_func_arc4random=no
ac_cv_func_clock_gettime=yes
ac_cv_func_daemon=yes
ac_cv_func_getaddrinfo=yes
ac_cv_func_getifaddrs=no
ac_cv_func_getnameinfo=yes
ac_cv_func_getpgrp_void=yes
ac_cv_func_if_nametoindex=yes
ac_cv_func_mktime=yes
ac_cv_func_select=yes
ac_cv_func_setpgrp_void=yes
ac_cv_func_socket=yes
ac_cv_func_strlcat=yes
ac_cv_func_strlcpy=yes
ac_cv_func_warnx=yes
ac_cv_header_fcntl_h=yes
ac_cv_header_ifaddrs_h=no
ac_cv_header_inttypes_h=yes
ac_cv_header_memory_h=yes
ac_cv_header_stdarg_h=yes
ac_cv_header_stdc=yes
ac_cv_header_stdint_h=yes
ac_cv_header_stdlib_h=yes
ac_cv_header_string_h=yes
ac_cv_header_strings_h=yes
ac_cv_header_sys_ioctl_h=yes
ac_cv_header_sys_stat_h=yes
ac_cv_header_sys_time_h=yes
ac_cv_header_sys_types_h=yes
ac_cv_header_syslog_h=yes
ac_cv_header_time=yes
ac_cv_header_unistd_h=yes
ac_cv_lib_fl_yywrap=no
ac_cv_lib_l_yywrap=no
ac_cv_member_struct_tm_tm_zone=yes
ac_cv_objext=o
ac_cv_path_install='/usr/bin/install -c'
ac_cv_prog_CC=mips-linux-gcc
ac_cv_prog_CPP='mips-linux-gcc -E'
ac_cv_prog_LEX=flex
ac_cv_prog_YACC='bison -y'
ac_cv_prog_cc_g=yes
ac_cv_prog_cc_stdc=
ac_cv_prog_egrep='grep -E'
ac_cv_prog_gcc_traditional=no
ac_cv_prog_lex_root=lex.yy
ac_cv_prog_lex_yytext_pointer=no
ac_cv_prog_make_make_set=yes
ac_cv_struct_tm=time.h
ac_cv_type_sig_atomic_t=yes
ac_cv_type_signal=void
ac_cv_type_size_t=yes
ts_cv_sa_len=no

## ----------------- ##
## Output variables. ##
## ----------------- ##

CC='mips-linux-gcc'
CFLAGS='-g -O2 -I$(srcdir)'
CPP='mips-linux-gcc -E'
CPPFLAGS=''
DEFS='-DPACKAGE_NAME=\"\" -DPACKAGE_TARNAME=\"\" -DPACKAGE_VERSION=\"\" -DPACKAGE_STRING=\"\" -DPACKAGE_BUGREPORT=\"\" -DHAVE_GETADDRINFO=1 -DHAVE_GETNAMEINFO=1 -DHAVE_IF_NAMETOINDEX=1 -DHAVE_STRLCPY=1 -DHAVE_STRLCAT=1 -DHAVE_DAEMON=1 -DHAVE_WARNX=1 -DSTDC_HEADERS=1 -DHAVE_SYS_TYPES_H=1 -DHAVE_SYS_STAT_H=1 -DHAVE_STDLIB_H=1 -DHAVE_STRING_H=1 -DHAVE_MEMORY_H=1 -DHAVE_STRINGS_H=1 -DHAVE_INTTYPES_H=1 -DHAVE_STDINT_H=1 -DHAVE_UNISTD_H=1 -DHAVE_FCNTL_H=1 -DHAVE_SYS_IOCTL_H=1 -DHAVE_SYS_TIME_H=1 -DHAVE_SYSLOG_H=1 -DHAVE_UNISTD_H=1 -DTIME_WITH_SYS_TIME=1 -DHAVE_STRUCT_TM_TM_ZONE=1 -DHAVE_TM_ZONE=1 -DHAVE_SIG_ATOMIC_T=1 -DGETPGRP_VOID=1 -DSETPGRP_VOID=1 -DRETSIGTYPE=void -DHAVE_MKTIME=1 -DHAVE_SELECT=1 -DHAVE_SOCKET=1 -DHAVE_CLOCK_GETTIME=1 -DHAVE_ANSI_FUNC=1 -DHAVE_TAILQ_FOREACH_REVERSE=1 -DHAVE_STDARG_H=1 '
ECHO_C=''
ECHO_N='-n'
ECHO_T=''
EGREP='grep -E'
EXEEXT=''
INSTALL_DATA='${INSTALL} -m 644'
INSTALL_PROGRAM='${INSTALL}'
INSTALL_SCRIPT='${INSTALL}'
LDFLAGS=''
LEX='flex'
LEXLIB=''
LEX_OUTPUT_ROOT='lex.yy'
LIBOBJS=' getifaddrs$U.o arc4random$U.o'
LIBS=''
LTLIBOBJS=' getifaddrs$U.lo arc4random$U.lo'
OBJEXT='o'
PACKAGE_BUGREPORT=''
PACKAGE_NAME=''
PACKAGE_STRING=''
PACKAGE_TARNAME=''
PACKAGE_VERSION=''
PATH_SEPARATOR=':'
SET_MAKE=''
SHELL='/bin/sh'
YACC='bison -y'
ac_ct_CC=''
bindir='${exec_prefix}/bin'
build_alias=''
datadir='${prefix}/share'
exec_prefix='${prefix}'
group='bin'
host_alias='mips-linux'
includedir='${prefix}/include'
infodir='${prefix}/info'
libdir='${exec_prefix}/lib'
libexecdir='${exec_prefix}/libexec'
localdbdir='/var/db'
localstatedir='${prefix}/var'
mandir='${prefix}/man'
oldincludedir='/usr/include'
prefix='/usr/local'
program_transform_name='s,x,x,'
sbindir='${exec_prefix}/sbin'
sharedstatedir='${prefix}/com'
sysconfdir='${prefix}/etc'
target_alias=''
user='bin'

## ----------- ##
## confdefs.h. ##
## ----------- ##

#define GETPGRP_VOID 1
#define HAVE_ANSI_FUNC 1
#define HAVE_CLOCK_GETTIME 1
#define HAVE_DAEMON 1
#define HAVE_FCNTL_H 1
#define HAVE_GETADDRINFO 1
#define HAVE_GETNAMEINFO 1
#define HAVE_IF_NAMETOINDEX 1
#define HAVE_INTTYPES_H 1
#define HAVE_MEMORY_H 1
#define HAVE_MKTIME 1
#define HAVE_SELECT 1
#define HAVE_SIG_ATOMIC_T 1
#define HAVE_SOCKET 1
#define HAVE_STDARG_H 1
#define HAVE_STDINT_H 1
#define HAVE_STDLIB_H 1
#define HAVE_STRINGS_H 1
#define HAVE_STRING_H 1
#define HAVE_STRLCAT 1
#define HAVE_STRLCPY 1
#define HAVE_STRUCT_TM_TM_ZONE 1
#define HAVE_SYSLOG_H 1
#define HAVE_SYS_IOCTL_H 1
#define HAVE_SYS_STAT_H 1
#define HAVE_SYS_TIME_H 1
#define HAVE_SYS_TYPES_H 1
#define HAVE_TAILQ_FOREACH_REVERSE 1
#define HAVE_TM_ZONE 1
#define HAVE_UNISTD_H 1
#define HAVE_UNISTD_H 1
#define HAVE_WARNX 1
#define PACKAGE_BUGREPORT ""
#define PACKAGE_NAME ""
#define PACKAGE_STRING ""
#define PACKAGE_TARNAME ""
#define PACKAGE_VERSION ""
#define RETSIGTYPE void
#define SETPGRP_VOID 1
#define STDC_HEADERS 1
#define TIME_WITH_SYS_TIME 1

configure: exit 0
