This file contains any messages produced by compilers while
running configure, to aid debugging if configure makes a mistake.

It was created by configure, which was
generated by GNU Autoconf 2.59.  Invocation command line was

  $ ./configure --disable-threads --host=mips-linux --enable-shared host_alias=mips-linux --no-create --no-recursion

## --------- ##
## Platform. ##
## --------- ##

hostname = sswlinux1
uname -m = i686
uname -r = 2.6.9-78.ELsmp
uname -s = Linux
uname -v = #1 SMP Wed Jul 9 15:39:47 EDT 2008

/usr/bin/uname -p = unknown
/bin/uname -X     = unknown

/bin/arch              = i686
/usr/bin/arch -k       = unknown
/usr/convex/getsysinfo = unknown
hostinfo               = unknown
/bin/machine           = unknown
/usr/bin/oslevel       = unknown
/bin/universe          = unknown

PATH: /opt/trendchip/mips-linux26/bin
PATH: /home/user/socsw/pork/bin
PATH: /home/user/socsw/pork/bin
PATH: /usr/kerberos/bin
PATH: /usr/local/bin
PATH: /usr/java/jdk1.6.0_11/bin
PATH: /opt/trendchip/mips-linux26/bin
PATH: /opt/CodeSourcery/mips-4.2/bin
PATH: /home/user/socsw/svn/toolchain/tools
PATH: /home/user/socsw/svn/toolchain/tools/trx
PATH: /usr/local/bin
PATH: /bin
PATH: /usr/bin
PATH: /usr/X11R6/bin


## ----------- ##
## Core tests. ##
## ----------- ##

configure:1391: checking for mips-linux-gcc
configure:1417: result: mips-linux-gnu-gcc -mips32r2 -msoft-float -muclibc
configure:1699: checking for C compiler version
configure:1702: mips-linux-gnu-gcc -mips32r2 -msoft-float -muclibc --version </dev/null >&5
mips-linux-gnu-gcc (Sourcery G++ Lite 4.2-129) 4.2.3
Copyright (C) 2007 Free Software Foundation, Inc.
This is free software; see the source for copying conditions.  There is NO
warranty; not even for MERCHANTABILITY or FITNESS FOR A PARTICULAR PURPOSE.

configure:1705: $? = 0
configure:1707: mips-linux-gnu-gcc -mips32r2 -msoft-float -muclibc -v </dev/null >&5
Using built-in specs.
Target: mips-linux-gnu
Configured with: /scratch/clm/stable/mips-linux-gnu-lite/src/gcc-4.2/configure --build=i686-pc-linux-gnu --host=i686-pc-linux-gnu --target=mips-linux-gnu --enable-threads --disable-libmudflap --disable-libssp --disable-libgomp --disable-libstdcxx-pch --with-arch=mips32r2 --with-float=hard --enable-extra-sgxxlite-multilibs --with-abi=32 --enable-mips-nonpic --with-gnu-as --with-gnu-ld --enable-languages=c,c++ --enable-shared --enable-symvers=gnu --enable-__cxa_atexit --with-pkgversion=Sourcery G++ Lite 4.2-129 --with-bugurl=https://support.codesourcery.com/GNUToolchain/ --disable-nls --prefix=/opt/codesourcery --with-sysroot=/opt/codesourcery/mips-linux-gnu/libc --with-build-sysroot=/scratch/clm/stable/mips-linux-gnu-lite/install/mips-linux-gnu/libc --enable-poison-system-directories --with-build-time-tools=/scratch/clm/stable/mips-linux-gnu-lite/install/mips-linux-gnu/bin --with-build-time-tools=/scratch/clm/stable/mips-linux-gnu-lite/install/mips-linux-gnu/bin
Thread model: posix
gcc version 4.2.3 (Sourcery G++ Lite 4.2-129)
configure:1710: $? = 0
configure:1712: mips-linux-gnu-gcc -mips32r2 -msoft-float -muclibc -V </dev/null >&5
mips-linux-gnu-gcc: '-V' must come at the start of the command line
configure:1715: $? = 1
configure:1738: checking for C compiler default output file name
configure:1741: mips-linux-gnu-gcc -mips32r2 -msoft-float -muclibc    conftest.c  >&5
configure:1744: $? = 0
configure:1790: result: a.out
configure:1795: checking whether the C compiler works
configure:1801: ./a.out
./configure: line 1802: ./a.out: cannot execute binary file
configure:1804: $? = 126
configure:1821: result: yes
configure:1828: checking whether we are cross compiling
configure:1830: result: yes
configure:1833: checking for suffix of executables
configure:1835: mips-linux-gnu-gcc -mips32r2 -msoft-float -muclibc -o conftest    conftest.c  >&5
configure:1838: $? = 0
configure:1863: result: 
configure:1869: checking for suffix of object files
configure:1890: mips-linux-gnu-gcc -mips32r2 -msoft-float -muclibc -c   conftest.c >&5
configure:1893: $? = 0
configure:1915: result: o
configure:1919: checking whether we are using the GNU C compiler
configure:1943: mips-linux-gnu-gcc -mips32r2 -msoft-float -muclibc -c   conftest.c >&5
configure:1949: $? = 0
configure:1953: test -z 
			 || test ! -s conftest.err
configure:1956: $? = 0
configure:1959: test -s conftest.o
configure:1962: $? = 0
configure:1975: result: yes
configure:1981: checking whether mips-linux-gnu-gcc -mips32r2 -msoft-float -muclibc accepts -g
configure:2002: mips-linux-gnu-gcc -mips32r2 -msoft-float -muclibc -c -g  conftest.c >&5
configure:2008: $? = 0
configure:2012: test -z 
			 || test ! -s conftest.err
configure:2015: $? = 0
configure:2018: test -s conftest.o
configure:2021: $? = 0
configure:2032: result: yes
configure:2049: checking for mips-linux-gnu-gcc -mips32r2 -msoft-float -muclibc option to accept ANSI C
configure:2119: mips-linux-gnu-gcc -mips32r2 -msoft-float -muclibc  -c   conftest.c >&5
configure:2125: $? = 0
configure:2129: test -z 
			 || test ! -s conftest.err
configure:2132: $? = 0
configure:2135: test -s conftest.o
configure:2138: $? = 0
configure:2156: result: none needed
configure:2174: mips-linux-gnu-gcc -mips32r2 -msoft-float -muclibc -c   conftest.c >&5
conftest.c:2: error: expected '=', ',', ';', 'asm' or '__attribute__' before 'me'
configure:2180: $? = 1
configure: failed program was:
| #ifndef __cplusplus
|   choke me
| #endif
configure:2323: checking for mips-linux-g++
configure:2339: found /opt/trendchip/mips-linux26/bin/mips-linux-g++
configure:2349: result: mips-linux-g++
configure:2407: checking for C++ compiler version
configure:2410: mips-linux-g++ --version </dev/null >&5
mips-linux-g++ (GCC) 3.3.2
Copyright (C) 2003 Free Software Foundation, Inc.
This is free software; see the source for copying conditions.  There is NO
warranty; not even for MERCHANTABILITY or FITNESS FOR A PARTICULAR PURPOSE.

configure:2413: $? = 0
configure:2415: mips-linux-g++ -v </dev/null >&5
Reading specs from /opt/trendchip/mips-linux26/lib/gcc-lib/mips-linux/3.3.2/specs
Configured with: ../../src/gcc-3.3.2/configure --prefix=/opt/trendchip/mips-linux26 --target=mips-linux --enable-shared --enable-languages=c,c++ --nfp --without-fp --with-gnu-as --with-gnu-ld
Thread model: posix
gcc version 3.3.2
configure:2418: $? = 0
configure:2420: mips-linux-g++ -V </dev/null >&5
mips-linux-g++: `-V' option must have argument
configure:2423: $? = 1
configure:2426: checking whether we are using the GNU C++ compiler
configure:2450: mips-linux-g++ -c   conftest.cc >&5
configure:2456: $? = 0
configure:2460: test -z 
			 || test ! -s conftest.err
configure:2463: $? = 0
configure:2466: test -s conftest.o
configure:2469: $? = 0
configure:2482: result: yes
configure:2488: checking whether mips-linux-g++ accepts -g
configure:2509: mips-linux-g++ -c -g  conftest.cc >&5
configure:2515: $? = 0
configure:2519: test -z 
			 || test ! -s conftest.err
configure:2522: $? = 0
configure:2525: test -s conftest.o
configure:2528: $? = 0
configure:2539: result: yes
configure:2581: mips-linux-g++ -c   conftest.cc >&5
configure:2587: $? = 0
configure:2591: test -z 
			 || test ! -s conftest.err
configure:2594: $? = 0
configure:2597: test -s conftest.o
configure:2600: $? = 0
configure:2626: mips-linux-g++ -c   conftest.cc >&5
conftest.cc: In function `int main()':
conftest.cc:14: error: `exit' undeclared (first use this function)
conftest.cc:14: error: (Each undeclared identifier is reported only once for 
   each function it appears in.)
configure:2632: $? = 1
configure: failed program was:
| /* confdefs.h.  */
| 
| #define PACKAGE_NAME ""
| #define PACKAGE_TARNAME ""
| #define PACKAGE_VERSION ""
| #define PACKAGE_STRING ""
| #define PACKAGE_BUGREPORT ""
| #define MXML_VERSION "Mini-XML v2.4"
| /* end confdefs.h.  */
| 
| int
| main ()
| {
| exit (42);
|   ;
|   return 0;
| }
configure:2581: mips-linux-g++ -c   conftest.cc >&5
configure:2587: $? = 0
configure:2591: test -z 
			 || test ! -s conftest.err
configure:2594: $? = 0
configure:2597: test -s conftest.o
configure:2600: $? = 0
configure:2626: mips-linux-g++ -c   conftest.cc >&5
configure:2632: $? = 0
configure:2636: test -z 
			 || test ! -s conftest.err
configure:2639: $? = 0
configure:2642: test -s conftest.o
configure:2645: $? = 0
configure:2706: checking for a BSD-compatible install
configure:2761: result: /usr/bin/install -c
configure:2779: checking for mips-linux-ranlib
configure:2795: found /opt/trendchip/mips-linux26/bin/mips-linux-ranlib
configure:2805: result: mips-linux-ranlib
configure:2858: checking for ar
configure:2876: found /usr/bin/ar
configure:2888: result: /usr/bin/ar
configure:2897: checking for cp
configure:2915: found /bin/cp
configure:2927: result: /bin/cp
configure:2936: checking for ln
configure:2954: found /bin/ln
configure:2966: result: /bin/ln
configure:2975: checking for mkdir
configure:2993: found /bin/mkdir
configure:3005: result: /bin/mkdir
configure:3014: checking for rm
configure:3032: found /bin/rm
configure:3044: result: /bin/rm
configure:3064: checking for inline
configure:3085: mips-linux-gnu-gcc -mips32r2 -msoft-float -muclibc -c   conftest.c >&5
configure:3091: $? = 0
configure:3095: test -z 
			 || test ! -s conftest.err
configure:3098: $? = 0
configure:3101: test -s conftest.o
configure:3104: $? = 0
configure:3116: result: inline
configure:3141: checking for strdup
configure:3198: mips-linux-gnu-gcc -mips32r2 -msoft-float -muclibc -o conftest    conftest.c  >&5
conftest.c:37: warning: conflicting types for built-in function 'strdup'
configure:3204: $? = 0
configure:3208: test -z 
			 || test ! -s conftest.err
configure:3211: $? = 0
configure:3214: test -s conftest
configure:3217: $? = 0
configure:3229: result: yes
configure:3247: checking for snprintf
configure:3304: mips-linux-gnu-gcc -mips32r2 -msoft-float -muclibc -o conftest    conftest.c  >&5
conftest.c:38: warning: conflicting types for built-in function 'snprintf'
configure:3310: $? = 0
configure:3314: test -z 
			 || test ! -s conftest.err
configure:3317: $? = 0
configure:3320: test -s conftest
configure:3323: $? = 0
configure:3335: result: yes
configure:3247: checking for vsnprintf
configure:3304: mips-linux-gnu-gcc -mips32r2 -msoft-float -muclibc -o conftest    conftest.c  >&5
conftest.c:39: warning: conflicting types for built-in function 'vsnprintf'
configure:3310: $? = 0
configure:3314: test -z 
			 || test ! -s conftest.err
configure:3317: $? = 0
configure:3320: test -s conftest
configure:3323: $? = 0
configure:3335: result: yes
configure:4075: checking for shared library support
configure:4107: result: yes
configure:4339: creating ./config.status

## ---------------- ##
## Cache variables. ##
## ---------------- ##

ac_cv_c_compiler_gnu=yes
ac_cv_c_inline=inline
ac_cv_cxx_compiler_gnu=yes
ac_cv_env_CC_set=set
ac_cv_env_CC_value='mips-linux-gnu-gcc -mips32r2 -msoft-float -muclibc'
ac_cv_env_CFLAGS_set=
ac_cv_env_CFLAGS_value=
ac_cv_env_CPPFLAGS_set=
ac_cv_env_CPPFLAGS_value=
ac_cv_env_CPP_set=
ac_cv_env_CPP_value=
ac_cv_env_CXXFLAGS_set=
ac_cv_env_CXXFLAGS_value=
ac_cv_env_CXX_set=
ac_cv_env_CXX_value=
ac_cv_env_LDFLAGS_set=
ac_cv_env_LDFLAGS_value=
ac_cv_env_build_alias_set=
ac_cv_env_build_alias_value=
ac_cv_env_host_alias_set=set
ac_cv_env_host_alias_value=mips-linux
ac_cv_env_target_alias_set=
ac_cv_env_target_alias_value=
ac_cv_exeext=
ac_cv_func_snprintf=yes
ac_cv_func_strdup=yes
ac_cv_func_vsnprintf=yes
ac_cv_objext=o
ac_cv_path_AR=/usr/bin/ar
ac_cv_path_CP=/bin/cp
ac_cv_path_LN=/bin/ln
ac_cv_path_MKDIR=/bin/mkdir
ac_cv_path_RM=/bin/rm
ac_cv_path_install='/usr/bin/install -c'
ac_cv_prog_CC='mips-linux-gnu-gcc -mips32r2 -msoft-float -muclibc'
ac_cv_prog_CXX=mips-linux-g++
ac_cv_prog_RANLIB=mips-linux-ranlib
ac_cv_prog_cc_g=yes
ac_cv_prog_cc_stdc=
ac_cv_prog_cxx_g=yes

## ----------------- ##
## Output variables. ##
## ----------------- ##

AR='/usr/bin/ar'
ARCHFLAGS=''
ARFLAGS='crvs'
CC='mips-linux-gnu-gcc -mips32r2 -msoft-float -muclibc'
CFLAGS='-Wall '
CP='/bin/cp'
CPP=''
CPPFLAGS=''
CXX='mips-linux-g++'
CXXFLAGS=''
DEFS='-DHAVE_CONFIG_H'
DSO='$(CC)'
DSOFLAGS=' -Wl,-soname,libmxml.so.1,-rpath,$(libdir) -shared $(OPTIM)'
ECHO_C=''
ECHO_N='-n'
ECHO_T=''
EGREP=''
EXEEXT=''
INSTALL_DATA='${INSTALL} -m 644'
INSTALL_PROGRAM='${INSTALL}'
INSTALL_SCRIPT='${INSTALL}'
LDFLAGS=' -Wl,-rpath,$(libdir)'
LIBMXML='libmxml.so.1.4'
LIBOBJS=''
LIBS=''
LN='/bin/ln'
LTLIBOBJS=''
MKDIR='/bin/mkdir'
OBJEXT='o'
OPTIM='-fPIC -Os -g'
PACKAGE_BUGREPORT=''
PACKAGE_NAME=''
PACKAGE_STRING=''
PACKAGE_TARNAME=''
PACKAGE_VERSION=''
PATH_SEPARATOR=':'
PC_CFLAGS='-I${prefix}/include'
PC_LIBS='-L${exec_prefix}/lib -lmxml'
PICFLAG='1'
PTHREAD_FLAGS=''
PTHREAD_LIBS=''
RANLIB='mips-linux-ranlib'
RM='/bin/rm'
SHELL='/bin/sh'
VERSION='2.4'
ac_ct_CC=''
ac_ct_CXX=''
ac_ct_RANLIB=''
bindir='${exec_prefix}/bin'
build_alias=''
datadir='${prefix}/share'
docdir='${prefix}/share/doc/mxml'
exec_prefix='/usr/local'
host_alias='mips-linux'
includedir='${prefix}/include'
infodir='${prefix}/info'
libdir='${exec_prefix}/lib'
libexecdir='${exec_prefix}/libexec'
localstatedir='${prefix}/var'
mandir='${prefix}/man'
oldincludedir='/usr/include'
prefix='/usr/local'
program_transform_name='s,x,x,'
sbindir='${exec_prefix}/sbin'
sharedstatedir='${prefix}/com'
sysconfdir='${prefix}/etc'
target_alias=''

## ----------- ##
## confdefs.h. ##
## ----------- ##

#define HAVE_SNPRINTF 1
#define HAVE_STRDUP 1
#define HAVE_VSNPRINTF 1
#define MXML_VERSION "Mini-XML v2.4"
#define PACKAGE_BUGREPORT ""
#define PACKAGE_NAME ""
#define PACKAGE_STRING ""
#define PACKAGE_TARNAME ""
#define PACKAGE_VERSION ""
#endif
#ifdef __cplusplus
extern "C" void std::exit (int) throw (); using std::exit;

configure: exit 0

## ---------------------- ##
## Running config.status. ##
## ---------------------- ##

This file was extended by config.status, which was
generated by GNU Autoconf 2.59.  Invocation command line was

  CONFIG_FILES    = 
  CONFIG_HEADERS  = 
  CONFIG_LINKS    = 
  CONFIG_COMMANDS = 
  $ ./config.status 

on sswlinux1

config.status:674: creating Makefile
config.status:674: creating mxml.list
config.status:674: creating mxml.pc
config.status:778: creating config.h
