This file contains any messages produced by compilers while
running configure, to aid debugging if configure makes a mistake.

It was created by configure, which was
generated by GNU Autoconf 2.61.  Invocation command line was

  $ ./configure 

## --------- ##
## Platform. ##
## --------- ##

hostname = sswlinux2_nj
uname -m = i686
uname -r = 2.6.9-67.ELsmp
uname -s = Linux
uname -v = #1 SMP Wed Nov 7 13:58:04 EST 2007

/usr/bin/uname -p = unknown
/bin/uname -X     = unknown

/bin/arch              = i686
/usr/bin/arch -k       = unknown
/usr/convex/getsysinfo = unknown
/usr/bin/hostinfo      = unknown
/bin/machine           = unknown
/usr/bin/oslevel       = unknown
/bin/universe          = unknown

PATH: /home/user/socsw/yuren_nj/bin
PATH: /home/user/socsw/yuren_nj/bin
PATH: /usr/kerberos/bin
PATH: /usr/local/bin
PATH: /usr/java/jdk1.6.0_11/bin
PATH: /opt/trendchip/mips-linux26/bin
PATH: /opt/CodeSourcery/mips-4.2/bin
PATH: /home/user/socsw/svn/toolchain/tools
PATH: /home/user/socsw/svn/toolchain/tools/trx
PATH: /usr/local/bin
PATH: /bin
PATH: /usr/bin
PATH: /usr/X11R6/bin
PATH: /home/user/socsw/yuren_nj/bin


## ----------- ##
## Core tests. ##
## ----------- ##

configure:1759: checking for gcc
configure:1786: result: gcc
configure:2024: checking for C compiler version
configure:2031: gcc --version >&5
gcc (GCC) 3.4.6 20060404 (Red Hat 3.4.6-9)
Copyright (C) 2006 Free Software Foundation, Inc.
This is free software; see the source for copying conditions.  There is NO
warranty; not even for MERCHANTABILITY or FITNESS FOR A PARTICULAR PURPOSE.

configure:2034: $? = 0
configure:2041: gcc -v >&5
Reading specs from /usr/lib/gcc/i386-redhat-linux/3.4.6/specs
Configured with: ../configure --prefix=/usr --mandir=/usr/share/man --infodir=/usr/share/info --enable-shared --enable-threads=posix --disable-checking --with-system-zlib --enable-__cxa_atexit --disable-libunwind-exceptions --enable-java-awt=gtk --host=i386-redhat-linux
Thread model: posix
gcc version 3.4.6 20060404 (Red Hat 3.4.6-9)
configure:2044: $? = 0
configure:2051: gcc -V >&5
gcc: `-V' option must have argument
configure:2054: $? = 1
configure:2077: checking for C compiler default output file name
configure:2104: gcc    conftest.c  >&5
configure:2107: $? = 0
configure:2145: result: a.out
configure:2162: checking whether the C compiler works
configure:2172: ./a.out
configure:2175: $? = 0
configure:2192: result: yes
configure:2199: checking whether we are cross compiling
configure:2201: result: no
configure:2204: checking for suffix of executables
configure:2211: gcc -o conftest    conftest.c  >&5
configure:2214: $? = 0
configure:2238: result: 
configure:2244: checking for suffix of object files
configure:2270: gcc -c   conftest.c >&5
configure:2273: $? = 0
configure:2296: result: o
configure:2300: checking whether we are using the GNU C compiler
configure:2329: gcc -c   conftest.c >&5
configure:2335: $? = 0
configure:2352: result: yes
configure:2357: checking whether gcc accepts -g
configure:2387: gcc -c -g  conftest.c >&5
configure:2393: $? = 0
configure:2492: result: yes
configure:2509: checking for gcc option to accept ISO C89
configure:2583: gcc  -c -g -O2  conftest.c >&5
configure:2589: $? = 0
configure:2612: result: none needed
configure:2673: checking for ranlib
configure:2689: found /usr/bin/ranlib
configure:2700: result: ranlib
configure:2734: checking how to run the C preprocessor
configure:2774: gcc -E  conftest.c
configure:2780: $? = 0
configure:2811: gcc -E  conftest.c
conftest.c:8:28: ac_nonexistent.h: No such file or directory
configure:2817: $? = 1
configure: failed program was:
| /* confdefs.h.  */
| #define PACKAGE_NAME ""
| #define PACKAGE_TARNAME ""
| #define PACKAGE_VERSION ""
| #define PACKAGE_STRING ""
| #define PACKAGE_BUGREPORT ""
| /* end confdefs.h.  */
| #include <ac_nonexistent.h>
configure:2850: result: gcc -E
configure:2879: gcc -E  conftest.c
configure:2885: $? = 0
configure:2916: gcc -E  conftest.c
conftest.c:8:28: ac_nonexistent.h: No such file or directory
configure:2922: $? = 1
configure: failed program was:
| /* confdefs.h.  */
| #define PACKAGE_NAME ""
| #define PACKAGE_TARNAME ""
| #define PACKAGE_VERSION ""
| #define PACKAGE_STRING ""
| #define PACKAGE_BUGREPORT ""
| /* end confdefs.h.  */
| #include <ac_nonexistent.h>
configure:2960: checking for grep that handles long lines and -e
configure:3034: result: /bin/grep
configure:3039: checking for egrep
configure:3117: result: /bin/grep -E
configure:3122: checking for ANSI C header files
configure:3152: gcc -c -g -O2  conftest.c >&5
configure:3158: $? = 0
configure:3257: gcc -o conftest -g -O2   conftest.c  >&5
configure:3260: $? = 0
configure:3266: ./conftest
configure:3269: $? = 0
configure:3286: result: yes
configure:3296: checking for sys/wait.h that is POSIX.1 compatible
configure:3332: gcc -c -g -O2  conftest.c >&5
configure:3338: $? = 0
configure:3353: result: yes
configure:3377: checking for sys/types.h
configure:3398: gcc -c -g -O2  conftest.c >&5
configure:3404: $? = 0
configure:3420: result: yes
configure:3377: checking for sys/stat.h
configure:3398: gcc -c -g -O2  conftest.c >&5
configure:3404: $? = 0
configure:3420: result: yes
configure:3377: checking for stdlib.h
configure:3398: gcc -c -g -O2  conftest.c >&5
configure:3404: $? = 0
configure:3420: result: yes
configure:3377: checking for string.h
configure:3398: gcc -c -g -O2  conftest.c >&5
configure:3404: $? = 0
configure:3420: result: yes
configure:3377: checking for memory.h
configure:3398: gcc -c -g -O2  conftest.c >&5
configure:3404: $? = 0
configure:3420: result: yes
configure:3377: checking for strings.h
configure:3398: gcc -c -g -O2  conftest.c >&5
configure:3404: $? = 0
configure:3420: result: yes
configure:3377: checking for inttypes.h
configure:3398: gcc -c -g -O2  conftest.c >&5
configure:3404: $? = 0
configure:3420: result: yes
configure:3377: checking for stdint.h
configure:3398: gcc -c -g -O2  conftest.c >&5
configure:3404: $? = 0
configure:3420: result: yes
configure:3377: checking for unistd.h
configure:3398: gcc -c -g -O2  conftest.c >&5
configure:3404: $? = 0
configure:3420: result: yes
configure:3473: checking fcntl.h usability
configure:3490: gcc -c -g -O2  conftest.c >&5
configure:3496: $? = 0
configure:3510: result: yes
configure:3514: checking fcntl.h presence
configure:3529: gcc -E  conftest.c
configure:3535: $? = 0
configure:3549: result: yes
configure:3577: checking for fcntl.h
configure:3585: result: yes
configure:3473: checking sys/dlpi.h usability
configure:3490: gcc -c -g -O2  conftest.c >&5
conftest.c:53:22: sys/dlpi.h: No such file or directory
configure:3496: $? = 1
configure: failed program was:
| /* confdefs.h.  */
| #define PACKAGE_NAME ""
| #define PACKAGE_TARNAME ""
| #define PACKAGE_VERSION ""
| #define PACKAGE_STRING ""
| #define PACKAGE_BUGREPORT ""
| #define STDC_HEADERS 1
| #define HAVE_SYS_WAIT_H 1
| #define HAVE_SYS_TYPES_H 1
| #define HAVE_SYS_STAT_H 1
| #define HAVE_STDLIB_H 1
| #define HAVE_STRING_H 1
| #define HAVE_MEMORY_H 1
| #define HAVE_STRINGS_H 1
| #define HAVE_INTTYPES_H 1
| #define HAVE_STDINT_H 1
| #define HAVE_UNISTD_H 1
| #define HAVE_FCNTL_H 1
| /* end confdefs.h.  */
| #include <stdio.h>
| #ifdef HAVE_SYS_TYPES_H
| # include <sys/types.h>
| #endif
| #ifdef HAVE_SYS_STAT_H
| # include <sys/stat.h>
| #endif
| #ifdef STDC_HEADERS
| # include <stdlib.h>
| # include <stddef.h>
| #else
| # ifdef HAVE_STDLIB_H
| #  include <stdlib.h>
| # endif
| #endif
| #ifdef HAVE_STRING_H
| # if !defined STDC_HEADERS && defined HAVE_MEMORY_H
| #  include <memory.h>
| # endif
| # include <string.h>
| #endif
| #ifdef HAVE_STRINGS_H
| # include <strings.h>
| #endif
| #ifdef HAVE_INTTYPES_H
| # include <inttypes.h>
| #endif
| #ifdef HAVE_STDINT_H
| # include <stdint.h>
| #endif
| #ifdef HAVE_UNISTD_H
| # include <unistd.h>
| #endif
| #include <sys/dlpi.h>
configure:3510: result: no
configure:3514: checking sys/dlpi.h presence
configure:3529: gcc -E  conftest.c
conftest.c:20:22: sys/dlpi.h: No such file or directory
configure:3535: $? = 1
configure: failed program was:
| /* confdefs.h.  */
| #define PACKAGE_NAME ""
| #define PACKAGE_TARNAME ""
| #define PACKAGE_VERSION ""
| #define PACKAGE_STRING ""
| #define PACKAGE_BUGREPORT ""
| #define STDC_HEADERS 1
| #define HAVE_SYS_WAIT_H 1
| #define HAVE_SYS_TYPES_H 1
| #define HAVE_SYS_STAT_H 1
| #define HAVE_STDLIB_H 1
| #define HAVE_STRING_H 1
| #define HAVE_MEMORY_H 1
| #define HAVE_STRINGS_H 1
| #define HAVE_INTTYPES_H 1
| #define HAVE_STDINT_H 1
| #define HAVE_UNISTD_H 1
| #define HAVE_FCNTL_H 1
| /* end confdefs.h.  */
| #include <sys/dlpi.h>
configure:3549: result: no
configure:3577: checking for sys/dlpi.h
configure:3585: result: no
configure:3473: checking sys/ioctl.h usability
configure:3490: gcc -c -g -O2  conftest.c >&5
configure:3496: $? = 0
configure:3510: result: yes
configure:3514: checking sys/ioctl.h presence
configure:3529: gcc -E  conftest.c
configure:3535: $? = 0
configure:3549: result: yes
configure:3577: checking for sys/ioctl.h
configure:3585: result: yes
configure:3473: checking sys/time.h usability
configure:3490: gcc -c -g -O2  conftest.c >&5
configure:3496: $? = 0
configure:3510: result: yes
configure:3514: checking sys/time.h presence
configure:3529: gcc -E  conftest.c
configure:3535: $? = 0
configure:3549: result: yes
configure:3577: checking for sys/time.h
configure:3585: result: yes
configure:3473: checking syslog.h usability
configure:3490: gcc -c -g -O2  conftest.c >&5
configure:3496: $? = 0
configure:3510: result: yes
configure:3514: checking syslog.h presence
configure:3529: gcc -E  conftest.c
configure:3535: $? = 0
configure:3549: result: yes
configure:3577: checking for syslog.h
configure:3585: result: yes
configure:3463: checking for unistd.h
configure:3469: result: yes
configure:3473: checking net/if_arp.h usability
configure:3490: gcc -c -g -O2  conftest.c >&5
configure:3496: $? = 0
configure:3510: result: yes
configure:3514: checking net/if_arp.h presence
configure:3529: gcc -E  conftest.c
configure:3535: $? = 0
configure:3549: result: yes
configure:3577: checking for net/if_arp.h
configure:3585: result: yes
configure:3473: checking netinet/if_ether.h usability
configure:3490: gcc -c -g -O2  conftest.c >&5
configure:3496: $? = 0
configure:3510: result: yes
configure:3514: checking netinet/if_ether.h presence
configure:3529: gcc -E  conftest.c
configure:3535: $? = 0
configure:3549: result: yes
configure:3577: checking for netinet/if_ether.h
configure:3585: result: yes
configure:3473: checking getopt.h usability
configure:3490: gcc -c -g -O2  conftest.c >&5
configure:3496: $? = 0
configure:3510: result: yes
configure:3514: checking getopt.h presence
configure:3529: gcc -E  conftest.c
configure:3535: $? = 0
configure:3549: result: yes
configure:3577: checking for getopt.h
configure:3585: result: yes
configure:3473: checking sys/uio.h usability
configure:3490: gcc -c -g -O2  conftest.c >&5
configure:3496: $? = 0
configure:3510: result: yes
configure:3514: checking sys/uio.h presence
configure:3529: gcc -E  conftest.c
configure:3535: $? = 0
configure:3549: result: yes
configure:3577: checking for sys/uio.h
configure:3585: result: yes
configure:3473: checking sys/param.h usability
configure:3490: gcc -c -g -O2  conftest.c >&5
configure:3496: $? = 0
configure:3510: result: yes
configure:3514: checking sys/param.h presence
configure:3529: gcc -E  conftest.c
configure:3535: $? = 0
configure:3549: result: yes
configure:3577: checking for sys/param.h
configure:3585: result: yes
configure:3463: checking for fcntl.h
configure:3469: result: yes
configure:3473: checking net/bpf.h usability
configure:3490: gcc -c -g -O2  conftest.c >&5
conftest.c:63:21: net/bpf.h: No such file or directory
configure:3496: $? = 1
configure: failed program was:
| /* confdefs.h.  */
| #define PACKAGE_NAME ""
| #define PACKAGE_TARNAME ""
| #define PACKAGE_VERSION ""
| #define PACKAGE_STRING ""
| #define PACKAGE_BUGREPORT ""
| #define STDC_HEADERS 1
| #define HAVE_SYS_WAIT_H 1
| #define HAVE_SYS_TYPES_H 1
| #define HAVE_SYS_STAT_H 1
| #define HAVE_STDLIB_H 1
| #define HAVE_STRING_H 1
| #define HAVE_MEMORY_H 1
| #define HAVE_STRINGS_H 1
| #define HAVE_INTTYPES_H 1
| #define HAVE_STDINT_H 1
| #define HAVE_UNISTD_H 1
| #define HAVE_FCNTL_H 1
| #define HAVE_SYS_IOCTL_H 1
| #define HAVE_SYS_TIME_H 1
| #define HAVE_SYSLOG_H 1
| #define HAVE_UNISTD_H 1
| #define HAVE_NET_IF_ARP_H 1
| #define HAVE_NETINET_IF_ETHER_H 1
| #define HAVE_GETOPT_H 1
| #define HAVE_SYS_UIO_H 1
| #define HAVE_SYS_PARAM_H 1
| #define HAVE_FCNTL_H 1
| /* end confdefs.h.  */
| #include <stdio.h>
| #ifdef HAVE_SYS_TYPES_H
| # include <sys/types.h>
| #endif
| #ifdef HAVE_SYS_STAT_H
| # include <sys/stat.h>
| #endif
| #ifdef STDC_HEADERS
| # include <stdlib.h>
| # include <stddef.h>
| #else
| # ifdef HAVE_STDLIB_H
| #  include <stdlib.h>
| # endif
| #endif
| #ifdef HAVE_STRING_H
| # if !defined STDC_HEADERS && defined HAVE_MEMORY_H
| #  include <memory.h>
| # endif
| # include <string.h>
| #endif
| #ifdef HAVE_STRINGS_H
| # include <strings.h>
| #endif
| #ifdef HAVE_INTTYPES_H
| # include <inttypes.h>
| #endif
| #ifdef HAVE_STDINT_H
| # include <stdint.h>
| #endif
| #ifdef HAVE_UNISTD_H
| # include <unistd.h>
| #endif
| #include <net/bpf.h>
configure:3510: result: no
configure:3514: checking net/bpf.h presence
configure:3529: gcc -E  conftest.c
conftest.c:30:21: net/bpf.h: No such file or directory
configure:3535: $? = 1
configure: failed program was:
| /* confdefs.h.  */
| #define PACKAGE_NAME ""
| #define PACKAGE_TARNAME ""
| #define PACKAGE_VERSION ""
| #define PACKAGE_STRING ""
| #define PACKAGE_BUGREPORT ""
| #define STDC_HEADERS 1
| #define HAVE_SYS_WAIT_H 1
| #define HAVE_SYS_TYPES_H 1
| #define HAVE_SYS_STAT_H 1
| #define HAVE_STDLIB_H 1
| #define HAVE_STRING_H 1
| #define HAVE_MEMORY_H 1
| #define HAVE_STRINGS_H 1
| #define HAVE_INTTYPES_H 1
| #define HAVE_STDINT_H 1
| #define HAVE_UNISTD_H 1
| #define HAVE_FCNTL_H 1
| #define HAVE_SYS_IOCTL_H 1
| #define HAVE_SYS_TIME_H 1
| #define HAVE_SYSLOG_H 1
| #define HAVE_UNISTD_H 1
| #define HAVE_NET_IF_ARP_H 1
| #define HAVE_NETINET_IF_ETHER_H 1
| #define HAVE_GETOPT_H 1
| #define HAVE_SYS_UIO_H 1
| #define HAVE_SYS_PARAM_H 1
| #define HAVE_FCNTL_H 1
| /* end confdefs.h.  */
| #include <net/bpf.h>
configure:3549: result: no
configure:3577: checking for net/bpf.h
configure:3585: result: no
configure:3473: checking netpacket/packet.h usability
configure:3490: gcc -c -g -O2  conftest.c >&5
configure:3496: $? = 0
configure:3510: result: yes
configure:3514: checking netpacket/packet.h presence
configure:3529: gcc -E  conftest.c
configure:3535: $? = 0
configure:3549: result: yes
configure:3577: checking for netpacket/packet.h
configure:3585: result: yes
configure:3473: checking net/ethernet.h usability
configure:3490: gcc -c -g -O2  conftest.c >&5
configure:3496: $? = 0
configure:3510: result: yes
configure:3514: checking net/ethernet.h presence
configure:3529: gcc -E  conftest.c
configure:3535: $? = 0
configure:3549: result: yes
configure:3577: checking for net/ethernet.h
configure:3585: result: yes
configure:3473: checking asm/types.h usability
configure:3490: gcc -c -g -O2  conftest.c >&5
configure:3496: $? = 0
configure:3510: result: yes
configure:3514: checking asm/types.h presence
configure:3529: gcc -E  conftest.c
configure:3535: $? = 0
configure:3549: result: yes
configure:3577: checking for asm/types.h
configure:3585: result: yes
configure:3473: checking linux/if_packet.h usability
configure:3490: gcc -c -g -O2  conftest.c >&5
configure:3496: $? = 0
configure:3510: result: yes
configure:3514: checking linux/if_packet.h presence
configure:3529: gcc -E  conftest.c
configure:3535: $? = 0
configure:3549: result: yes
configure:3577: checking for linux/if_packet.h
configure:3585: result: yes
configure:3473: checking linux/if_ether.h usability
configure:3490: gcc -c -g -O2  conftest.c >&5
configure:3496: $? = 0
configure:3510: result: yes
configure:3514: checking linux/if_ether.h presence
configure:3529: gcc -E  conftest.c
configure:3535: $? = 0
configure:3549: result: yes
configure:3577: checking for linux/if_ether.h
configure:3585: result: yes
configure:3473: checking sys/socket.h usability
configure:3490: gcc -c -g -O2  conftest.c >&5
configure:3496: $? = 0
configure:3510: result: yes
configure:3514: checking sys/socket.h presence
configure:3529: gcc -E  conftest.c
configure:3535: $? = 0
configure:3549: result: yes
configure:3577: checking for sys/socket.h
configure:3585: result: yes
configure:3473: checking sys/cdefs.h usability
configure:3490: gcc -c -g -O2  conftest.c >&5
configure:3496: $? = 0
configure:3510: result: yes
configure:3514: checking sys/cdefs.h presence
configure:3529: gcc -E  conftest.c
configure:3535: $? = 0
configure:3549: result: yes
configure:3577: checking for sys/cdefs.h
configure:3585: result: yes
configure:3473: checking net/if.h usability
configure:3490: gcc -c -g -O2  conftest.c >&5
configure:3496: $? = 0
configure:3510: result: yes
configure:3514: checking net/if.h presence
configure:3529: gcc -E  conftest.c
configure:3535: $? = 0
configure:3549: result: yes
configure:3577: checking for net/if.h
configure:3585: result: yes
configure:3473: checking net/if_dl.h usability
configure:3490: gcc -c -g -O2  conftest.c >&5
conftest.c:71:23: net/if_dl.h: No such file or directory
configure:3496: $? = 1
configure: failed program was:
| /* confdefs.h.  */
| #define PACKAGE_NAME ""
| #define PACKAGE_TARNAME ""
| #define PACKAGE_VERSION ""
| #define PACKAGE_STRING ""
| #define PACKAGE_BUGREPORT ""
| #define STDC_HEADERS 1
| #define HAVE_SYS_WAIT_H 1
| #define HAVE_SYS_TYPES_H 1
| #define HAVE_SYS_STAT_H 1
| #define HAVE_STDLIB_H 1
| #define HAVE_STRING_H 1
| #define HAVE_MEMORY_H 1
| #define HAVE_STRINGS_H 1
| #define HAVE_INTTYPES_H 1
| #define HAVE_STDINT_H 1
| #define HAVE_UNISTD_H 1
| #define HAVE_FCNTL_H 1
| #define HAVE_SYS_IOCTL_H 1
| #define HAVE_SYS_TIME_H 1
| #define HAVE_SYSLOG_H 1
| #define HAVE_UNISTD_H 1
| #define HAVE_NET_IF_ARP_H 1
| #define HAVE_NETINET_IF_ETHER_H 1
| #define HAVE_GETOPT_H 1
| #define HAVE_SYS_UIO_H 1
| #define HAVE_SYS_PARAM_H 1
| #define HAVE_FCNTL_H 1
| #define HAVE_NETPACKET_PACKET_H 1
| #define HAVE_NET_ETHERNET_H 1
| #define HAVE_ASM_TYPES_H 1
| #define HAVE_LINUX_IF_PACKET_H 1
| #define HAVE_LINUX_IF_ETHER_H 1
| #define HAVE_SYS_SOCKET_H 1
| #define HAVE_SYS_CDEFS_H 1
| #define HAVE_NET_IF_H 1
| /* end confdefs.h.  */
| #include <stdio.h>
| #ifdef HAVE_SYS_TYPES_H
| # include <sys/types.h>
| #endif
| #ifdef HAVE_SYS_STAT_H
| # include <sys/stat.h>
| #endif
| #ifdef STDC_HEADERS
| # include <stdlib.h>
| # include <stddef.h>
| #else
| # ifdef HAVE_STDLIB_H
| #  include <stdlib.h>
| # endif
| #endif
| #ifdef HAVE_STRING_H
| # if !defined STDC_HEADERS && defined HAVE_MEMORY_H
| #  include <memory.h>
| # endif
| # include <string.h>
| #endif
| #ifdef HAVE_STRINGS_H
| # include <strings.h>
| #endif
| #ifdef HAVE_INTTYPES_H
| # include <inttypes.h>
| #endif
| #ifdef HAVE_STDINT_H
| # include <stdint.h>
| #endif
| #ifdef HAVE_UNISTD_H
| # include <unistd.h>
| #endif
| #include <net/if_dl.h>
configure:3510: result: no
configure:3514: checking net/if_dl.h presence
configure:3529: gcc -E  conftest.c
conftest.c:38:23: net/if_dl.h: No such file or directory
configure:3535: $? = 1
configure: failed program was:
| /* confdefs.h.  */
| #define PACKAGE_NAME ""
| #define PACKAGE_TARNAME ""
| #define PACKAGE_VERSION ""
| #define PACKAGE_STRING ""
| #define PACKAGE_BUGREPORT ""
| #define STDC_HEADERS 1
| #define HAVE_SYS_WAIT_H 1
| #define HAVE_SYS_TYPES_H 1
| #define HAVE_SYS_STAT_H 1
| #define HAVE_STDLIB_H 1
| #define HAVE_STRING_H 1
| #define HAVE_MEMORY_H 1
| #define HAVE_STRINGS_H 1
| #define HAVE_INTTYPES_H 1
| #define HAVE_STDINT_H 1
| #define HAVE_UNISTD_H 1
| #define HAVE_FCNTL_H 1
| #define HAVE_SYS_IOCTL_H 1
| #define HAVE_SYS_TIME_H 1
| #define HAVE_SYSLOG_H 1
| #define HAVE_UNISTD_H 1
| #define HAVE_NET_IF_ARP_H 1
| #define HAVE_NETINET_IF_ETHER_H 1
| #define HAVE_GETOPT_H 1
| #define HAVE_SYS_UIO_H 1
| #define HAVE_SYS_PARAM_H 1
| #define HAVE_FCNTL_H 1
| #define HAVE_NETPACKET_PACKET_H 1
| #define HAVE_NET_ETHERNET_H 1
| #define HAVE_ASM_TYPES_H 1
| #define HAVE_LINUX_IF_PACKET_H 1
| #define HAVE_LINUX_IF_ETHER_H 1
| #define HAVE_SYS_SOCKET_H 1
| #define HAVE_SYS_CDEFS_H 1
| #define HAVE_NET_IF_H 1
| /* end confdefs.h.  */
| #include <net/if_dl.h>
configure:3549: result: no
configure:3577: checking for net/if_dl.h
configure:3585: result: no
configure:3473: checking net/if_ether.h usability
configure:3490: gcc -c -g -O2  conftest.c >&5
conftest.c:71:26: net/if_ether.h: No such file or directory
configure:3496: $? = 1
configure: failed program was:
| /* confdefs.h.  */
| #define PACKAGE_NAME ""
| #define PACKAGE_TARNAME ""
| #define PACKAGE_VERSION ""
| #define PACKAGE_STRING ""
| #define PACKAGE_BUGREPORT ""
| #define STDC_HEADERS 1
| #define HAVE_SYS_WAIT_H 1
| #define HAVE_SYS_TYPES_H 1
| #define HAVE_SYS_STAT_H 1
| #define HAVE_STDLIB_H 1
| #define HAVE_STRING_H 1
| #define HAVE_MEMORY_H 1
| #define HAVE_STRINGS_H 1
| #define HAVE_INTTYPES_H 1
| #define HAVE_STDINT_H 1
| #define HAVE_UNISTD_H 1
| #define HAVE_FCNTL_H 1
| #define HAVE_SYS_IOCTL_H 1
| #define HAVE_SYS_TIME_H 1
| #define HAVE_SYSLOG_H 1
| #define HAVE_UNISTD_H 1
| #define HAVE_NET_IF_ARP_H 1
| #define HAVE_NETINET_IF_ETHER_H 1
| #define HAVE_GETOPT_H 1
| #define HAVE_SYS_UIO_H 1
| #define HAVE_SYS_PARAM_H 1
| #define HAVE_FCNTL_H 1
| #define HAVE_NETPACKET_PACKET_H 1
| #define HAVE_NET_ETHERNET_H 1
| #define HAVE_ASM_TYPES_H 1
| #define HAVE_LINUX_IF_PACKET_H 1
| #define HAVE_LINUX_IF_ETHER_H 1
| #define HAVE_SYS_SOCKET_H 1
| #define HAVE_SYS_CDEFS_H 1
| #define HAVE_NET_IF_H 1
| /* end confdefs.h.  */
| #include <stdio.h>
| #ifdef HAVE_SYS_TYPES_H
| # include <sys/types.h>
| #endif
| #ifdef HAVE_SYS_STAT_H
| # include <sys/stat.h>
| #endif
| #ifdef STDC_HEADERS
| # include <stdlib.h>
| # include <stddef.h>
| #else
| # ifdef HAVE_STDLIB_H
| #  include <stdlib.h>
| # endif
| #endif
| #ifdef HAVE_STRING_H
| # if !defined STDC_HEADERS && defined HAVE_MEMORY_H
| #  include <memory.h>
| # endif
| # include <string.h>
| #endif
| #ifdef HAVE_STRINGS_H
| # include <strings.h>
| #endif
| #ifdef HAVE_INTTYPES_H
| # include <inttypes.h>
| #endif
| #ifdef HAVE_STDINT_H
| # include <stdint.h>
| #endif
| #ifdef HAVE_UNISTD_H
| # include <unistd.h>
| #endif
| #include <net/if_ether.h>
configure:3510: result: no
configure:3514: checking net/if_ether.h presence
configure:3529: gcc -E  conftest.c
conftest.c:38:26: net/if_ether.h: No such file or directory
configure:3535: $? = 1
configure: failed program was:
| /* confdefs.h.  */
| #define PACKAGE_NAME ""
| #define PACKAGE_TARNAME ""
| #define PACKAGE_VERSION ""
| #define PACKAGE_STRING ""
| #define PACKAGE_BUGREPORT ""
| #define STDC_HEADERS 1
| #define HAVE_SYS_WAIT_H 1
| #define HAVE_SYS_TYPES_H 1
| #define HAVE_SYS_STAT_H 1
| #define HAVE_STDLIB_H 1
| #define HAVE_STRING_H 1
| #define HAVE_MEMORY_H 1
| #define HAVE_STRINGS_H 1
| #define HAVE_INTTYPES_H 1
| #define HAVE_STDINT_H 1
| #define HAVE_UNISTD_H 1
| #define HAVE_FCNTL_H 1
| #define HAVE_SYS_IOCTL_H 1
| #define HAVE_SYS_TIME_H 1
| #define HAVE_SYSLOG_H 1
| #define HAVE_UNISTD_H 1
| #define HAVE_NET_IF_ARP_H 1
| #define HAVE_NETINET_IF_ETHER_H 1
| #define HAVE_GETOPT_H 1
| #define HAVE_SYS_UIO_H 1
| #define HAVE_SYS_PARAM_H 1
| #define HAVE_FCNTL_H 1
| #define HAVE_NETPACKET_PACKET_H 1
| #define HAVE_NET_ETHERNET_H 1
| #define HAVE_ASM_TYPES_H 1
| #define HAVE_LINUX_IF_PACKET_H 1
| #define HAVE_LINUX_IF_ETHER_H 1
| #define HAVE_SYS_SOCKET_H 1
| #define HAVE_SYS_CDEFS_H 1
| #define HAVE_NET_IF_H 1
| /* end confdefs.h.  */
| #include <net/if_ether.h>
configure:3549: result: no
configure:3577: checking for net/if_ether.h
configure:3585: result: no
configure:3473: checking net/if_types.h usability
configure:3490: gcc -c -g -O2  conftest.c >&5
conftest.c:71:26: net/if_types.h: No such file or directory
configure:3496: $? = 1
configure: failed program was:
| /* confdefs.h.  */
| #define PACKAGE_NAME ""
| #define PACKAGE_TARNAME ""
| #define PACKAGE_VERSION ""
| #define PACKAGE_STRING ""
| #define PACKAGE_BUGREPORT ""
| #define STDC_HEADERS 1
| #define HAVE_SYS_WAIT_H 1
| #define HAVE_SYS_TYPES_H 1
| #define HAVE_SYS_STAT_H 1
| #define HAVE_STDLIB_H 1
| #define HAVE_STRING_H 1
| #define HAVE_MEMORY_H 1
| #define HAVE_STRINGS_H 1
| #define HAVE_INTTYPES_H 1
| #define HAVE_STDINT_H 1
| #define HAVE_UNISTD_H 1
| #define HAVE_FCNTL_H 1
| #define HAVE_SYS_IOCTL_H 1
| #define HAVE_SYS_TIME_H 1
| #define HAVE_SYSLOG_H 1
| #define HAVE_UNISTD_H 1
| #define HAVE_NET_IF_ARP_H 1
| #define HAVE_NETINET_IF_ETHER_H 1
| #define HAVE_GETOPT_H 1
| #define HAVE_SYS_UIO_H 1
| #define HAVE_SYS_PARAM_H 1
| #define HAVE_FCNTL_H 1
| #define HAVE_NETPACKET_PACKET_H 1
| #define HAVE_NET_ETHERNET_H 1
| #define HAVE_ASM_TYPES_H 1
| #define HAVE_LINUX_IF_PACKET_H 1
| #define HAVE_LINUX_IF_ETHER_H 1
| #define HAVE_SYS_SOCKET_H 1
| #define HAVE_SYS_CDEFS_H 1
| #define HAVE_NET_IF_H 1
| /* end confdefs.h.  */
| #include <stdio.h>
| #ifdef HAVE_SYS_TYPES_H
| # include <sys/types.h>
| #endif
| #ifdef HAVE_SYS_STAT_H
| # include <sys/stat.h>
| #endif
| #ifdef STDC_HEADERS
| # include <stdlib.h>
| # include <stddef.h>
| #else
| # ifdef HAVE_STDLIB_H
| #  include <stdlib.h>
| # endif
| #endif
| #ifdef HAVE_STRING_H
| # if !defined STDC_HEADERS && defined HAVE_MEMORY_H
| #  include <memory.h>
| # endif
| # include <string.h>
| #endif
| #ifdef HAVE_STRINGS_H
| # include <strings.h>
| #endif
| #ifdef HAVE_INTTYPES_H
| # include <inttypes.h>
| #endif
| #ifdef HAVE_STDINT_H
| # include <stdint.h>
| #endif
| #ifdef HAVE_UNISTD_H
| # include <unistd.h>
| #endif
| #include <net/if_types.h>
configure:3510: result: no
configure:3514: checking net/if_types.h presence
configure:3529: gcc -E  conftest.c
conftest.c:38:26: net/if_types.h: No such file or directory
configure:3535: $? = 1
configure: failed program was:
| /* confdefs.h.  */
| #define PACKAGE_NAME ""
| #define PACKAGE_TARNAME ""
| #define PACKAGE_VERSION ""
| #define PACKAGE_STRING ""
| #define PACKAGE_BUGREPORT ""
| #define STDC_HEADERS 1
| #define HAVE_SYS_WAIT_H 1
| #define HAVE_SYS_TYPES_H 1
| #define HAVE_SYS_STAT_H 1
| #define HAVE_STDLIB_H 1
| #define HAVE_STRING_H 1
| #define HAVE_MEMORY_H 1
| #define HAVE_STRINGS_H 1
| #define HAVE_INTTYPES_H 1
| #define HAVE_STDINT_H 1
| #define HAVE_UNISTD_H 1
| #define HAVE_FCNTL_H 1
| #define HAVE_SYS_IOCTL_H 1
| #define HAVE_SYS_TIME_H 1
| #define HAVE_SYSLOG_H 1
| #define HAVE_UNISTD_H 1
| #define HAVE_NET_IF_ARP_H 1
| #define HAVE_NETINET_IF_ETHER_H 1
| #define HAVE_GETOPT_H 1
| #define HAVE_SYS_UIO_H 1
| #define HAVE_SYS_PARAM_H 1
| #define HAVE_FCNTL_H 1
| #define HAVE_NETPACKET_PACKET_H 1
| #define HAVE_NET_ETHERNET_H 1
| #define HAVE_ASM_TYPES_H 1
| #define HAVE_LINUX_IF_PACKET_H 1
| #define HAVE_LINUX_IF_ETHER_H 1
| #define HAVE_SYS_SOCKET_H 1
| #define HAVE_SYS_CDEFS_H 1
| #define HAVE_NET_IF_H 1
| /* end confdefs.h.  */
| #include <net/if_types.h>
configure:3549: result: no
configure:3577: checking for net/if_types.h
configure:3585: result: no
configure:3463: checking for netinet/if_ether.h
configure:3469: result: yes
configure:3463: checking for net/if_types.h
configure:3469: result: no
configure:3463: checking for net/if_dl.h
configure:3469: result: no
configure:3602: checking for linux/if.h
configure:3623: gcc -c -g -O2  conftest.c >&5
configure:3629: $? = 0
configure:3645: result: yes
configure:3660: checking for linux/if_pppox.h
configure:3686: gcc -c -g -O2  conftest.c >&5
configure:3692: $? = 0
configure:3708: result: yes
configure:3720: checking for an ANSI C-conforming const
configure:3795: gcc -c -g -O2  conftest.c >&5
configure:3801: $? = 0
configure:3816: result: yes
configure:3826: checking for pid_t
configure:3856: gcc -c -g -O2  conftest.c >&5
configure:3862: $? = 0
configure:3877: result: yes
configure:3889: checking whether time.h and sys/time.h may both be included
configure:3919: gcc -c -g -O2  conftest.c >&5
configure:3925: $? = 0
configure:3940: result: yes
configure:3950: checking whether struct tm is in sys/time.h or time.h
configure:3980: gcc -c -g -O2  conftest.c >&5
configure:3986: $? = 0
configure:4001: result: time.h
configure:4012: checking for struct sockaddr_ll
configure:4038: gcc -c -g -O2  conftest.c >&5
configure:4044: $? = 0
configure:4058: result: yes
configure:4068: checking for N_HDLC line discipline
configure:4091: gcc -c -g -O2  conftest.c >&5
configure:4097: $? = 0
configure:4111: result: yes
configure:4209: checking for working memcmp
configure:4262: gcc -o conftest -g -O2   conftest.c  >&5
configure:4265: $? = 0
configure:4271: ./conftest
configure:4274: $? = 0
configure:4290: result: yes
configure:4299: checking for function prototypes
configure:4302: result: yes
configure:4319: checking whether setvbuf arguments are reversed
configure:4349: gcc -o conftest -g -O2   conftest.c  >&5
conftest.c:49: error: conflicting types for 'setvbuf'
/usr/include/stdio.h:304: error: previous declaration of 'setvbuf' was here
conftest.c:49: error: conflicting types for 'setvbuf'
/usr/include/stdio.h:304: error: previous declaration of 'setvbuf' was here
configure:4355: $? = 1
configure: failed program was:
| /* confdefs.h.  */
| #define PACKAGE_NAME ""
| #define PACKAGE_TARNAME ""
| #define PACKAGE_VERSION ""
| #define PACKAGE_STRING ""
| #define PACKAGE_BUGREPORT ""
| #define STDC_HEADERS 1
| #define HAVE_SYS_WAIT_H 1
| #define HAVE_SYS_TYPES_H 1
| #define HAVE_SYS_STAT_H 1
| #define HAVE_STDLIB_H 1
| #define HAVE_STRING_H 1
| #define HAVE_MEMORY_H 1
| #define HAVE_STRINGS_H 1
| #define HAVE_INTTYPES_H 1
| #define HAVE_STDINT_H 1
| #define HAVE_UNISTD_H 1
| #define HAVE_FCNTL_H 1
| #define HAVE_SYS_IOCTL_H 1
| #define HAVE_SYS_TIME_H 1
| #define HAVE_SYSLOG_H 1
| #define HAVE_UNISTD_H 1
| #define HAVE_NET_IF_ARP_H 1
| #define HAVE_NETINET_IF_ETHER_H 1
| #define HAVE_GETOPT_H 1
| #define HAVE_SYS_UIO_H 1
| #define HAVE_SYS_PARAM_H 1
| #define HAVE_FCNTL_H 1
| #define HAVE_NETPACKET_PACKET_H 1
| #define HAVE_NET_ETHERNET_H 1
| #define HAVE_ASM_TYPES_H 1
| #define HAVE_LINUX_IF_PACKET_H 1
| #define HAVE_LINUX_IF_ETHER_H 1
| #define HAVE_SYS_SOCKET_H 1
| #define HAVE_SYS_CDEFS_H 1
| #define HAVE_NET_IF_H 1
| #define HAVE_NETINET_IF_ETHER_H 1
| #define HAVE_LINUX_IF_H 1
| #define HAVE_LINUX_IF_PPPOX_H 1
| #define TIME_WITH_SYS_TIME 1
| #define HAVE_STRUCT_SOCKADDR_LL 1
| #define HAVE_N_HDLC 1
| #define DEBUGGING_ENABLED 1
| #define PROTOTYPES 1
| #define __PROTOTYPES 1
| /* end confdefs.h.  */
| #include <stdio.h>
| #	  ifdef PROTOTYPES
| 	   int (setvbuf) (FILE *, int, char *, size_t);
| #	  endif
| int
| main ()
| {
| char buf; return setvbuf (stdout, _IOLBF, &buf, 1);
|   ;
|   return 0;
| }
configure:4476: result: no
configure:4486: checking return type of signal handlers
configure:4514: gcc -c -g -O2  conftest.c >&5
conftest.c: In function `main':
conftest.c:53: error: void value not ignored as it ought to be
configure:4520: $? = 1
configure: failed program was:
| /* confdefs.h.  */
| #define PACKAGE_NAME ""
| #define PACKAGE_TARNAME ""
| #define PACKAGE_VERSION ""
| #define PACKAGE_STRING ""
| #define PACKAGE_BUGREPORT ""
| #define STDC_HEADERS 1
| #define HAVE_SYS_WAIT_H 1
| #define HAVE_SYS_TYPES_H 1
| #define HAVE_SYS_STAT_H 1
| #define HAVE_STDLIB_H 1
| #define HAVE_STRING_H 1
| #define HAVE_MEMORY_H 1
| #define HAVE_STRINGS_H 1
| #define HAVE_INTTYPES_H 1
| #define HAVE_STDINT_H 1
| #define HAVE_UNISTD_H 1
| #define HAVE_FCNTL_H 1
| #define HAVE_SYS_IOCTL_H 1
| #define HAVE_SYS_TIME_H 1
| #define HAVE_SYSLOG_H 1
| #define HAVE_UNISTD_H 1
| #define HAVE_NET_IF_ARP_H 1
| #define HAVE_NETINET_IF_ETHER_H 1
| #define HAVE_GETOPT_H 1
| #define HAVE_SYS_UIO_H 1
| #define HAVE_SYS_PARAM_H 1
| #define HAVE_FCNTL_H 1
| #define HAVE_NETPACKET_PACKET_H 1
| #define HAVE_NET_ETHERNET_H 1
| #define HAVE_ASM_TYPES_H 1
| #define HAVE_LINUX_IF_PACKET_H 1
| #define HAVE_LINUX_IF_ETHER_H 1
| #define HAVE_SYS_SOCKET_H 1
| #define HAVE_SYS_CDEFS_H 1
| #define HAVE_NET_IF_H 1
| #define HAVE_NETINET_IF_ETHER_H 1
| #define HAVE_LINUX_IF_H 1
| #define HAVE_LINUX_IF_PPPOX_H 1
| #define TIME_WITH_SYS_TIME 1
| #define HAVE_STRUCT_SOCKADDR_LL 1
| #define HAVE_N_HDLC 1
| #define DEBUGGING_ENABLED 1
| #define PROTOTYPES 1
| #define __PROTOTYPES 1
| /* end confdefs.h.  */
| #include <sys/types.h>
| #include <signal.h>
| 
| int
| main ()
| {
| return *(signal (0, 0)) (0) == 1;
|   ;
|   return 0;
| }
configure:4535: result: void
configure:4550: checking for select
configure:4606: gcc -o conftest -g -O2   conftest.c  >&5
configure:4612: $? = 0
configure:4630: result: yes
configure:4550: checking for socket
configure:4606: gcc -o conftest -g -O2   conftest.c  >&5
configure:4612: $? = 0
configure:4630: result: yes
configure:4550: checking for strerror
configure:4606: gcc -o conftest -g -O2   conftest.c  >&5
configure:4612: $? = 0
configure:4630: result: yes
configure:4550: checking for strtol
configure:4606: gcc -o conftest -g -O2   conftest.c  >&5
configure:4612: $? = 0
configure:4630: result: yes
configure:4684: checking for a BSD-compatible install
configure:4740: result: /usr/bin/install -c
configure:4752: checking for unsigned short
configure:4782: gcc -c -g -O2  conftest.c >&5
configure:4788: $? = 0
configure:4803: result: yes
configure:4810: checking size of unsigned short
configure:5112: gcc -o conftest -g -O2   conftest.c  >&5
configure:5115: $? = 0
configure:5121: ./conftest
configure:5124: $? = 0
configure:5147: result: 2
configure:5157: checking for unsigned int
configure:5187: gcc -c -g -O2  conftest.c >&5
configure:5193: $? = 0
configure:5208: result: yes
configure:5215: checking size of unsigned int
configure:5517: gcc -o conftest -g -O2   conftest.c  >&5
configure:5520: $? = 0
configure:5526: ./conftest
configure:5529: $? = 0
configure:5552: result: 4
configure:5562: checking for unsigned long
configure:5592: gcc -c -g -O2  conftest.c >&5
configure:5598: $? = 0
configure:5613: result: yes
configure:5620: checking size of unsigned long
configure:5922: gcc -o conftest -g -O2   conftest.c  >&5
configure:5925: $? = 0
configure:5931: ./conftest
configure:5934: $? = 0
configure:5957: result: 4
configure:5970: checking for pppd
configure:5989: found /usr/sbin/pppd
configure:6002: result: /usr/sbin/pppd
configure:6012: checking for echo
configure:6030: found /bin/echo
configure:6043: result: /bin/echo
configure:6054: checking for setsid
configure:6073: found /usr/bin/setsid
configure:6086: result: /usr/bin/setsid
configure:6097: checking for id
configure:6116: found /usr/bin/id
configure:6129: result: /usr/bin/id
configure:6138: checking for Linux 2.4.X kernel-mode PPPoE support
configure:6179: gcc -o conftest -g -O2   conftest.c  >&5
configure:6182: $? = 0
configure:6188: ./conftest
configure:6191: $? = 0
configure:6213: result: yes
configure:6272: checking packing order of bit fields
configure:6313: gcc -o conftest -g -O2 -Wall -Wstrict-prototypes   conftest.c  >&5
configure:6316: $? = 0
configure:6322: ./conftest
configure:6325: $? = 1
configure: program exited with status 1
configure: failed program was:
| /* confdefs.h.  */
| #define PACKAGE_NAME ""
| #define PACKAGE_TARNAME ""
| #define PACKAGE_VERSION ""
| #define PACKAGE_STRING ""
| #define PACKAGE_BUGREPORT ""
| #define STDC_HEADERS 1
| #define HAVE_SYS_WAIT_H 1
| #define HAVE_SYS_TYPES_H 1
| #define HAVE_SYS_STAT_H 1
| #define HAVE_STDLIB_H 1
| #define HAVE_STRING_H 1
| #define HAVE_MEMORY_H 1
| #define HAVE_STRINGS_H 1
| #define HAVE_INTTYPES_H 1
| #define HAVE_STDINT_H 1
| #define HAVE_UNISTD_H 1
| #define HAVE_FCNTL_H 1
| #define HAVE_SYS_IOCTL_H 1
| #define HAVE_SYS_TIME_H 1
| #define HAVE_SYSLOG_H 1
| #define HAVE_UNISTD_H 1
| #define HAVE_NET_IF_ARP_H 1
| #define HAVE_NETINET_IF_ETHER_H 1
| #define HAVE_GETOPT_H 1
| #define HAVE_SYS_UIO_H 1
| #define HAVE_SYS_PARAM_H 1
| #define HAVE_FCNTL_H 1
| #define HAVE_NETPACKET_PACKET_H 1
| #define HAVE_NET_ETHERNET_H 1
| #define HAVE_ASM_TYPES_H 1
| #define HAVE_LINUX_IF_PACKET_H 1
| #define HAVE_LINUX_IF_ETHER_H 1
| #define HAVE_SYS_SOCKET_H 1
| #define HAVE_SYS_CDEFS_H 1
| #define HAVE_NET_IF_H 1
| #define HAVE_NETINET_IF_ETHER_H 1
| #define HAVE_LINUX_IF_H 1
| #define HAVE_LINUX_IF_PPPOX_H 1
| #define TIME_WITH_SYS_TIME 1
| #define HAVE_STRUCT_SOCKADDR_LL 1
| #define HAVE_N_HDLC 1
| #define DEBUGGING_ENABLED 1
| #define PROTOTYPES 1
| #define __PROTOTYPES 1
| #define RETSIGTYPE void
| #define HAVE_SELECT 1
| #define HAVE_SOCKET 1
| #define HAVE_STRERROR 1
| #define HAVE_STRTOL 1
| #define SIZEOF_UNSIGNED_SHORT 2
| #define SIZEOF_UNSIGNED_INT 4
| #define SIZEOF_UNSIGNED_LONG 4
| /* end confdefs.h.  */
| 
| union foo {
|     struct bar {
| 	unsigned int ver:4;
| 	unsigned int type:4;
|     } bb;
|     unsigned char baz;
| };
| 
| int
| main(void)
| {
|     union foo x;
|     x.bb.ver = 1;
|     x.bb.type = 2;
|     if (x.baz == 0x21) {
| 	return 1;
|     } else if (x.baz == 0x12) {
| 	return 0;
|     } else {
| 	return 2;
|     }
| }
configure:6342: result: reversed
configure:6518: creating ./config.status

## ---------------------- ##
## Running config.status. ##
## ---------------------- ##

This file was extended by config.status, which was
generated by GNU Autoconf 2.61.  Invocation command line was

  CONFIG_FILES    = 
  CONFIG_HEADERS  = 
  CONFIG_LINKS    = 
  CONFIG_COMMANDS = 
  $ ./config.status 

on sswlinux2_nj

config.status:626: creating Makefile
config.status:761: WARNING:  Makefile.in seems to ignore the --datarootdir setting
config.status:626: creating libevent/Makefile
config.status:626: creating ../scripts/pppoe-connect
config.status:626: creating ../scripts/pppoe-start
config.status:626: creating ../scripts/pppoe-stop
config.status:626: creating ../scripts/pppoe-init
config.status:626: creating ../scripts/pppoe-init-suse
config.status:626: creating ../scripts/pppoe-init-turbolinux
config.status:626: creating ../scripts/pppoe-setup
config.status:626: creating ../gui/Makefile
config.status:761: WARNING:  ../gui/Makefile.in seems to ignore the --datarootdir setting
config.status:626: creating ../gui/tkpppoe
config.status:626: creating config.h
configure:7549: result: On this platform, the following targets will be built:
configure:7551: result: pppoe pppoe-server pppoe-sniff pppoe-relay
configure:7553: result: Type 'make' to compile the software.

## ---------------- ##
## Cache variables. ##
## ---------------- ##

ac_cv_c_compiler_gnu=yes
ac_cv_c_const=yes
ac_cv_debugging=yes
ac_cv_env_CC_set=set
ac_cv_env_CC_value=gcc
ac_cv_env_CFLAGS_set=
ac_cv_env_CFLAGS_value=
ac_cv_env_CPPFLAGS_set=
ac_cv_env_CPPFLAGS_value=
ac_cv_env_CPP_set=
ac_cv_env_CPP_value=
ac_cv_env_LDFLAGS_set=
ac_cv_env_LDFLAGS_value=
ac_cv_env_LIBS_set=
ac_cv_env_LIBS_value=
ac_cv_env_build_alias_set=
ac_cv_env_build_alias_value=
ac_cv_env_host_alias_set=
ac_cv_env_host_alias_value=
ac_cv_env_target_alias_set=
ac_cv_env_target_alias_value=
ac_cv_func_memcmp_working=yes
ac_cv_func_select=yes
ac_cv_func_setvbuf_reversed=no
ac_cv_func_socket=yes
ac_cv_func_strerror=yes
ac_cv_func_strtol=yes
ac_cv_header_asm_types_h=yes
ac_cv_header_fcntl_h=yes
ac_cv_header_getopt_h=yes
ac_cv_header_inttypes_h=yes
ac_cv_header_linux_if_ether_h=yes
ac_cv_header_linux_if_h=yes
ac_cv_header_linux_if_packet_h=yes
ac_cv_header_linux_if_pppox_h=yes
ac_cv_header_memory_h=yes
ac_cv_header_net_bpf_h=no
ac_cv_header_net_ethernet_h=yes
ac_cv_header_net_if_arp_h=yes
ac_cv_header_net_if_dl_h=no
ac_cv_header_net_if_ether_h=no
ac_cv_header_net_if_h=yes
ac_cv_header_net_if_types_h=no
ac_cv_header_netinet_if_ether_h=yes
ac_cv_header_netpacket_packet_h=yes
ac_cv_header_stdc=yes
ac_cv_header_stdint_h=yes
ac_cv_header_stdlib_h=yes
ac_cv_header_string_h=yes
ac_cv_header_strings_h=yes
ac_cv_header_sys_cdefs_h=yes
ac_cv_header_sys_dlpi_h=no
ac_cv_header_sys_ioctl_h=yes
ac_cv_header_sys_param_h=yes
ac_cv_header_sys_socket_h=yes
ac_cv_header_sys_stat_h=yes
ac_cv_header_sys_time_h=yes
ac_cv_header_sys_types_h=yes
ac_cv_header_sys_uio_h=yes
ac_cv_header_sys_wait_h=yes
ac_cv_header_syslog_h=yes
ac_cv_header_time=yes
ac_cv_header_unistd_h=yes
ac_cv_licpath=no
ac_cv_linux_kernel_pppoe=yes
ac_cv_n_hdlc=yes
ac_cv_objext=o
ac_cv_path_ECHO=/bin/echo
ac_cv_path_EGREP='/bin/grep -E'
ac_cv_path_GREP=/bin/grep
ac_cv_path_ID=/usr/bin/id
ac_cv_path_PPPD=/usr/sbin/pppd
ac_cv_path_SETSID=/usr/bin/setsid
ac_cv_path_install='/usr/bin/install -c'
ac_cv_pluginpath=no
ac_cv_prog_CPP='gcc -E'
ac_cv_prog_ac_ct_CC=gcc
ac_cv_prog_ac_ct_RANLIB=ranlib
ac_cv_prog_cc_c89=
ac_cv_prog_cc_g=yes
ac_cv_sizeof_unsigned_int=4
ac_cv_sizeof_unsigned_long=4
ac_cv_sizeof_unsigned_short=2
ac_cv_struct_sockaddr_ll=yes
ac_cv_struct_tm=time.h
ac_cv_type_pid_t=yes
ac_cv_type_signal=void
ac_cv_type_unsigned_int=yes
ac_cv_type_unsigned_long=yes
ac_cv_type_unsigned_short=yes
rpppoe_cv_pack_bitfields=rev

## ----------------- ##
## Output variables. ##
## ----------------- ##

CC='gcc'
CFLAGS='-g -O2 -Wall -Wstrict-prototypes'
CPP='gcc -E'
CPPFLAGS=''
DEFS='-DHAVE_CONFIG_H'
ECHO='/bin/echo'
ECHO_C=''
ECHO_N='-n'
ECHO_T=''
EGREP='/bin/grep -E'
EXEEXT=''
GREP='/bin/grep'
ID='/usr/bin/id'
INSTALL_DATA='${INSTALL} -m 644'
INSTALL_PROGRAM='${INSTALL}'
INSTALL_SCRIPT='${INSTALL}'
LDFLAGS=''
LIBEVENT='../libevent'
LIBOBJS=''
LIBS=''
LIC_DEFINE=''
LIC_INCDIR=''
LIC_LIB=''
LIC_LIBDIR=''
LIC_MAKEFILE_INCLUDE=''
LINUX_KERNELMODE_PLUGIN=''
LTLIBOBJS=''
OBJEXT='o'
PACKAGE_BUGREPORT=''
PACKAGE_NAME=''
PACKAGE_STRING=''
PACKAGE_TARNAME=''
PACKAGE_VERSION=''
PATH_SEPARATOR=':'
PPPD='/usr/sbin/pppd'
PPPD_H=''
PPPD_INCDIR='/usr/include'
PPPOE_RELAY='pppoe-relay'
PPPOE_SERVER_DEPS=''
RANLIB='ranlib'
RDYNAMIC=''
SETSID='/usr/bin/setsid'
SHELL='/bin/sh'
TARGETS='pppoe pppoe-server pppoe-sniff pppoe-relay'
WRAPPER='/usr/sbin/pppoe-wrapper'
ac_ct_CC='gcc'
bindir='${exec_prefix}/bin'
build_alias=''
datadir='${datarootdir}'
datadir_evaluated='${prefix}/share'
datarootdir='${prefix}/share'
docdir='${datarootdir}/doc/${PACKAGE}'
dvidir='${docdir}'
exec_prefix='${prefix}'
host_alias=''
htmldir='${docdir}'
includedir='${prefix}/include'
infodir='${datarootdir}/info'
libdir='${exec_prefix}/lib'
libexecdir='${exec_prefix}/libexec'
localedir='${datarootdir}/locale'
localstatedir='${prefix}/var'
mandir='${datarootdir}/man'
oldincludedir='/usr/include'
pdfdir='${docdir}'
prefix='/usr'
program_transform_name='s,x,x,'
psdir='${docdir}'
sbindir='${exec_prefix}/sbin'
sharedstatedir='${prefix}/com'
sysconfdir='${prefix}/etc'
target_alias=''

## ----------- ##
## confdefs.h. ##
## ----------- ##

#define PACKAGE_NAME ""
#define PACKAGE_TARNAME ""
#define PACKAGE_VERSION ""
#define PACKAGE_STRING ""
#define PACKAGE_BUGREPORT ""
#define STDC_HEADERS 1
#define HAVE_SYS_WAIT_H 1
#define HAVE_SYS_TYPES_H 1
#define HAVE_SYS_STAT_H 1
#define HAVE_STDLIB_H 1
#define HAVE_STRING_H 1
#define HAVE_MEMORY_H 1
#define HAVE_STRINGS_H 1
#define HAVE_INTTYPES_H 1
#define HAVE_STDINT_H 1
#define HAVE_UNISTD_H 1
#define HAVE_FCNTL_H 1
#define HAVE_SYS_IOCTL_H 1
#define HAVE_SYS_TIME_H 1
#define HAVE_SYSLOG_H 1
#define HAVE_UNISTD_H 1
#define HAVE_NET_IF_ARP_H 1
#define HAVE_NETINET_IF_ETHER_H 1
#define HAVE_GETOPT_H 1
#define HAVE_SYS_UIO_H 1
#define HAVE_SYS_PARAM_H 1
#define HAVE_FCNTL_H 1
#define HAVE_NETPACKET_PACKET_H 1
#define HAVE_NET_ETHERNET_H 1
#define HAVE_ASM_TYPES_H 1
#define HAVE_LINUX_IF_PACKET_H 1
#define HAVE_LINUX_IF_ETHER_H 1
#define HAVE_SYS_SOCKET_H 1
#define HAVE_SYS_CDEFS_H 1
#define HAVE_NET_IF_H 1
#define HAVE_NETINET_IF_ETHER_H 1
#define HAVE_LINUX_IF_H 1
#define HAVE_LINUX_IF_PPPOX_H 1
#define TIME_WITH_SYS_TIME 1
#define HAVE_STRUCT_SOCKADDR_LL 1
#define HAVE_N_HDLC 1
#define DEBUGGING_ENABLED 1
#define PROTOTYPES 1
#define __PROTOTYPES 1
#define RETSIGTYPE void
#define HAVE_SELECT 1
#define HAVE_SOCKET 1
#define HAVE_STRERROR 1
#define HAVE_STRTOL 1
#define SIZEOF_UNSIGNED_SHORT 2
#define SIZEOF_UNSIGNED_INT 4
#define SIZEOF_UNSIGNED_LONG 4
#define PACK_BITFIELDS_REVERSED 1

configure: exit 0
